            --------------------------------------------------------
                             AMBER SQM VERSION 19
 
                                     By
              Ross C. Walker, Michael F. Crowley, Scott Brozell,
                         Tim Giese, Andreas W. Goetz,
                        Tai-Sung Lee and David A. Case
 
            --------------------------------------------------------
 

--------------------------------------------------------------------------------
  QM CALCULATION INFO
--------------------------------------------------------------------------------

| QMMM: Citation for AMBER QMMM Run:
| QMMM: R.C. Walker, M.F. Crowley and D.A. Case, J. COMP. CHEM. 29:1019, 2008

QMMM: SINGLET STATE CALCULATION
QMMM: RHF CALCULATION, NO. OF DOUBLY OCCUPIED LEVELS = 98

| QMMM: *** Selected Hamiltonian *** 
| QMMM: AM1         

| QMMM: *** Parameter sets in use ***
| QMMM: C : M.J.S.DEWAR et al. JACS, 107, 3902, (1985)
| QMMM: F : M.J.S.DEWAR et al. THEOCHEM, 180, 1, (1988)
| QMMM: O : M.J.S.DEWAR et al. JACS, 107, 3902, (1985)
| QMMM: S : M.J.S.DEWAR et al. INORG. CHEM., 29, 3881, (1990)
| QMMM: N : M.J.S.DEWAR et al. JACS, 107, 3902, (1985)
| QMMM: P : M.J.S.DEWAR et al. THEOCHEM, 187,1, (1989)
| QMMM: H : M.J.S.DEWAR et al. JACS, 107, 3902, (1985)

| QMMM: *** SCF convergence criteria ***
| QMMM: Energy change                :  0.1D-09 kcal/mol
| QMMM: Error matrix |FP-PF|         :  0.1D+00 au
| QMMM: Density matrix change        :  0.5D-06
| QMMM: Maximum number of SCF cycles :     1000

| QMMM: *** Diagonalization Routine Information ***
| QMMM: Pseudo diagonalizations are allowed.
| QMMM: Auto diagonalization routine selection is in use.
| QMMM:
| QMMM: Timing diagonalization routines:
| QMMM:                              norbs =      155
| QMMM:    diag iterations used for timing =        5
| QMMM:
| QMMM:              Internal diag routine = 0.028234 seconds
| QMMM:                 Dspev diag routine = 0.024546 seconds
| QMMM:                Dspevd diag routine = 0.012267 seconds
| QMMM:                Dspevx diag routine = 0.067147 seconds
| QMMM:                 Dsyev diag routine = 0.022911 seconds
| QMMM:                Dsyevd diag routine = 0.009542 seconds
| QMMM:                Dsyevr diag routine = 0.015504 seconds
| QMMM:
| QMMM:                Pseudo diag routine = 0.011242 seconds
| QMMM: Pseudo diagonalization appears to be slower than regular
| QMMM: diagonalization. Setting pseudo_diag=0 for optimum performance.
| QMMM:
| QMMM: Using dsyevd routine (diag_routine=6).

  QMMM: QM Region Cartesian Coordinates (*=link atom) 
  QMMM: QM_NO.   MM_NO.  ATOM         X         Y         Z
  QMMM:     1        1      C      -34.8690  -36.1160   22.1480
  QMMM:     2        2      F      -36.1540  -36.4730   20.1620
  QMMM:     3        3      F      -36.7790  -34.8580   21.4740
  QMMM:     4        4      C      -34.5900  -37.5350   22.5700
  QMMM:     5        5      C      -36.2170  -36.1010   21.4700
  QMMM:     6        6      F      -37.1210  -36.9180   22.0730
  QMMM:     7        7      O      -34.1000  -35.6150   21.3280
  QMMM:     8        8      O      -35.2550  -38.1390   23.3840
  QMMM:     9        9      O      -33.5150  -38.0250   21.9200
  QMMM:    10       10      S      -36.2720  -34.7160   24.3470
  QMMM:    11       11      C      -34.8940  -35.2570   23.4880
  QMMM:    12       12      N      -33.7830  -34.9240   24.1600
  QMMM:    13       13      C      -34.0010  -34.3440   25.4180
  QMMM:    14       14      C      -35.3210  -34.1790   25.7170
  QMMM:    15       15      C      -35.9340  -33.8010   27.0350
  QMMM:    16       16      C      -36.3500  -32.3330   27.2100
  QMMM:    17       17      O      -36.7310  -32.1600   28.5720
  QMMM:    18       18      P      -37.9530  -31.0950   28.8900
  QMMM:    19       19      P      -39.9260  -33.3190   28.5480
  QMMM:    20       20      N      -30.0570  -32.1440   23.5990
  QMMM:    21       21      O      -37.7090  -29.7570   28.2890
  QMMM:    22       22      O      -40.1170  -33.2440   30.1020
  QMMM:    23       23      C      -30.6410  -31.3390   22.6960
  QMMM:    24       24      O      -38.0540  -31.1230   30.4270
  QMMM:    25       25      O      -38.8860  -34.3810   28.1180
  QMMM:    26       26      N      -31.7550  -31.6280   22.0360
  QMMM:    27       27      O      -39.2200  -31.7970   28.2050
  QMMM:    28       28      O      -41.1570  -33.3660   27.7150
  QMMM:    29       29      C      -32.3760  -32.8190   22.2550
  QMMM:    30       30      N      -33.4870  -33.0760   21.5700
  QMMM:    31       31      C      -31.8270  -33.7300   23.2130
  QMMM:    32       32      C      -30.6720  -33.3160   23.8290
  QMMM:    33       33      C      -32.4170  -35.0620   23.5920
  QMMM:    34       34      C      -30.0120  -30.0070   22.4190
  QMMM:    35       35      C      -32.8490  -34.0990   26.3250
  QMMM:    36       36      H      -36.8260  -34.4040   27.2360
  QMMM:    37       37      H      -35.2070  -34.0360   27.8210
  QMMM:    38       38      H      -35.5180  -31.6540   26.9910
  QMMM:    39       39      H      -37.1790  -32.0970   26.5310
  QMMM:    40       40      H      -33.8070  -32.3690   20.9160
  QMMM:    41       41      H      -33.8150  -34.0880   21.4480
  QMMM:    42       42      H      -30.1990  -33.9640   24.5680
  QMMM:    43       43      H      -32.5130  -35.7450   22.7470
  QMMM:    44       44      H      -31.7820  -35.5340   24.3480
  QMMM:    45       45      H      -30.0160  -29.3950   23.3260
  QMMM:    46       46      H      -30.5450  -29.4810   21.6270
  QMMM:    47       47      H      -28.9650  -30.1280   22.1320
  QMMM:    48       48      H      -32.2550  -35.0140   26.4320
  QMMM:    49       49      H      -33.2130  -33.8000   27.3080
  QMMM:    50       50      H      -32.1910  -33.3070   25.9540

--------------------------------------------------------------------------------
  RESULTS
--------------------------------------------------------------------------------

      iter         sqm energy              rms gradient
      ----    -------------------    -----------------------
xmin    10     -453.8012 kcal/mol        4.9450 kcal/(mol*A)
xmin    20     -457.0311 kcal/mol        0.3473 kcal/(mol*A)
xmin    30     -457.8893 kcal/mol        1.1993 kcal/(mol*A)
xmin    40     -458.4170 kcal/mol        0.3850 kcal/(mol*A)
xmin    50     -458.4714 kcal/mol        0.0333 kcal/(mol*A)
xmin    60     -458.4825 kcal/mol        0.0163 kcal/(mol*A)
xmin    70     -458.4834 kcal/mol        0.0045 kcal/(mol*A)
xmin    80     -458.4836 kcal/mol        0.0055 kcal/(mol*A)
xmin    90     -458.4836 kcal/mol        0.0057 kcal/(mol*A)
xmin   100     -458.4836 kcal/mol        0.0014 kcal/(mol*A)
  ... geometry converged !
 
 Final MO eigenvalues (eV):
 -42.4996  -39.1272  -39.0206  -33.5671  -32.4322  -29.1660  -28.9066  -27.4838
 -26.9855  -26.4540  -25.0265  -24.6378  -24.3791  -23.6059  -21.9451  -21.3329
 -20.7176  -20.3973  -20.3371  -19.4294  -19.3496  -18.7477  -18.6865  -17.4412
 -16.9937  -16.6150  -15.3053  -14.4150  -13.3703  -11.7966  -11.5151  -11.0849
 -10.7292  -10.6020   -9.9645   -9.8886   -9.1957   -8.8521   -8.8256   -8.6602
  -8.4177   -7.9155   -7.2684   -7.1539   -7.1131   -6.8261   -6.7224   -6.5599
  -6.3807   -6.1296   -6.0477   -6.0393   -5.8633   -5.7287   -5.5462   -5.3675
  -5.3013   -5.2485   -5.1118   -5.0666   -4.8143   -4.7961   -4.6999   -4.2997
  -4.1355   -4.0520   -3.7273   -3.4361   -3.2923   -3.1521   -2.8999   -2.5273
  -1.9931   -1.8910   -1.8390   -1.6510   -1.5315   -1.1571   -0.7604   -0.5351
  -0.5020   -0.4115   -0.3202   -0.1784    0.3567    0.7914    0.9425    1.1113
   1.2111    1.5071    1.8197    1.9045    2.4525    3.1915    3.2166    3.2557
   3.3472    3.3613    7.0963    7.5466    7.9061    8.4961    9.0220    9.1667
   9.5750    9.6465    9.8803   10.0678   10.3239   10.6293   10.7009   10.8122
  10.9653   11.1486   11.3162   11.6019   11.6882   11.9328   12.1613   12.3382
  12.3875   12.4956   12.6284   12.6729   12.7668   12.7848   12.8356   13.0078
  13.0242   13.1791   13.4068   13.5557   13.5978   13.6843   13.7827   13.9105
  14.0831   14.3288   14.6044   14.7842   14.9550   15.4284   15.6411   15.8552
  16.3295   16.4436   16.8790   17.8273   18.0906   19.0374   19.7885   20.8595
  21.3370   22.3038   22.3203

 Heat of formation   =       -458.48363560 kcal/mol  (      -19.88134234 eV)

 Total SCF energy    =    -185953.08544870 kcal/mol  (    -8063.53087241 eV)
 Electronic energy   =   -1411320.91504611 kcal/mol  (   -61199.46728442 eV)
 Core-core repulsion =    1225367.82959741 kcal/mol  (    53135.93641201 eV)
 
    Atomic Charges for Step       1 :
  Atom    Element       Mulliken Charge
     1      C                  0.221
     2      F                 -0.199
     3      F                 -0.235
     4      C                  0.322
     5      C                  0.327
     6      F                 -0.202
     7      O                 -0.662
     8      O                 -0.557
     9      O                 -0.595
    10      S                  0.643
    11      C                 -0.261
    12      N                 -0.044
    13      C                 -0.094
    14      C                 -0.277
    15      C                 -0.208
    16      C                  0.085
    17      O                 -0.754
    18      P                  2.676
    19      P                  2.658
    20      N                 -0.260
    21      O                 -1.249
    22      O                 -1.280
    23      C                  0.041
    24      O                 -1.236
    25      O                 -1.286
    26      N                 -0.292
    27      O                 -1.286
    28      O                 -1.281
    29      C                  0.198
    30      N                 -0.325
    31      C                 -0.225
    32      C                 -0.013
    33      C                 -0.006
    34      C                 -0.146
    35      C                 -0.175
    36      H                  0.207
    37      H                  0.138
    38      H                 -0.010
    39      H                  0.104
    40      H                  0.201
    41      H                  0.301
    42      H                  0.153
    43      H                  0.216
    44      H                  0.110
    45      H                  0.087
    46      H                  0.075
    47      H                  0.070
    48      H                  0.059
    49      H                  0.192
    50      H                  0.074
 Total Mulliken Charge =      -4.000
 
                  X        Y        Z     TOTAL  
  QM DIPOLE   709.782  649.233 -515.052 1091.134
 
 Final Structure

  QMMM: QM Region Cartesian Coordinates (*=link atom) 
  QMMM: QM_NO.   MM_NO.  ATOM         X         Y         Z
  QMMM:     1        1      C      -34.7457  -36.2787   22.0485
  QMMM:     2        2      F      -35.9869  -37.2461   20.1007
  QMMM:     3        3      F      -36.8659  -35.4710   20.9039
  QMMM:     4        4      C      -34.1233  -37.6505   22.5082
  QMMM:     5        5      C      -36.1569  -36.5908   21.2957
  QMMM:     6        6      F      -37.1089  -37.3418   21.9375
  QMMM:     7        7      O      -34.0046  -35.6045   21.2033
  QMMM:     8        8      O      -34.6777  -38.7221   22.1480
  QMMM:     9        9      O      -33.0599  -37.6023   23.1936
  QMMM:    10       10      S      -36.5312  -35.3162   24.1642
  QMMM:    11       11      C      -35.0524  -35.4678   23.3538
  QMMM:    12       12      N      -34.0588  -34.8188   24.0286
  QMMM:    13       13      C      -34.5193  -34.2194   25.2253
  QMMM:    14       14      C      -35.8807  -34.3973   25.4251
  QMMM:    15       15      C      -36.6728  -33.8960   26.5569
  QMMM:    16       16      C      -36.6549  -32.3570   26.6935
  QMMM:    17       17      O      -36.0474  -31.9807   27.8743
  QMMM:    18       18      P      -37.0437  -31.1241   28.9623
  QMMM:    19       19      P      -39.5013  -33.3464   29.2907
  QMMM:    20       20      N      -30.0589  -32.1518   23.9677
  QMMM:    21       21      O      -37.4350  -29.9307   28.1568
  QMMM:    22       22      O      -39.1592  -34.2069   30.4749
  QMMM:    23       23      C      -30.4419  -31.3615   22.9189
  QMMM:    24       24      O      -36.1447  -30.8952   30.1287
  QMMM:    25       25      O      -39.3437  -34.0216   27.9492
  QMMM:    26       26      N      -31.5085  -31.5640   22.1015
  QMMM:    27       27      O      -38.2040  -32.1451   29.1933
  QMMM:    28       28      O      -40.7622  -32.5448   29.4644
  QMMM:    29       29      C      -32.3056  -32.6681   22.3613
  QMMM:    30       30      N      -33.4401  -32.8573   21.6248
  QMMM:    31       31      C      -31.9602  -33.5711   23.4380
  QMMM:    32       32      C      -30.8392  -33.2309   24.2005
  QMMM:    33       33      C      -32.6514  -34.8728   23.6808
  QMMM:    34       34      C      -29.6062  -30.1290   22.6532
  QMMM:    35       35      C      -33.6214  -33.5067   26.1596
  QMMM:    36       36      H      -37.7597  -34.2237   26.5266
  QMMM:    37       37      H      -36.2633  -34.3312   27.5126
  QMMM:    38       38      H      -36.0738  -31.9237   25.8240
  QMMM:    39       39      H      -37.7136  -31.9764   26.6510
  QMMM:    40       40      H      -33.5889  -32.2875   20.8278
  QMMM:    41       41      H      -33.8606  -33.7793   21.6118
  QMMM:    42       42      H      -30.5365  -33.8608   25.0576
  QMMM:    43       43      H      -32.5473  -35.5301   22.7508
  QMMM:    44       44      H      -32.1357  -35.4174   24.5273
  QMMM:    45       45      H      -29.9267  -29.3240   23.3595
  QMMM:    46       46      H      -29.7426  -29.7649   21.6069
  QMMM:    47       47      H      -28.5238  -30.3458   22.8199
  QMMM:    48       48      H      -32.8955  -34.2225   26.6204
  QMMM:    49       49      H      -34.2438  -33.0294   26.9725
  QMMM:    50       50      H      -33.0455  -32.7063   25.6324

           --------- Calculation Completed ----------

