            --------------------------------------------------------
                             AMBER SQM VERSION 19
 
                                     By
              Ross C. Walker, Michael F. Crowley, Scott Brozell,
                         Tim Giese, Andreas W. Goetz,
                        Tai-Sung Lee and David A. Case
 
            --------------------------------------------------------
 

--------------------------------------------------------------------------------
  QM CALCULATION INFO
--------------------------------------------------------------------------------

| QMMM: Citation for AMBER QMMM Run:
| QMMM: R.C. Walker, M.F. Crowley and D.A. Case, J. COMP. CHEM. 29:1019, 2008

QMMM: SINGLET STATE CALCULATION
QMMM: RHF CALCULATION, NO. OF DOUBLY OCCUPIED LEVELS = 72

| QMMM: *** Selected Hamiltonian *** 
| QMMM: AM1         

| QMMM: *** Parameter sets in use ***
| QMMM: S : M.J.S.DEWAR et al. INORG. CHEM., 29, 3881, (1990)
| QMMM: C : M.J.S.DEWAR et al. JACS, 107, 3902, (1985)
| QMMM: N : M.J.S.DEWAR et al. JACS, 107, 3902, (1985)
| QMMM: O : M.J.S.DEWAR et al. JACS, 107, 3902, (1985)
| QMMM: P : M.J.S.DEWAR et al. THEOCHEM, 187,1, (1989)
| QMMM: H : M.J.S.DEWAR et al. JACS, 107, 3902, (1985)

| QMMM: *** SCF convergence criteria ***
| QMMM: Energy change                :  0.1D-09 kcal/mol
| QMMM: Error matrix |FP-PF|         :  0.1D+00 au
| QMMM: Density matrix change        :  0.5D-06
| QMMM: Maximum number of SCF cycles :     1000

| QMMM: *** Diagonalization Routine Information ***
| QMMM: Pseudo diagonalizations are allowed.
| QMMM: Auto diagonalization routine selection is in use.
| QMMM:
| QMMM: Timing diagonalization routines:
| QMMM:                              norbs =      119
| QMMM:    diag iterations used for timing =       10
| QMMM:
| QMMM:              Internal diag routine = 0.034772 seconds
| QMMM:                 Dspev diag routine = 0.038002 seconds
| QMMM:                Dspevd diag routine = 0.025637 seconds
| QMMM:                Dspevx diag routine = 0.124950 seconds
| QMMM:                 Dsyev diag routine = 0.040909 seconds
| QMMM:                Dsyevd diag routine = 0.038278 seconds
| QMMM:                Dsyevr diag routine = 0.032341 seconds
| QMMM:
| QMMM:                Pseudo diag routine = 0.014032 seconds
| QMMM:
| QMMM: Using dspevd routine (diag_routine=3).

  QMMM: QM Region Cartesian Coordinates (*=link atom) 
  QMMM: QM_NO.   MM_NO.  ATOM         X         Y         Z
  QMMM:     1        1      S      -36.2720  -34.7160   24.3470
  QMMM:     2        2      C      -34.8940  -35.2570   23.4880
  QMMM:     3        3      N      -33.7830  -34.9240   24.1600
  QMMM:     4        4      C      -34.0010  -34.3440   25.4180
  QMMM:     5        5      C      -35.3210  -34.1790   25.7170
  QMMM:     6        6      C      -35.9340  -33.8010   27.0350
  QMMM:     7        7      C      -36.3500  -32.3330   27.2100
  QMMM:     8        8      O      -36.7310  -32.1600   28.5720
  QMMM:     9        9      P      -37.9530  -31.0950   28.8900
  QMMM:    10       10      P      -39.9260  -33.3190   28.5480
  QMMM:    11       11      N      -30.0570  -32.1440   23.5990
  QMMM:    12       12      O      -37.7090  -29.7570   28.2890
  QMMM:    13       13      O      -40.1170  -33.2440   30.1020
  QMMM:    14       14      C      -30.6410  -31.3390   22.6960
  QMMM:    15       15      O      -38.0540  -31.1230   30.4270
  QMMM:    16       16      O      -38.8860  -34.3810   28.1180
  QMMM:    17       17      N      -31.7550  -31.6280   22.0360
  QMMM:    18       18      O      -39.2200  -31.7970   28.2050
  QMMM:    19       19      O      -41.1570  -33.3660   27.7150
  QMMM:    20       20      C      -32.3760  -32.8190   22.2550
  QMMM:    21       21      N      -33.4870  -33.0760   21.5700
  QMMM:    22       22      C      -31.8270  -33.7300   23.2130
  QMMM:    23       23      C      -30.6720  -33.3160   23.8290
  QMMM:    24       24      C      -32.4170  -35.0620   23.5920
  QMMM:    25       25      C      -30.0120  -30.0070   22.4190
  QMMM:    26       26      C      -32.8490  -34.0990   26.3250
  QMMM:    27       27      H      -36.8260  -34.4040   27.2360
  QMMM:    28       28      H      -35.2070  -34.0360   27.8210
  QMMM:    29       29      H      -35.5180  -31.6540   26.9910
  QMMM:    30       30      H      -37.1790  -32.0970   26.5310
  QMMM:    31       31      H      -33.8070  -32.3690   20.9160
  QMMM:    32       32      H      -33.8150  -34.0880   21.4480
  QMMM:    33       33      H      -30.1990  -33.9640   24.5680
  QMMM:    34       34      H      -32.5130  -35.7450   22.7470
  QMMM:    35       35      H      -31.7820  -35.5340   24.3480
  QMMM:    36       36      H      -30.0160  -29.3950   23.3260
  QMMM:    37       37      H      -30.5450  -29.4810   21.6270
  QMMM:    38       38      H      -28.9650  -30.1280   22.1320
  QMMM:    39       39      H      -32.2550  -35.0140   26.4320
  QMMM:    40       40      H      -33.2130  -33.8000   27.3080
  QMMM:    41       41      H      -32.1910  -33.3070   25.9540

--------------------------------------------------------------------------------
  RESULTS
--------------------------------------------------------------------------------

      iter         sqm energy              rms gradient
      ----    -------------------    -----------------------
xmin    10     -244.5469 kcal/mol        1.4792 kcal/(mol*A)
xmin    20     -317.9830 kcal/mol        3.7493 kcal/(mol*A)
xmin    30     -348.7568 kcal/mol        1.4634 kcal/(mol*A)
xmin    40     -351.4053 kcal/mol        0.3601 kcal/(mol*A)
xmin    50     -352.4461 kcal/mol        0.3706 kcal/(mol*A)
xmin    60     -352.6677 kcal/mol        0.4093 kcal/(mol*A)
xmin    70     -352.7701 kcal/mol        0.1005 kcal/(mol*A)
xmin    80     -352.8499 kcal/mol        0.1201 kcal/(mol*A)
xmin    90     -352.9255 kcal/mol        0.1884 kcal/(mol*A)
xmin   100     -353.0444 kcal/mol        0.3522 kcal/(mol*A)
xmin   110     -353.2006 kcal/mol        0.2824 kcal/(mol*A)
xmin   120     -353.4255 kcal/mol        0.5866 kcal/(mol*A)
xmin   130     -353.7068 kcal/mol        0.2093 kcal/(mol*A)
xmin   140     -353.9205 kcal/mol        0.2122 kcal/(mol*A)
xmin   150     -354.0055 kcal/mol        0.0651 kcal/(mol*A)
xmin   160     -354.0276 kcal/mol        0.0602 kcal/(mol*A)
xmin   170     -354.0365 kcal/mol        0.0885 kcal/(mol*A)
xmin   180     -354.0728 kcal/mol        0.1918 kcal/(mol*A)
xmin   190     -354.0784 kcal/mol        0.0612 kcal/(mol*A)
xmin   200     -354.0974 kcal/mol        0.0655 kcal/(mol*A)
xmin   210     -354.1193 kcal/mol        0.0736 kcal/(mol*A)
xmin   220     -354.1257 kcal/mol        0.0304 kcal/(mol*A)
xmin   230     -354.1274 kcal/mol        0.0089 kcal/(mol*A)
xmin   240     -354.1278 kcal/mol        0.0114 kcal/(mol*A)
xmin   250     -354.1284 kcal/mol        0.0136 kcal/(mol*A)
xmin   260     -354.1286 kcal/mol        0.0027 kcal/(mol*A)
xmin   270     -354.1287 kcal/mol        0.0022 kcal/(mol*A)
xmin   280     -354.1287 kcal/mol        0.0017 kcal/(mol*A)
xmin   290     -354.1287 kcal/mol        0.0007 kcal/(mol*A)
  ... geometry converged !
 
 Final MO eigenvalues (eV):
 -34.1678  -32.7863  -29.6230  -28.5790  -27.7267  -27.2502  -26.6799  -25.6435
 -24.6736  -24.2609  -24.1491  -24.0777  -24.0468  -23.9295  -23.6878  -21.0184
 -19.4687  -18.1270  -16.7943  -15.4201  -14.7171  -12.8773  -11.7570  -11.6760
 -11.3565  -10.7458  -10.3546   -9.8618   -9.6044   -9.3420   -9.1228   -8.7721
  -8.4565   -7.8806   -7.8234   -7.6127   -7.5757   -7.3902   -7.1140   -7.0723
  -6.9453   -6.5400   -6.3191   -6.2347   -6.0110   -5.7924   -5.7361   -5.4049
  -5.2859   -5.1075   -4.9151   -4.6320   -4.5076   -3.9353   -3.8292   -3.6706
  -3.4230   -3.3057   -3.2443   -2.9379   -2.8336   -2.7148   -2.5030   -1.9936
  -1.8296   -1.5701   -1.5159   -1.4464   -1.4449   -1.3969   -1.2251    0.0483
   6.8433    6.9713    7.7144    7.8437    8.0209    8.5638    8.5871    9.5154
   9.5927    9.6756   10.0382   10.0732   10.2810   10.3231   10.4369   10.5137
  10.5896   10.7171   10.7431   10.8576   10.9770   11.0816   11.2497   11.3359
  11.3846   11.7509   11.8333   12.0379   12.2120   12.4119   12.4666   12.5527
  12.5649   12.6788   12.8946   13.0178   13.0653   13.5036   13.9531   14.2043
  14.2234   15.3635   16.0527   16.3005   17.2970   17.6640   17.7492

 Heat of formation   =       -354.12870345 kcal/mol  (      -15.35617291 eV)

 Total SCF energy    =    -121507.29194440 kcal/mol  (    -5268.95156083 eV)
 Electronic energy   =    -780059.99396630 kcal/mol  (   -33825.93963689 eV)
 Core-core repulsion =     658552.70202190 kcal/mol  (    28556.98807605 eV)
 
    Atomic Charges for Step       1 :
  Atom    Element       Mulliken Charge
     1      S                  0.327
     2      C                 -0.509
     3      N                  0.088
     4      C                 -0.285
     5      C                 -0.208
     6      C                 -0.203
     7      C                  0.075
     8      O                 -0.748
     9      P                  2.705
    10      P                  2.701
    11      N                 -0.342
    12      O                 -1.216
    13      O                 -1.202
    14      C                  0.048
    15      O                 -1.196
    16      O                 -0.841
    17      N                 -0.356
    18      O                 -1.295
    19      O                 -1.218
    20      C                  0.135
    21      N                 -0.426
    22      C                 -0.330
    23      C                  0.002
    24      C                  0.038
    25      C                 -0.143
    26      C                 -0.109
    27      H                  0.221
    28      H                  0.138
    29      H                  0.104
    30      H                  0.041
    31      H                  0.094
    32      H                  0.183
    33      H                  0.136
    34      H                  0.126
    35      H                  0.084
    36      H                  0.066
    37      H                  0.064
    38      H                  0.063
    39      H                  0.048
    40      H                  0.096
    41      H                  0.048
 Total Mulliken Charge =      -3.000
 
                  X        Y        Z     TOTAL  
  QM DIPOLE   533.192  478.202 -394.829  817.839
 
 Final Structure

  QMMM: QM Region Cartesian Coordinates (*=link atom) 
  QMMM: QM_NO.   MM_NO.  ATOM         X         Y         Z
  QMMM:     1        1      S      -35.4044  -32.0817   24.7688
  QMMM:     2        2      C      -33.9922  -32.4086   23.8820
  QMMM:     3        3      N      -33.2311  -33.3753   24.4349
  QMMM:     4        4      C      -33.7672  -33.9009   25.5866
  QMMM:     5        5      C      -35.0366  -33.2930   25.9693
  QMMM:     6        6      C      -35.8029  -33.5891   27.0301
  QMMM:     7        7      C      -37.1029  -32.9214   27.3460
  QMMM:     8        8      O      -37.8304  -33.6605   28.2698
  QMMM:     9        9      P      -38.2401  -32.9467   29.7202
  QMMM:    10       10      P      -41.4550  -33.4584   29.8863
  QMMM:    11       11      N      -30.4080  -30.8067   22.3452
  QMMM:    12       12      O      -38.0145  -31.4944   29.5405
  QMMM:    13       13      O      -41.8828  -34.7743   29.3692
  QMMM:    14       14      C      -29.8143  -31.4077   21.2537
  QMMM:    15       15      O      -37.5634  -33.7380   30.7662
  QMMM:    16       16      O      -41.8880  -32.3168   28.7853
  QMMM:    17       17      N      -29.8406  -32.7051   20.9253
  QMMM:    18       18      O      -39.8435  -33.2075   29.7352
  QMMM:    19       19      O      -41.9127  -32.9600   31.2021
  QMMM:    20       20      C      -30.5487  -33.6000   21.7731
  QMMM:    21       21      N      -30.5739  -34.9019   21.5641
  QMMM:    22       22      C      -31.2485  -33.0094   22.9288
  QMMM:    23       23      C      -31.1094  -31.6452   23.1413
  QMMM:    24       24      C      -31.9907  -33.8953   23.8621
  QMMM:    25       25      C      -29.0493  -30.4740   20.3353
  QMMM:    26       26      C      -33.1216  -34.9796   26.3540
  QMMM:    27       27      H      -41.2479  -31.6230   28.6996
  QMMM:    28       28      H      -35.5090  -34.3759   27.7425
  QMMM:    29       29      H      -36.9133  -31.8768   27.7344
  QMMM:    30       30      H      -37.7064  -32.8436   26.3908
  QMMM:    31       31      H      -30.0701  -35.1902   20.7522
  QMMM:    32       32      H      -33.7053  -31.9080   22.9597
  QMMM:    33       33      H      -31.5970  -31.1579   24.0070
  QMMM:    34       34      H      -32.2706  -34.8642   23.3520
  QMMM:    35       35      H      -31.3147  -34.1460   24.7343
  QMMM:    36       36      H      -29.7461  -29.7062   19.9204
  QMMM:    37       37      H      -28.5796  -31.0260   19.4866
  QMMM:    38       38      H      -28.2461  -29.9550   20.9121
  QMMM:    39       39      H      -32.8282  -35.8353   25.6925
  QMMM:    40       40      H      -33.8282  -35.3611   27.1316
  QMMM:    41       41      H      -32.1964  -34.6114   26.8690

           --------- Calculation Completed ----------

