log started: Thu Nov 14 12:27:34 2024

Log file: ./leap.log
>> #
>> # ----- leaprc for loading the ff19SB force field
>> # ----- NOTE: this is designed for PDB format 3!
>> #
>> #	load atom type hybridizations
>> #
>> addAtomTypes {
>> 	{ "H"   "H" "sp3" }
>> 	{ "HO"  "H" "sp3" }
>> 	{ "HS"  "H" "sp3" }
>> 	{ "H1"  "H" "sp3" }
>> 	{ "H2"  "H" "sp3" }
>> 	{ "H3"  "H" "sp3" }
>> 	{ "H4"  "H" "sp3" }
>> 	{ "H5"  "H" "sp3" }
>> 	{ "HW"  "H" "sp3" }
>> 	{ "HC"  "H" "sp3" }
>> 	{ "HA"  "H" "sp3" }
>> 	{ "HP"  "H" "sp3" }
>> 	{ "HZ"  "H" "sp3" }
>> 	{ "OH"  "O" "sp3" }
>> 	{ "OS"  "O" "sp3" }
>> 	{ "O"   "O" "sp2" }
>> 	{ "O2"  "O" "sp2" }
>> 	{ "OP"  "O" "sp2" }
>> 	{ "OW"  "O" "sp3" }
>> 	{ "CT"  "C" "sp3" }
>> 	{ "CX"  "C" "sp3" }
>> 	{ "XC"  "C" "sp3" }
>> 	{ "C8"  "C" "sp3" }
>> 	{ "2C"  "C" "sp3" }
>> 	{ "3C"  "C" "sp3" }
>> 	{ "CH"  "C" "sp3" }
>> 	{ "CS"  "C" "sp2" }
>> 	{ "C"   "C" "sp2" }
>> 	{ "CO"   "C" "sp2" }
>> 	{ "C*"  "C" "sp2" }
>> 	{ "CA"  "C" "sp2" }
>> 	{ "CB"  "C" "sp2" }
>> 	{ "CC"  "C" "sp2" }
>> 	{ "CN"  "C" "sp2" }
>> 	{ "CM"  "C" "sp2" }
>> 	{ "CK"  "C" "sp2" }
>> 	{ "CQ"  "C" "sp2" }
>> 	{ "CD"  "C" "sp2" }
>> 	{ "C5"  "C" "sp2" }
>> 	{ "C4"  "C" "sp2" }
>> 	{ "CP"  "C" "sp2" }
>> 	{ "CI"  "C" "sp3" }
>> 	{ "CJ"  "C" "sp2" }
>> 	{ "CW"  "C" "sp2" }
>> 	{ "CV"  "C" "sp2" }
>> 	{ "CR"  "C" "sp2" }
>> 	{ "CA"  "C" "sp2" }
>> 	{ "CY"  "C" "sp2" }
>> 	{ "C0"  "Ca" "sp3" }
>> 	{ "MG"  "Mg" "sp3" }
>> 	{ "N"   "N" "sp2" }
>> 	{ "NA"  "N" "sp2" }
>> 	{ "N2"  "N" "sp2" }
>> 	{ "N*"  "N" "sp2" }
>> 	{ "NP"  "N" "sp2" }
>> 	{ "NQ"  "N" "sp2" }
>> 	{ "NB"  "N" "sp2" }
>> 	{ "NC"  "N" "sp2" }
>> 	{ "NT"  "N" "sp3" }
>> 	{ "NY"  "N" "sp2" }
>> 	{ "N3"  "N" "sp3" }
>> 	{ "S"   "S" "sp3" }
>> 	{ "SH"  "S" "sp3" }
>> 	{ "P"   "P" "sp3" }
>> 	{ "LP"  ""  "sp3" }
>> 	{ "EP"  ""  "sp3" }
>> 	{ "F"   "F" "sp3" }
>> 	{ "Cl"  "Cl" "sp3" }
>> 	{ "Br"  "Br" "sp3" }
>> 	{ "I"   "I"  "sp3" }
>> }
>> #
>> #	Load the main parameter set.
>> #
>> set default cmap on
>> parm19 = loadamberparams parm19.dat
Loading parameters: /software/ambertools/22/amber22/dat/leap/parm/parm19.dat
Reading title:
PARM99 + frcmod.ff99SB + frcmod.parmbsc0 + OL3 for RNA + ff19SB
(UNKNOWN ATOM TYPE: Zn)
(UNKNOWN ATOM TYPE: EP)
>> frcmod19SB = loadamberparams frcmod.ff19SB
Loading parameters: /software/ambertools/22/amber22/dat/leap/parm/frcmod.ff19SB
Reading force field modification type file (frcmod)
Reading title:
ff19SB AA-specific backbone CMAPs for protein 07/25/2019
>> #
>> #	Load main chain and terminating amino acid libraries
>> #
>> loadOff amino19.lib
Loading library: /software/ambertools/22/amber22/dat/leap/lib/amino19.lib
Loading: ALA
Loading: ARG
Loading: ASH
Loading: ASN
Loading: ASP
Loading: CYM
Loading: CYS
Loading: CYX
Loading: GLH
Loading: GLN
Loading: GLU
Loading: GLY
Loading: HID
Loading: HIE
Loading: HIP
Loading: HYP
Loading: ILE
Loading: LEU
Loading: LYN
Loading: LYS
Loading: MET
Loading: PHE
Loading: PRO
Loading: SER
Loading: THR
Loading: TRP
Loading: TYR
Loading: VAL
>> loadOff aminoct12.lib
Loading library: /software/ambertools/22/amber22/dat/leap/lib/aminoct12.lib
Loading: CALA
Loading: CARG
Loading: CASN
Loading: CASP
Loading: CCYS
Loading: CCYX
Loading: CGLN
Loading: CGLU
Loading: CGLY
Loading: CHID
Loading: CHIE
Loading: CHIP
Loading: CHYP
Loading: CILE
Loading: CLEU
Loading: CLYS
Loading: CMET
Loading: CPHE
Loading: CPRO
Loading: CSER
Loading: CTHR
Loading: CTRP
Loading: CTYR
Loading: CVAL
Loading: NHE
Loading: NME
>> loadOff aminont12.lib
Loading library: /software/ambertools/22/amber22/dat/leap/lib/aminont12.lib
Loading: ACE
Loading: NALA
Loading: NARG
Loading: NASN
Loading: NASP
Loading: NCYS
Loading: NCYX
Loading: NGLN
Loading: NGLU
Loading: NGLY
Loading: NHID
Loading: NHIE
Loading: NHIP
Loading: NILE
Loading: NLEU
Loading: NLYS
Loading: NMET
Loading: NPHE
Loading: NPRO
Loading: NSER
Loading: NTHR
Loading: NTRP
Loading: NTYR
Loading: NVAL
>> 
>> #
>> #	Define the PDB name map for the amino acids
>> #
>> addPdbResMap {
>>   { 0 "HYP" "NHYP" } { 1 "HYP" "CHYP" }
>>   { 0 "ALA" "NALA" } { 1 "ALA" "CALA" }
>>   { 0 "ARG" "NARG" } { 1 "ARG" "CARG" }
>>   { 0 "ASN" "NASN" } { 1 "ASN" "CASN" }
>>   { 0 "ASP" "NASP" } { 1 "ASP" "CASP" }
>>   { 0 "CYS" "NCYS" } { 1 "CYS" "CCYS" }
>>   { 0 "CYX" "NCYX" } { 1 "CYX" "CCYX" }
>>   { 0 "GLN" "NGLN" } { 1 "GLN" "CGLN" }
>>   { 0 "GLU" "NGLU" } { 1 "GLU" "CGLU" }
>>   { 0 "GLY" "NGLY" } { 1 "GLY" "CGLY" }
>>   { 0 "HID" "NHID" } { 1 "HID" "CHID" }
>>   { 0 "HIE" "NHIE" } { 1 "HIE" "CHIE" }
>>   { 0 "HIP" "NHIP" } { 1 "HIP" "CHIP" }
>>   { 0 "ILE" "NILE" } { 1 "ILE" "CILE" }
>>   { 0 "LEU" "NLEU" } { 1 "LEU" "CLEU" }
>>   { 0 "LYS" "NLYS" } { 1 "LYS" "CLYS" }
>>   { 0 "MET" "NMET" } { 1 "MET" "CMET" }
>>   { 0 "PHE" "NPHE" } { 1 "PHE" "CPHE" }
>>   { 0 "PRO" "NPRO" } { 1 "PRO" "CPRO" }
>>   { 0 "SER" "NSER" } { 1 "SER" "CSER" }
>>   { 0 "THR" "NTHR" } { 1 "THR" "CTHR" }
>>   { 0 "TRP" "NTRP" } { 1 "TRP" "CTRP" }
>>   { 0 "TYR" "NTYR" } { 1 "TYR" "CTYR" }
>>   { 0 "VAL" "NVAL" } { 1 "VAL" "CVAL" }
>>   { 0 "HIS" "NHIS" } { 1 "HIS" "CHIS" }
>> }
>> 
>> #
>> # assume that most often proteins use HIE
>> #
>> NHIS = NHIE
>> HIS = HIE
>> CHIS = CHIE
> 
> source leaprc.gaff2
----- Source: /software/ambertools/22/amber22/dat/leap/cmd/leaprc.gaff2
----- Source of /software/ambertools/22/amber22/dat/leap/cmd/leaprc.gaff2 done
>> logFile leap.log
log started: Thu Nov 14 12:27:34 2024

Log file: ./leap.log
>> #
>> # ----- leaprc for loading the general Amber Force field.
>> #       This file is mostly for use with Antechamber
>> #
>> #	load atom type hybridizations
>> #
>> addAtomTypes {
>> 	{ "h1"  "H" "sp3" }
>> 	{ "h2"  "H" "sp3" }
>> 	{ "h3"  "H" "sp3" }
>> 	{ "h4"  "H" "sp3" }
>> 	{ "h5"  "H" "sp3" }
>> 	{ "ha"  "H" "sp3" }
>> 	{ "hc"  "H" "sp3" }
>> 	{ "hn"  "H" "sp3" }
>> 	{ "ho"  "H" "sp3" }
>> 	{ "hp"  "H" "sp3" }
>> 	{ "hs"  "H" "sp3" }
>> 	{ "hw"  "H" "sp3" }
>> 	{ "hx"  "H" "sp3" }
>> 	{ "o"  "O" "sp2" }
>> 	{ "o2"  "O" "sp2" }
>> 	{ "oh"  "O" "sp3" }
>> 	{ "op"  "O" "sp3" }
>> 	{ "oq"  "O" "sp3" }
>> 	{ "os"  "O" "sp3" }
>> 	{ "ow"  "O" "sp3" }
>> 	{ "c"  "C" "sp2" }
>> 	{ "c1"  "C" "sp2" }
>> 	{ "c2"  "C" "sp2" }
>> 	{ "c3"  "C" "sp3" }
>> 	{ "ca"  "C" "sp2" }
>> 	{ "cc"  "C" "sp2" }
>> 	{ "cd"  "C" "sp2" }
>> 	{ "ce"  "C" "sp2" }
>> 	{ "cf"  "C" "sp2" }
>> 	{ "cg"  "C" "sp2" }
>> 	{ "ch"  "C" "sp2" }
>> 	{ "cp"  "C" "sp2" }
>> 	{ "cs"  "C" "sp2" }
>> 	{ "cq"  "C" "sp2" }
>> 	{ "cu"  "C" "sp2" }
>> 	{ "cv"  "C" "sp2" }
>> 	{ "cx"  "C" "sp2" }
>> 	{ "cy"  "C" "sp2" }
>> 	{ "cz"  "C" "sp2" }
>> 	{ "n"   "N" "sp2" }
>> 	{ "n1"  "N" "sp2" }
>> 	{ "n2"  "N" "sp2" }
>> 	{ "n3"  "N" "sp3" }
>> 	{ "n4"  "N" "sp3" }
>> 	{ "n5"  "N" "sp3" }
>> 	{ "n6"  "N" "sp3" }
>> 	{ "n7"  "N" "sp3" }
>> 	{ "n8"  "N" "sp3" }
>> 	{ "n9"  "N" "sp3" }
>> 	{ "na"  "N" "sp2" }
>> 	{ "nb"  "N" "sp2" }
>> 	{ "nc"  "N" "sp2" }
>> 	{ "nd"  "N" "sp2" }
>> 	{ "ne"  "N" "sp2" }
>> 	{ "nf"  "N" "sp2" }
>> 	{ "nh"  "N" "sp2" }
>> 	{ "ni"  "N" "sp2" }
>> 	{ "nj"  "N" "sp2" }
>> 	{ "nk"  "N" "sp3" }
>> 	{ "nl"  "N" "sp3" }
>> 	{ "nm"  "N" "sp2" }
>> 	{ "nn"  "N" "sp2" }
>> 	{ "no"  "N" "sp2" }
>> 	{ "np"  "N" "sp3" }
>> 	{ "nq"  "N" "sp3" }
>> 	{ "ns"  "N" "sp2" }
>> 	{ "nt"  "N" "sp2" }
>> 	{ "nu"  "N" "sp2" }
>> 	{ "nv"  "N" "sp2" }
>> 	{ "nx"  "N" "sp3" }
>> 	{ "ny"  "N" "sp3" }
>> 	{ "nz"  "N" "sp3" }
>> 	{ "n+"  "N" "sp3" }
>> 	{ "s"   "S" "sp2" }
>> 	{ "s2"   "S" "sp2" }
>> 	{ "s3"   "S" "sp3" }
>> 	{ "s4"   "S" "sp3" }
>> 	{ "s6"   "S" "sp3" }
>> 	{ "sh"   "S" "sp3" }
>> 	{ "sp"   "S" "sp3" }
>> 	{ "sq"   "S" "sp3" }
>> 	{ "ss"   "S" "sp3" }
>> 	{ "sx"   "S" "sp3" }
>> 	{ "sy"   "S" "sp3" }
>> 	{ "p2"   "P" "sp2" }
>> 	{ "p3"   "P" "sp3" }
>> 	{ "p4"   "P" "sp3" }
>> 	{ "p5"   "P" "sp3" }
>> 	{ "pb"   "P" "sp3" }
>> 	{ "pc"   "P" "sp3" }
>> 	{ "pd"   "P" "sp3" }
>> 	{ "pe"   "P" "sp3" }
>> 	{ "pf"   "P" "sp3" }
>> 	{ "px"   "P" "sp3" }
>> 	{ "py"   "P" "sp3" }
>> 	{ "f"   "F" "sp3" }
>> 	{ "cl"  "Cl" "sp3" }
>> 	{ "br"  "Br" "sp3" }
>> 	{ "i"   "I"  "sp3" }
>> }
>> #
>> #	Load the general force field parameter set.
>> #
>> gaff = loadamberparams gaff2.dat
Loading parameters: /software/ambertools/22/amber22/dat/leap/parm/gaff2.dat
Reading title:
AMBER General Force Field for organic molecules (Version 2.2.20, March 2021)
(UNKNOWN ATOM TYPE: c6)
> 
> source leaprc.water.tip3p
----- Source: /software/ambertools/22/amber22/dat/leap/cmd/leaprc.water.tip3p
----- Source of /software/ambertools/22/amber22/dat/leap/cmd/leaprc.water.tip3p done
>> #
>> #       Load water and ions for TIP3P + Li/Merz monovalent ions 
>> #       + Joung-Chetham monovalent ions
>> #       + Li/Merz highly charged ions (+2 to +4, 12-6 normal usage set)
>> #
>> #       Note: the Li/Merz monovalent set is loaded only to get Tl+,
>> #          Cu+, Ag+ NH4+, H3O+.  Since we load Joung-Cheatham second,
>> #          the alkali halide parameters come from the Joung-Cheatham set
>> #
>> addAtomTypes {
>> 	{ "HW"  "H" "sp3" }
>> 	{ "OW"  "O" "sp3" }
>> 	{ "F-"   "F" "sp3" }
>> 	{ "Cl-"  "Cl" "sp3" }
>> 	{ "Br-"  "Br" "sp3" }
>> 	{ "I-"   "I"  "sp3" }
>> 	{ "Li+"  "Li"  "sp3" }
>> 	{ "Na+"  "Na"  "sp3" }
>> 	{ "K+"  "K"  "sp3" }
>> 	{ "Rb+"  "Rb"  "sp3" }
>> 	{ "Cs+"  "Cs"  "sp3" }
>> 	{ "Mg+"  "Mg"  "sp3" }
>>     { "Tl+"  "Tl"  "sp3" }
>>     { "Cu+"  "Cu"  "sp3" }
>>     { "Ag+"  "Ag"  "sp3" }
>>     { "NH4+"  "N"  "sp3" }
>>     { "H3O+"  "O"  "sp3" }
>>     { "Be2+" "Be"  "sp3" }
>>     { "Cu2+" "Cu"  "sp3" }
>>     { "Ni2+" "Ni"  "sp3" }
>>     { "Pt2+" "Pt"  "sp3" }
>>     { "Zn2+" "Zn"  "sp3" }
>>     { "Co2+" "Co"  "sp3" }
>>     { "Pd2+" "Pd"  "sp3" }
>>     { "Ag2+" "Ag"  "sp3" }
>>     { "Cr2+" "Cr"  "sp3" }
>>     { "Fe2+" "Fe"  "sp3" }
>>     { "Mg2+" "Mg"  "sp3" }
>>     { "V2+"  "V"   "sp3" }
>>     { "Mn2+" "Mn"  "sp3" }
>>     { "Hg2+" "Hg"  "sp3" }
>>     { "Cd2+" "Cd"  "sp3" }
>>     { "Yb2+" "Yb"  "sp3" }
>>     { "Ca2+" "Ca"  "sp3" }
>>     { "Sn2+" "Sn"  "sp3" }
>>     { "Pb2+" "Pb"  "sp3" }
>>     { "Eu2+" "Eu"  "sp3" }
>>     { "Sr2+" "Sr"  "sp3" }
>>     { "Sm2+" "Sm"  "sp3" }
>>     { "Ba2+" "Ba"  "sp3" }
>>     { "Ra2+" "Ra"  "sp3" }
>>     { "Al3+" "Al"  "sp3" }
>>     { "Fe3+" "Fe"  "sp3" }
>>     { "Cr3+" "Cr"  "sp3" }
>>     { "In3+" "In"  "sp3" }
>>     { "Tl3+" "Tl"  "sp3" }
>>     { "Y3+"  "Y"   "sp3" }
>>     { "La3+" "La"  "sp3" }
>>     { "Ce3+" "Ce"  "sp3" }
>>     { "Pr3+" "Pr"  "sp3" }
>>     { "Nd3+" "Nd"  "sp3" }
>>     { "Sm3+" "Sm"  "sp3" }
>>     { "Eu3+" "Eu"  "sp3" }
>>     { "Gd3+" "Gd"  "sp3" }
>>     { "Tb3+" "Tb"  "sp3" }
>>     { "Dy3+" "Dy"  "sp3" }
>>     { "Er3+" "Er"  "sp3" }
>>     { "Tm3+" "Tm"  "sp3" }
>>     { "Lu3+" "Lu"  "sp3" }
>>     { "Hf4+" "Hf"  "sp3" }
>>     { "Zr4+" "Zr"  "sp3" }
>>     { "Ce4+" "Ce"  "sp3" }
>>     { "U4+"  "U"   "sp3" }
>>     { "Pu4+" "Pu"  "sp3" }
>>     { "Th4+" "Th"  "sp3" }
>> }
>> loadOff atomic_ions.lib
Loading library: /software/ambertools/22/amber22/dat/leap/lib/atomic_ions.lib
Loading: AG
Loading: AL
Loading: Ag
Loading: BA
Loading: BR
Loading: Be
Loading: CA
Loading: CD
Loading: CE
Loading: CL
Loading: CO
Loading: CR
Loading: CS
Loading: CU
Loading: CU1
Loading: Ce
Loading: Cl-
Loading: Cr
Loading: Dy
Loading: EU
Loading: EU3
Loading: Er
Loading: F
Loading: FE
Loading: FE2
Loading: GD3
Loading: H3O+
Loading: HE+
Loading: HG
Loading: HZ+
Loading: Hf
Loading: IN
Loading: IOD
Loading: K
Loading: K+
Loading: LA
Loading: LI
Loading: LU
Loading: MG
Loading: MN
Loading: NA
Loading: NH4
Loading: NI
Loading: Na+
Loading: Nd
Loading: PB
Loading: PD
Loading: PR
Loading: PT
Loading: Pu
Loading: RB
Loading: Ra
Loading: SM
Loading: SR
Loading: Sm
Loading: Sn
Loading: TB
Loading: TL
Loading: Th
Loading: Tl
Loading: Tm
Loading: U4+
Loading: V2+
Loading: Y
Loading: YB2
Loading: ZN
Loading: Zr
>> loadOff solvents.lib
Loading library: /software/ambertools/22/amber22/dat/leap/lib/solvents.lib
Loading: CHCL3BOX
Loading: DC4
Loading: FB3
Loading: FB3BOX
Loading: FB4
Loading: FB4BOX
Loading: MEOHBOX
Loading: NMABOX
Loading: O3P
Loading: OP3
Loading: OPC
Loading: OPC3BOX
Loading: OPC3POLBOX
Loading: OPCBOX
Loading: PL3
Loading: POL3BOX
Loading: QSPCFWBOX
Loading: SPC
Loading: SPCBOX
Loading: SPCFWBOX
Loading: SPF
Loading: SPG
Loading: T4E
Loading: TIP3PBOX
Loading: TIP3PFBOX
Loading: TIP4PBOX
Loading: TIP4PEWBOX
Loading: TIP5PBOX
Loading: TP3
Loading: TP4
Loading: TP5
Loading: TPF
>> HOH = TP3
>> WAT = TP3
>> loadAmberParams frcmod.tip3p
Loading parameters: /software/ambertools/22/amber22/dat/leap/parm/frcmod.tip3p
Reading force field modification type file (frcmod)
Reading title:
This is the additional/replacement parameter set for TIP3P water
>> loadAmberParams frcmod.ions1lm_126_tip3p
Loading parameters: /software/ambertools/22/amber22/dat/leap/parm/frcmod.ions1lm_126_tip3p
Reading force field modification type file (frcmod)
Reading title:
Li/Merz ion parameters of monovalent ions for TIP3P water model (12-6 normal usage set)
>> loadAmberParams frcmod.ionsjc_tip3p
Loading parameters: /software/ambertools/22/amber22/dat/leap/parm/frcmod.ionsjc_tip3p
Reading force field modification type file (frcmod)
Reading title:
Monovalent ion parameters for Ewald and TIP3P water from Joung & Cheatham JPCB (2008)
>> loadAmberParams frcmod.ions234lm_126_tip3p
Loading parameters: /software/ambertools/22/amber22/dat/leap/parm/frcmod.ions234lm_126_tip3p
Reading force field modification type file (frcmod)
Reading title:
Li/Merz ion parameters of divalent to tetravalent ions for TIP3P water model (12-6 normal usage set)
>> 
> 
> loadamberparams	frcmod.ionsjc_tip3p
Loading parameters: /software/ambertools/22/amber22/dat/leap/parm/frcmod.ionsjc_tip3p
Reading force field modification type file (frcmod)
Reading title:
Monovalent ion parameters for Ewald and TIP3P water from Joung & Cheatham JPCB (2008)
> loadamberparams frcmod.ions234lm_1264_tip3p
Loading parameters: /software/ambertools/22/amber22/dat/leap/parm/frcmod.ions234lm_1264_tip3p
Reading force field modification type file (frcmod)
Reading title:
Li/Merz ion parameters of divalent to tetravalent ions for TIP3P water model (12-6-4 set)
> 
> loadamberparams INI.frcmod
Loading parameters: ./INI.frcmod
Reading force field modification type file (frcmod)
Reading title:
Remark line goes here
> INI = loadMol2 INI.mol2
Loading Mol2 file: ./INI.mol2
Reading MOLECULE named INI
> 
> receptor = loadPDB receptor_amber.pdb
Loading PDB file: ./receptor_amber.pdb
Matching PDB residue names to LEaP variables.
Mapped residue MET, term: Terminal/beginning, seq. number: 0 to: NMET.
Mapped residue LEU, term: Terminal/last, seq. number: 555 to: CLEU.
Mapped residue MET, term: Terminal/beginning, seq. number: 556 to: NMET.
Mapped residue LEU, term: Terminal/last, seq. number: 1111 to: CLEU.
Starting new chain with TP3
Starting new chain with TP3
Starting new chain with TP3
Starting new chain with TP3
Starting new chain with TP3
Starting new chain with TP3
Starting new chain with TP3
Starting new chain with TP3
Starting new chain with TP3
Starting new chain with TP3
Starting new chain with TP3
Starting new chain with TP3
Starting new chain with TP3
Starting new chain with TP3
Starting new chain with TP3
Starting new chain with TP3
Starting new chain with TP3
Starting new chain with TP3
Starting new chain with TP3
Starting new chain with TP3
Starting new chain with TP3
Starting new chain with TP3
Starting new chain with TP3
Starting new chain with TP3
Starting new chain with TP3
Starting new chain with TP3
Starting new chain with TP3
Starting new chain with TP3
Starting new chain with TP3
Starting new chain with TP3
Starting new chain with TP3
Starting new chain with TP3
Starting new chain with TP3
Starting new chain with TP3
Starting new chain with TP3
Starting new chain with TP3
Starting new chain with TP3
Starting new chain with TP3
Starting new chain with TP3
Starting new chain with TP3
Starting new chain with TP3
Starting new chain with TP3
Starting new chain with TP3
Starting new chain with TP3
Starting new chain with TP3
Starting new chain with TP3
Starting new chain with TP3
Starting new chain with TP3
Starting new chain with TP3
Starting new chain with TP3
Starting new chain with TP3
Starting new chain with TP3
Starting new chain with TP3
Starting new chain with TP3
Starting new chain with TP3
Starting new chain with TP3
Starting new chain with TP3
Starting new chain with TP3
Starting new chain with TP3
Starting new chain with TP3
Starting new chain with TP3
Starting new chain with TP3
Starting new chain with TP3
Starting new chain with TP3
Starting new chain with TP3
Starting new chain with TP3
Starting new chain with TP3
Starting new chain with TP3
Starting new chain with TP3
Starting new chain with TP3
Starting new chain with TP3
Starting new chain with TP3
Starting new chain with TP3
Starting new chain with TP3
Starting new chain with TP3
Starting new chain with TP3
Starting new chain with TP3
Starting new chain with TP3
Starting new chain with TP3
Starting new chain with TP3
Starting new chain with TP3
Starting new chain with TP3
Starting new chain with TP3
Starting new chain with TP3
Starting new chain with TP3
Starting new chain with TP3
Starting new chain with TP3
Starting new chain with TP3
Starting new chain with TP3
Starting new chain with TP3
Starting new chain with TP3
Starting new chain with TP3
Starting new chain with TP3
Starting new chain with TP3
Starting new chain with TP3
Starting new chain with TP3
Starting new chain with TP3
Starting new chain with TP3
Starting new chain with TP3
Starting new chain with TP3
Starting new chain with TP3
Starting new chain with TP3
Starting new chain with TP3
Starting new chain with TP3
Starting new chain with TP3
Starting new chain with TP3
Starting new chain with TP3
Starting new chain with TP3
Starting new chain with TP3
Starting new chain with TP3
Starting new chain with TP3
Starting new chain with TP3
Starting new chain with TP3
Starting new chain with TP3
Starting new chain with TP3
Starting new chain with TP3
Starting new chain with TP3
Starting new chain with TP3
Starting new chain with TP3
Starting new chain with TP3
Starting new chain with TP3
Starting new chain with TP3
Starting new chain with TP3
Starting new chain with TP3
Starting new chain with TP3
Starting new chain with TP3
Starting new chain with TP3
Starting new chain with TP3
Starting new chain with TP3
Starting new chain with TP3
Starting new chain with TP3
Starting new chain with TP3
Starting new chain with TP3
Starting new chain with TP3
Starting new chain with TP3
Starting new chain with TP3
Starting new chain with TP3
Starting new chain with TP3
Starting new chain with TP3
Starting new chain with TP3
Starting new chain with TP3
Starting new chain with TP3
Starting new chain with TP3
Starting new chain with TP3
Starting new chain with TP3
Starting new chain with TP3
Starting new chain with TP3
Starting new chain with TP3
Starting new chain with TP3
Starting new chain with TP3
Starting new chain with TP3
Starting new chain with TP3
Starting new chain with TP3
Starting new chain with TP3
Starting new chain with TP3
Starting new chain with TP3
Starting new chain with TP3
Starting new chain with TP3
Starting new chain with TP3
Starting new chain with TP3
Starting new chain with TP3
Starting new chain with TP3
Starting new chain with TP3
Starting new chain with TP3
Starting new chain with TP3
Starting new chain with TP3
Starting new chain with TP3
Starting new chain with TP3
Starting new chain with TP3
Starting new chain with TP3
Starting new chain with TP3
Starting new chain with TP3
Starting new chain with TP3
Starting new chain with TP3
Starting new chain with TP3
Starting new chain with TP3
Starting new chain with TP3
Starting new chain with TP3
Starting new chain with TP3
Starting new chain with TP3
Starting new chain with TP3
Starting new chain with TP3
Starting new chain with TP3
Starting new chain with TP3
Starting new chain with TP3
Starting new chain with TP3
Starting new chain with TP3
Starting new chain with TP3
Starting new chain with TP3
Starting new chain with TP3
Starting new chain with TP3
Starting new chain with TP3
Starting new chain with TP3
Starting new chain with TP3
Starting new chain with TP3
Starting new chain with TP3
Starting new chain with TP3
Starting new chain with TP3
Starting new chain with TP3
Starting new chain with TP3
Starting new chain with TP3
Starting new chain with TP3
Starting new chain with TP3
Starting new chain with TP3
Starting new chain with TP3
Starting new chain with TP3
Starting new chain with TP3
Starting new chain with TP3
Starting new chain with TP3
Starting new chain with TP3
Starting new chain with TP3
Starting new chain with TP3
Starting new chain with TP3
Starting new chain with TP3
Starting new chain with TP3
Starting new chain with TP3
Starting new chain with TP3
Starting new chain with TP3
Starting new chain with TP3
Starting new chain with TP3
Starting new chain with TP3
Starting new chain with TP3
Starting new chain with TP3
Starting new chain with TP3
Starting new chain with TP3
Starting new chain with TP3
Starting new chain with TP3
Starting new chain with TP3
Starting new chain with TP3
Starting new chain with TP3
Starting new chain with TP3
Starting new chain with TP3
Starting new chain with TP3
Starting new chain with TP3
Starting new chain with TP3
Starting new chain with TP3
Starting new chain with TP3
Starting new chain with TP3
Starting new chain with TP3
Starting new chain with TP3
Starting new chain with TP3
Starting new chain with TP3
Starting new chain with TP3
Starting new chain with TP3
Starting new chain with TP3
Starting new chain with TP3
Starting new chain with TP3
Starting new chain with TP3
Starting new chain with TP3
Starting new chain with TP3
Starting new chain with TP3
Starting new chain with TP3
Starting new chain with TP3
Starting new chain with TP3
Starting new chain with TP3
Starting new chain with TP3
Starting new chain with TP3
Starting new chain with TP3
Starting new chain with TP3
Starting new chain with TP3
Starting new chain with TP3
Starting new chain with TP3
Starting new chain with TP3
Starting new chain with TP3
Starting new chain with TP3
Starting new chain with TP3
Starting new chain with TP3
Starting new chain with TP3
Starting new chain with TP3
Starting new chain with TP3
Starting new chain with TP3
Starting new chain with TP3
Starting new chain with TP3
Starting new chain with TP3
Starting new chain with TP3
Starting new chain with TP3
Starting new chain with TP3
Starting new chain with TP3
Starting new chain with TP3
Starting new chain with TP3
Starting new chain with TP3
Starting new chain with TP3
Starting new chain with TP3
Starting new chain with TP3
Starting new chain with TP3
Starting new chain with TP3
Starting new chain with TP3
Starting new chain with TP3
Starting new chain with TP3
Starting new chain with TP3
Starting new chain with TP3
Starting new chain with TP3
Starting new chain with TP3
Starting new chain with TP3
Starting new chain with TP3
Starting new chain with TP3
Starting new chain with TP3
Starting new chain with TP3
Starting new chain with TP3
Starting new chain with TP3
Starting new chain with TP3
Starting new chain with TP3
Starting new chain with TP3
Starting new chain with TP3
Starting new chain with TP3
Starting new chain with TP3
Starting new chain with TP3
Starting new chain with TP3
Starting new chain with TP3
Starting new chain with TP3
Starting new chain with TP3
Starting new chain with TP3
Starting new chain with TP3
Starting new chain with TP3
Starting new chain with TP3
Starting new chain with TP3
Starting new chain with TP3
Starting new chain with TP3
Starting new chain with TP3
Starting new chain with TP3
Starting new chain with TP3
Starting new chain with TP3
Starting new chain with TP3
Starting new chain with TP3
Starting new chain with TP3
Starting new chain with TP3
Starting new chain with TP3
Starting new chain with TP3
Starting new chain with TP3
Starting new chain with TP3
Starting new chain with TP3
Starting new chain with TP3
Starting new chain with TP3
Starting new chain with TP3
Starting new chain with TP3
Starting new chain with TP3
Starting new chain with TP3
Starting new chain with TP3
Starting new chain with TP3
Starting new chain with TP3
Starting new chain with TP3
Starting new chain with TP3
Starting new chain with TP3
Starting new chain with TP3
Starting new chain with TP3
Starting new chain with TP3
Starting new chain with TP3
Starting new chain with TP3
Starting new chain with TP3
Starting new chain with TP3
Starting new chain with TP3
Starting new chain with TP3
Starting new chain with TP3
Starting new chain with TP3
Starting new chain with TP3
Starting new chain with TP3
Starting new chain with TP3
Starting new chain with TP3
Starting new chain with TP3
Starting new chain with TP3
Starting new chain with TP3
Starting new chain with TP3
Starting new chain with TP3
Starting new chain with TP3
Starting new chain with TP3
Starting new chain with TP3
Starting new chain with TP3
Starting new chain with TP3
Starting new chain with TP3
Starting new chain with TP3
Starting new chain with TP3
Starting new chain with TP3
Starting new chain with TP3
Starting new chain with TP3
Starting new chain with TP3
Starting new chain with TP3
Starting new chain with TP3
Starting new chain with TP3
Starting new chain with TP3
Starting new chain with TP3
Starting new chain with TP3
Starting new chain with TP3
Starting new chain with TP3
Starting new chain with TP3
Starting new chain with TP3
Starting new chain with TP3
Starting new chain with TP3
Starting new chain with TP3
Starting new chain with TP3
Starting new chain with TP3
Starting new chain with TP3
Starting new chain with TP3
Starting new chain with TP3
Starting new chain with TP3
Starting new chain with TP3
Starting new chain with TP3
Starting new chain with TP3
Starting new chain with TP3
Starting new chain with TP3
Starting new chain with TP3
Starting new chain with TP3
Starting new chain with TP3
Starting new chain with TP3
Starting new chain with TP3
Starting new chain with TP3
Starting new chain with TP3
Starting new chain with TP3
Starting new chain with TP3
Starting new chain with TP3
Starting new chain with TP3
Starting new chain with TP3
Starting new chain with TP3
Starting new chain with TP3
Starting new chain with TP3
Starting new chain with TP3
Starting new chain with TP3
Starting new chain with TP3
Starting new chain with TP3
Starting new chain with TP3
Starting new chain with TP3
Starting new chain with TP3
Starting new chain with TP3
Starting new chain with TP3
Starting new chain with TP3
Starting new chain with TP3
Starting new chain with TP3
Starting new chain with TP3
Starting new chain with TP3
Starting new chain with TP3
Starting new chain with TP3
Starting new chain with TP3
Starting new chain with TP3
Starting new chain with TP3
Starting new chain with TP3
Starting new chain with TP3
Starting new chain with TP3
Starting new chain with TP3
Starting new chain with TP3
Starting new chain with TP3
Starting new chain with TP3
Starting new chain with TP3
Starting new chain with TP3
Starting new chain with TP3
Starting new chain with TP3
Starting new chain with TP3
Starting new chain with TP3
Starting new chain with TP3
Starting new chain with TP3
Starting new chain with TP3
  total atoms in file: 18615
> 
> com = combine {receptor INI}
  Sequence: default_name
  Sequence: INI
> 
> saveamberparm com complex.prmtop complex.inpcrd
Checking Unit.

/software/ambertools/22/amber22/bin/teLeap: Warning!
The unperturbed charge of the unit (-11.996001) is not zero.

/software/ambertools/22/amber22/bin/teLeap: Note.
Ignoring the warning from Unit Checking.

Building topology.
Building atom parameters.
Building bond parameters.
Building angle parameters.
Building proper torsion parameters.
Building improper torsion parameters.
 total 3577 improper torsions applied
Building H-Bond parameters.
Incorporating Non-Bonded adjustments.
Not Marking per-residue atom chain types.
Marking per-residue atom chain types.
  (Residues lacking connect0/connect1 - 
   these don't have chain types marked:

	res	total affected

	CLEU	2
	INI	1
	NMET	2
	WAT	449
  )
 (no restraints)
> savepdb com complex_final.pdb
Writing pdb file: complex_final.pdb

/software/ambertools/22/amber22/bin/teLeap: Warning!
 Converting N-terminal residue name to PDB format: NMET -> MET

/software/ambertools/22/amber22/bin/teLeap: Warning!
 Converting C-terminal residue name to PDB format: CLEU -> LEU

/software/ambertools/22/amber22/bin/teLeap: Warning!
 Converting N-terminal residue name to PDB format: NMET -> MET

/software/ambertools/22/amber22/bin/teLeap: Warning!
 Converting C-terminal residue name to PDB format: CLEU -> LEU
> 
 quit
	Quit

Exiting LEaP: Errors = 0; Warnings = 5; Notes = 1.
log started: Thu Nov 14 13:26:24 2024

Log file: ./leap.log
>> #
>> # ----- leaprc for loading the ff19SB force field
>> # ----- NOTE: this is designed for PDB format 3!
>> #
>> #	load atom type hybridizations
>> #
>> addAtomTypes {
>> 	{ "H"   "H" "sp3" }
>> 	{ "HO"  "H" "sp3" }
>> 	{ "HS"  "H" "sp3" }
>> 	{ "H1"  "H" "sp3" }
>> 	{ "H2"  "H" "sp3" }
>> 	{ "H3"  "H" "sp3" }
>> 	{ "H4"  "H" "sp3" }
>> 	{ "H5"  "H" "sp3" }
>> 	{ "HW"  "H" "sp3" }
>> 	{ "HC"  "H" "sp3" }
>> 	{ "HA"  "H" "sp3" }
>> 	{ "HP"  "H" "sp3" }
>> 	{ "HZ"  "H" "sp3" }
>> 	{ "OH"  "O" "sp3" }
>> 	{ "OS"  "O" "sp3" }
>> 	{ "O"   "O" "sp2" }
>> 	{ "O2"  "O" "sp2" }
>> 	{ "OP"  "O" "sp2" }
>> 	{ "OW"  "O" "sp3" }
>> 	{ "CT"  "C" "sp3" }
>> 	{ "CX"  "C" "sp3" }
>> 	{ "XC"  "C" "sp3" }
>> 	{ "C8"  "C" "sp3" }
>> 	{ "2C"  "C" "sp3" }
>> 	{ "3C"  "C" "sp3" }
>> 	{ "CH"  "C" "sp3" }
>> 	{ "CS"  "C" "sp2" }
>> 	{ "C"   "C" "sp2" }
>> 	{ "CO"   "C" "sp2" }
>> 	{ "C*"  "C" "sp2" }
>> 	{ "CA"  "C" "sp2" }
>> 	{ "CB"  "C" "sp2" }
>> 	{ "CC"  "C" "sp2" }
>> 	{ "CN"  "C" "sp2" }
>> 	{ "CM"  "C" "sp2" }
>> 	{ "CK"  "C" "sp2" }
>> 	{ "CQ"  "C" "sp2" }
>> 	{ "CD"  "C" "sp2" }
>> 	{ "C5"  "C" "sp2" }
>> 	{ "C4"  "C" "sp2" }
>> 	{ "CP"  "C" "sp2" }
>> 	{ "CI"  "C" "sp3" }
>> 	{ "CJ"  "C" "sp2" }
>> 	{ "CW"  "C" "sp2" }
>> 	{ "CV"  "C" "sp2" }
>> 	{ "CR"  "C" "sp2" }
>> 	{ "CA"  "C" "sp2" }
>> 	{ "CY"  "C" "sp2" }
>> 	{ "C0"  "Ca" "sp3" }
>> 	{ "MG"  "Mg" "sp3" }
>> 	{ "N"   "N" "sp2" }
>> 	{ "NA"  "N" "sp2" }
>> 	{ "N2"  "N" "sp2" }
>> 	{ "N*"  "N" "sp2" }
>> 	{ "NP"  "N" "sp2" }
>> 	{ "NQ"  "N" "sp2" }
>> 	{ "NB"  "N" "sp2" }
>> 	{ "NC"  "N" "sp2" }
>> 	{ "NT"  "N" "sp3" }
>> 	{ "NY"  "N" "sp2" }
>> 	{ "N3"  "N" "sp3" }
>> 	{ "S"   "S" "sp3" }
>> 	{ "SH"  "S" "sp3" }
>> 	{ "P"   "P" "sp3" }
>> 	{ "LP"  ""  "sp3" }
>> 	{ "EP"  ""  "sp3" }
>> 	{ "F"   "F" "sp3" }
>> 	{ "Cl"  "Cl" "sp3" }
>> 	{ "Br"  "Br" "sp3" }
>> 	{ "I"   "I"  "sp3" }
>> }
>> #
>> #	Load the main parameter set.
>> #
>> set default cmap on
>> parm19 = loadamberparams parm19.dat
Loading parameters: /software/ambertools/22/amber22/dat/leap/parm/parm19.dat
Reading title:
PARM99 + frcmod.ff99SB + frcmod.parmbsc0 + OL3 for RNA + ff19SB
(UNKNOWN ATOM TYPE: Zn)
(UNKNOWN ATOM TYPE: EP)
>> frcmod19SB = loadamberparams frcmod.ff19SB
Loading parameters: /software/ambertools/22/amber22/dat/leap/parm/frcmod.ff19SB
Reading force field modification type file (frcmod)
Reading title:
ff19SB AA-specific backbone CMAPs for protein 07/25/2019
>> #
>> #	Load main chain and terminating amino acid libraries
>> #
>> loadOff amino19.lib
Loading library: /software/ambertools/22/amber22/dat/leap/lib/amino19.lib
Loading: ALA
Loading: ARG
Loading: ASH
Loading: ASN
Loading: ASP
Loading: CYM
Loading: CYS
Loading: CYX
Loading: GLH
Loading: GLN
Loading: GLU
Loading: GLY
Loading: HID
Loading: HIE
Loading: HIP
Loading: HYP
Loading: ILE
Loading: LEU
Loading: LYN
Loading: LYS
Loading: MET
Loading: PHE
Loading: PRO
Loading: SER
Loading: THR
Loading: TRP
Loading: TYR
Loading: VAL
>> loadOff aminoct12.lib
Loading library: /software/ambertools/22/amber22/dat/leap/lib/aminoct12.lib
Loading: CALA
Loading: CARG
Loading: CASN
Loading: CASP
Loading: CCYS
Loading: CCYX
Loading: CGLN
Loading: CGLU
Loading: CGLY
Loading: CHID
Loading: CHIE
Loading: CHIP
Loading: CHYP
Loading: CILE
Loading: CLEU
Loading: CLYS
Loading: CMET
Loading: CPHE
Loading: CPRO
Loading: CSER
Loading: CTHR
Loading: CTRP
Loading: CTYR
Loading: CVAL
Loading: NHE
Loading: NME
>> loadOff aminont12.lib
Loading library: /software/ambertools/22/amber22/dat/leap/lib/aminont12.lib
Loading: ACE
Loading: NALA
Loading: NARG
Loading: NASN
Loading: NASP
Loading: NCYS
Loading: NCYX
Loading: NGLN
Loading: NGLU
Loading: NGLY
Loading: NHID
Loading: NHIE
Loading: NHIP
Loading: NILE
Loading: NLEU
Loading: NLYS
Loading: NMET
Loading: NPHE
Loading: NPRO
Loading: NSER
Loading: NTHR
Loading: NTRP
Loading: NTYR
Loading: NVAL
>> 
>> #
>> #	Define the PDB name map for the amino acids
>> #
>> addPdbResMap {
>>   { 0 "HYP" "NHYP" } { 1 "HYP" "CHYP" }
>>   { 0 "ALA" "NALA" } { 1 "ALA" "CALA" }
>>   { 0 "ARG" "NARG" } { 1 "ARG" "CARG" }
>>   { 0 "ASN" "NASN" } { 1 "ASN" "CASN" }
>>   { 0 "ASP" "NASP" } { 1 "ASP" "CASP" }
>>   { 0 "CYS" "NCYS" } { 1 "CYS" "CCYS" }
>>   { 0 "CYX" "NCYX" } { 1 "CYX" "CCYX" }
>>   { 0 "GLN" "NGLN" } { 1 "GLN" "CGLN" }
>>   { 0 "GLU" "NGLU" } { 1 "GLU" "CGLU" }
>>   { 0 "GLY" "NGLY" } { 1 "GLY" "CGLY" }
>>   { 0 "HID" "NHID" } { 1 "HID" "CHID" }
>>   { 0 "HIE" "NHIE" } { 1 "HIE" "CHIE" }
>>   { 0 "HIP" "NHIP" } { 1 "HIP" "CHIP" }
>>   { 0 "ILE" "NILE" } { 1 "ILE" "CILE" }
>>   { 0 "LEU" "NLEU" } { 1 "LEU" "CLEU" }
>>   { 0 "LYS" "NLYS" } { 1 "LYS" "CLYS" }
>>   { 0 "MET" "NMET" } { 1 "MET" "CMET" }
>>   { 0 "PHE" "NPHE" } { 1 "PHE" "CPHE" }
>>   { 0 "PRO" "NPRO" } { 1 "PRO" "CPRO" }
>>   { 0 "SER" "NSER" } { 1 "SER" "CSER" }
>>   { 0 "THR" "NTHR" } { 1 "THR" "CTHR" }
>>   { 0 "TRP" "NTRP" } { 1 "TRP" "CTRP" }
>>   { 0 "TYR" "NTYR" } { 1 "TYR" "CTYR" }
>>   { 0 "VAL" "NVAL" } { 1 "VAL" "CVAL" }
>>   { 0 "HIS" "NHIS" } { 1 "HIS" "CHIS" }
>> }
>> 
>> #
>> # assume that most often proteins use HIE
>> #
>> NHIS = NHIE
>> HIS = HIE
>> CHIS = CHIE
> 
> source leaprc.gaff2
----- Source: /software/ambertools/22/amber22/dat/leap/cmd/leaprc.gaff2
----- Source of /software/ambertools/22/amber22/dat/leap/cmd/leaprc.gaff2 done
>> logFile leap.log
log started: Thu Nov 14 13:26:24 2024

Log file: ./leap.log
>> #
>> # ----- leaprc for loading the general Amber Force field.
>> #       This file is mostly for use with Antechamber
>> #
>> #	load atom type hybridizations
>> #
>> addAtomTypes {
>> 	{ "h1"  "H" "sp3" }
>> 	{ "h2"  "H" "sp3" }
>> 	{ "h3"  "H" "sp3" }
>> 	{ "h4"  "H" "sp3" }
>> 	{ "h5"  "H" "sp3" }
>> 	{ "ha"  "H" "sp3" }
>> 	{ "hc"  "H" "sp3" }
>> 	{ "hn"  "H" "sp3" }
>> 	{ "ho"  "H" "sp3" }
>> 	{ "hp"  "H" "sp3" }
>> 	{ "hs"  "H" "sp3" }
>> 	{ "hw"  "H" "sp3" }
>> 	{ "hx"  "H" "sp3" }
>> 	{ "o"  "O" "sp2" }
>> 	{ "o2"  "O" "sp2" }
>> 	{ "oh"  "O" "sp3" }
>> 	{ "op"  "O" "sp3" }
>> 	{ "oq"  "O" "sp3" }
>> 	{ "os"  "O" "sp3" }
>> 	{ "ow"  "O" "sp3" }
>> 	{ "c"  "C" "sp2" }
>> 	{ "c1"  "C" "sp2" }
>> 	{ "c2"  "C" "sp2" }
>> 	{ "c3"  "C" "sp3" }
>> 	{ "ca"  "C" "sp2" }
>> 	{ "cc"  "C" "sp2" }
>> 	{ "cd"  "C" "sp2" }
>> 	{ "ce"  "C" "sp2" }
>> 	{ "cf"  "C" "sp2" }
>> 	{ "cg"  "C" "sp2" }
>> 	{ "ch"  "C" "sp2" }
>> 	{ "cp"  "C" "sp2" }
>> 	{ "cs"  "C" "sp2" }
>> 	{ "cq"  "C" "sp2" }
>> 	{ "cu"  "C" "sp2" }
>> 	{ "cv"  "C" "sp2" }
>> 	{ "cx"  "C" "sp2" }
>> 	{ "cy"  "C" "sp2" }
>> 	{ "cz"  "C" "sp2" }
>> 	{ "n"   "N" "sp2" }
>> 	{ "n1"  "N" "sp2" }
>> 	{ "n2"  "N" "sp2" }
>> 	{ "n3"  "N" "sp3" }
>> 	{ "n4"  "N" "sp3" }
>> 	{ "n5"  "N" "sp3" }
>> 	{ "n6"  "N" "sp3" }
>> 	{ "n7"  "N" "sp3" }
>> 	{ "n8"  "N" "sp3" }
>> 	{ "n9"  "N" "sp3" }
>> 	{ "na"  "N" "sp2" }
>> 	{ "nb"  "N" "sp2" }
>> 	{ "nc"  "N" "sp2" }
>> 	{ "nd"  "N" "sp2" }
>> 	{ "ne"  "N" "sp2" }
>> 	{ "nf"  "N" "sp2" }
>> 	{ "nh"  "N" "sp2" }
>> 	{ "ni"  "N" "sp2" }
>> 	{ "nj"  "N" "sp2" }
>> 	{ "nk"  "N" "sp3" }
>> 	{ "nl"  "N" "sp3" }
>> 	{ "nm"  "N" "sp2" }
>> 	{ "nn"  "N" "sp2" }
>> 	{ "no"  "N" "sp2" }
>> 	{ "np"  "N" "sp3" }
>> 	{ "nq"  "N" "sp3" }
>> 	{ "ns"  "N" "sp2" }
>> 	{ "nt"  "N" "sp2" }
>> 	{ "nu"  "N" "sp2" }
>> 	{ "nv"  "N" "sp2" }
>> 	{ "nx"  "N" "sp3" }
>> 	{ "ny"  "N" "sp3" }
>> 	{ "nz"  "N" "sp3" }
>> 	{ "n+"  "N" "sp3" }
>> 	{ "s"   "S" "sp2" }
>> 	{ "s2"   "S" "sp2" }
>> 	{ "s3"   "S" "sp3" }
>> 	{ "s4"   "S" "sp3" }
>> 	{ "s6"   "S" "sp3" }
>> 	{ "sh"   "S" "sp3" }
>> 	{ "sp"   "S" "sp3" }
>> 	{ "sq"   "S" "sp3" }
>> 	{ "ss"   "S" "sp3" }
>> 	{ "sx"   "S" "sp3" }
>> 	{ "sy"   "S" "sp3" }
>> 	{ "p2"   "P" "sp2" }
>> 	{ "p3"   "P" "sp3" }
>> 	{ "p4"   "P" "sp3" }
>> 	{ "p5"   "P" "sp3" }
>> 	{ "pb"   "P" "sp3" }
>> 	{ "pc"   "P" "sp3" }
>> 	{ "pd"   "P" "sp3" }
>> 	{ "pe"   "P" "sp3" }
>> 	{ "pf"   "P" "sp3" }
>> 	{ "px"   "P" "sp3" }
>> 	{ "py"   "P" "sp3" }
>> 	{ "f"   "F" "sp3" }
>> 	{ "cl"  "Cl" "sp3" }
>> 	{ "br"  "Br" "sp3" }
>> 	{ "i"   "I"  "sp3" }
>> }
>> #
>> #	Load the general force field parameter set.
>> #
>> gaff = loadamberparams gaff2.dat
Loading parameters: /software/ambertools/22/amber22/dat/leap/parm/gaff2.dat
Reading title:
AMBER General Force Field for organic molecules (Version 2.2.20, March 2021)
(UNKNOWN ATOM TYPE: c6)
> 
> source leaprc.water.tip3p
----- Source: /software/ambertools/22/amber22/dat/leap/cmd/leaprc.water.tip3p
----- Source of /software/ambertools/22/amber22/dat/leap/cmd/leaprc.water.tip3p done
>> #
>> #       Load water and ions for TIP3P + Li/Merz monovalent ions 
>> #       + Joung-Chetham monovalent ions
>> #       + Li/Merz highly charged ions (+2 to +4, 12-6 normal usage set)
>> #
>> #       Note: the Li/Merz monovalent set is loaded only to get Tl+,
>> #          Cu+, Ag+ NH4+, H3O+.  Since we load Joung-Cheatham second,
>> #          the alkali halide parameters come from the Joung-Cheatham set
>> #
>> addAtomTypes {
>> 	{ "HW"  "H" "sp3" }
>> 	{ "OW"  "O" "sp3" }
>> 	{ "F-"   "F" "sp3" }
>> 	{ "Cl-"  "Cl" "sp3" }
>> 	{ "Br-"  "Br" "sp3" }
>> 	{ "I-"   "I"  "sp3" }
>> 	{ "Li+"  "Li"  "sp3" }
>> 	{ "Na+"  "Na"  "sp3" }
>> 	{ "K+"  "K"  "sp3" }
>> 	{ "Rb+"  "Rb"  "sp3" }
>> 	{ "Cs+"  "Cs"  "sp3" }
>> 	{ "Mg+"  "Mg"  "sp3" }
>>     { "Tl+"  "Tl"  "sp3" }
>>     { "Cu+"  "Cu"  "sp3" }
>>     { "Ag+"  "Ag"  "sp3" }
>>     { "NH4+"  "N"  "sp3" }
>>     { "H3O+"  "O"  "sp3" }
>>     { "Be2+" "Be"  "sp3" }
>>     { "Cu2+" "Cu"  "sp3" }
>>     { "Ni2+" "Ni"  "sp3" }
>>     { "Pt2+" "Pt"  "sp3" }
>>     { "Zn2+" "Zn"  "sp3" }
>>     { "Co2+" "Co"  "sp3" }
>>     { "Pd2+" "Pd"  "sp3" }
>>     { "Ag2+" "Ag"  "sp3" }
>>     { "Cr2+" "Cr"  "sp3" }
>>     { "Fe2+" "Fe"  "sp3" }
>>     { "Mg2+" "Mg"  "sp3" }
>>     { "V2+"  "V"   "sp3" }
>>     { "Mn2+" "Mn"  "sp3" }
>>     { "Hg2+" "Hg"  "sp3" }
>>     { "Cd2+" "Cd"  "sp3" }
>>     { "Yb2+" "Yb"  "sp3" }
>>     { "Ca2+" "Ca"  "sp3" }
>>     { "Sn2+" "Sn"  "sp3" }
>>     { "Pb2+" "Pb"  "sp3" }
>>     { "Eu2+" "Eu"  "sp3" }
>>     { "Sr2+" "Sr"  "sp3" }
>>     { "Sm2+" "Sm"  "sp3" }
>>     { "Ba2+" "Ba"  "sp3" }
>>     { "Ra2+" "Ra"  "sp3" }
>>     { "Al3+" "Al"  "sp3" }
>>     { "Fe3+" "Fe"  "sp3" }
>>     { "Cr3+" "Cr"  "sp3" }
>>     { "In3+" "In"  "sp3" }
>>     { "Tl3+" "Tl"  "sp3" }
>>     { "Y3+"  "Y"   "sp3" }
>>     { "La3+" "La"  "sp3" }
>>     { "Ce3+" "Ce"  "sp3" }
>>     { "Pr3+" "Pr"  "sp3" }
>>     { "Nd3+" "Nd"  "sp3" }
>>     { "Sm3+" "Sm"  "sp3" }
>>     { "Eu3+" "Eu"  "sp3" }
>>     { "Gd3+" "Gd"  "sp3" }
>>     { "Tb3+" "Tb"  "sp3" }
>>     { "Dy3+" "Dy"  "sp3" }
>>     { "Er3+" "Er"  "sp3" }
>>     { "Tm3+" "Tm"  "sp3" }
>>     { "Lu3+" "Lu"  "sp3" }
>>     { "Hf4+" "Hf"  "sp3" }
>>     { "Zr4+" "Zr"  "sp3" }
>>     { "Ce4+" "Ce"  "sp3" }
>>     { "U4+"  "U"   "sp3" }
>>     { "Pu4+" "Pu"  "sp3" }
>>     { "Th4+" "Th"  "sp3" }
>> }
>> loadOff atomic_ions.lib
Loading library: /software/ambertools/22/amber22/dat/leap/lib/atomic_ions.lib
Loading: AG
Loading: AL
Loading: Ag
Loading: BA
Loading: BR
Loading: Be
Loading: CA
Loading: CD
Loading: CE
Loading: CL
Loading: CO
Loading: CR
Loading: CS
Loading: CU
Loading: CU1
Loading: Ce
Loading: Cl-
Loading: Cr
Loading: Dy
Loading: EU
Loading: EU3
Loading: Er
Loading: F
Loading: FE
Loading: FE2
Loading: GD3
Loading: H3O+
Loading: HE+
Loading: HG
Loading: HZ+
Loading: Hf
Loading: IN
Loading: IOD
Loading: K
Loading: K+
Loading: LA
Loading: LI
Loading: LU
Loading: MG
Loading: MN
Loading: NA
Loading: NH4
Loading: NI
Loading: Na+
Loading: Nd
Loading: PB
Loading: PD
Loading: PR
Loading: PT
Loading: Pu
Loading: RB
Loading: Ra
Loading: SM
Loading: SR
Loading: Sm
Loading: Sn
Loading: TB
Loading: TL
Loading: Th
Loading: Tl
Loading: Tm
Loading: U4+
Loading: V2+
Loading: Y
Loading: YB2
Loading: ZN
Loading: Zr
>> loadOff solvents.lib
Loading library: /software/ambertools/22/amber22/dat/leap/lib/solvents.lib
Loading: CHCL3BOX
Loading: DC4
Loading: FB3
Loading: FB3BOX
Loading: FB4
Loading: FB4BOX
Loading: MEOHBOX
Loading: NMABOX
Loading: O3P
Loading: OP3
Loading: OPC
Loading: OPC3BOX
Loading: OPC3POLBOX
Loading: OPCBOX
Loading: PL3
Loading: POL3BOX
Loading: QSPCFWBOX
Loading: SPC
Loading: SPCBOX
Loading: SPCFWBOX
Loading: SPF
Loading: SPG
Loading: T4E
Loading: TIP3PBOX
Loading: TIP3PFBOX
Loading: TIP4PBOX
Loading: TIP4PEWBOX
Loading: TIP5PBOX
Loading: TP3
Loading: TP4
Loading: TP5
Loading: TPF
>> HOH = TP3
>> WAT = TP3
>> loadAmberParams frcmod.tip3p
Loading parameters: /software/ambertools/22/amber22/dat/leap/parm/frcmod.tip3p
Reading force field modification type file (frcmod)
Reading title:
This is the additional/replacement parameter set for TIP3P water
>> loadAmberParams frcmod.ions1lm_126_tip3p
Loading parameters: /software/ambertools/22/amber22/dat/leap/parm/frcmod.ions1lm_126_tip3p
Reading force field modification type file (frcmod)
Reading title:
Li/Merz ion parameters of monovalent ions for TIP3P water model (12-6 normal usage set)
>> loadAmberParams frcmod.ionsjc_tip3p
Loading parameters: /software/ambertools/22/amber22/dat/leap/parm/frcmod.ionsjc_tip3p
Reading force field modification type file (frcmod)
Reading title:
Monovalent ion parameters for Ewald and TIP3P water from Joung & Cheatham JPCB (2008)
>> loadAmberParams frcmod.ions234lm_126_tip3p
Loading parameters: /software/ambertools/22/amber22/dat/leap/parm/frcmod.ions234lm_126_tip3p
Reading force field modification type file (frcmod)
Reading title:
Li/Merz ion parameters of divalent to tetravalent ions for TIP3P water model (12-6 normal usage set)
>> 
> 
> loadamberparams	frcmod.ionsjc_tip3p
Loading parameters: /software/ambertools/22/amber22/dat/leap/parm/frcmod.ionsjc_tip3p
Reading force field modification type file (frcmod)
Reading title:
Monovalent ion parameters for Ewald and TIP3P water from Joung & Cheatham JPCB (2008)
> loadamberparams frcmod.ions234lm_1264_tip3p
Loading parameters: /software/ambertools/22/amber22/dat/leap/parm/frcmod.ions234lm_1264_tip3p
Reading force field modification type file (frcmod)
Reading title:
Li/Merz ion parameters of divalent to tetravalent ions for TIP3P water model (12-6-4 set)
> 
> loadamberparams INI.frcmod
Loading parameters: ./INI.frcmod
Reading force field modification type file (frcmod)
Reading title:
Remark line goes here
> INI = loadMol2 INI.mol2
Loading Mol2 file: ./INI.mol2
Reading MOLECULE named INI
> saveamberparm INI INI.prmtop INI.inpcrd
Checking Unit.

/software/ambertools/22/amber22/bin/teLeap: Warning!
The unperturbed charge of the unit (-4.996001) is not zero.

/software/ambertools/22/amber22/bin/teLeap: Note.
Ignoring the warning from Unit Checking.

Building topology.
Building atom parameters.
Building bond parameters.
Building angle parameters.
Building proper torsion parameters.
Building improper torsion parameters.
 total 11 improper torsions applied
Building H-Bond parameters.
Incorporating Non-Bonded adjustments.
Not Marking per-residue atom chain types.
Marking per-residue atom chain types.
  (Residues lacking connect0/connect1 - 
   these don't have chain types marked:

	res	total affected

	INI	1
  )
 (no restraints)
> 
> receptor = loadPDB receptor_amber.pdb
Loading PDB file: ./receptor_amber.pdb
Matching PDB residue names to LEaP variables.
Mapped residue MET, term: Terminal/beginning, seq. number: 0 to: NMET.
Mapped residue LEU, term: Terminal/last, seq. number: 555 to: CLEU.
Mapped residue MET, term: Terminal/beginning, seq. number: 556 to: NMET.
Mapped residue LEU, term: Terminal/last, seq. number: 1111 to: CLEU.
  total atoms in file: 17268
> saveamberparm receptor receptor.prmtop receptor.inpcrd
Checking Unit.

/software/ambertools/22/amber22/bin/teLeap: Warning!
The unperturbed charge of the unit (-7.000000) is not zero.

/software/ambertools/22/amber22/bin/teLeap: Note.
Ignoring the warning from Unit Checking.

Building topology.
Building atom parameters.
Building bond parameters.
Building angle parameters.
Building proper torsion parameters.
Building improper torsion parameters.
 total 3566 improper torsions applied
Building H-Bond parameters.
Incorporating Non-Bonded adjustments.
Not Marking per-residue atom chain types.
Marking per-residue atom chain types.
  (Residues lacking connect0/connect1 - 
   these don't have chain types marked:

	res	total affected

	CLEU	2
	NMET	2
  )
 (no restraints)
> 
> dry_complex = combine {receptor INI}
  Sequence: default_name
  Sequence: INI
> 
> saveamberparm dry_complex dry_complex.prmtop dry_complex.inpcrd
Checking Unit.

/software/ambertools/22/amber22/bin/teLeap: Warning!
The unperturbed charge of the unit (-11.996001) is not zero.

/software/ambertools/22/amber22/bin/teLeap: Note.
Ignoring the warning from Unit Checking.

Building topology.
Building atom parameters.
Building bond parameters.
Building angle parameters.
Building proper torsion parameters.
Building improper torsion parameters.
 total 3577 improper torsions applied
Building H-Bond parameters.
Incorporating Non-Bonded adjustments.
Not Marking per-residue atom chain types.
Marking per-residue atom chain types.
  (Residues lacking connect0/connect1 - 
   these don't have chain types marked:

	res	total affected

	CLEU	2
	INI	1
	NMET	2
  )
 (no restraints)
> savepdb dry_complex dry_complex.pdb
Writing pdb file: dry_complex.pdb

/software/ambertools/22/amber22/bin/teLeap: Warning!
 Converting N-terminal residue name to PDB format: NMET -> MET

/software/ambertools/22/amber22/bin/teLeap: Warning!
 Converting C-terminal residue name to PDB format: CLEU -> LEU

/software/ambertools/22/amber22/bin/teLeap: Warning!
 Converting N-terminal residue name to PDB format: NMET -> MET

/software/ambertools/22/amber22/bin/teLeap: Warning!
 Converting C-terminal residue name to PDB format: CLEU -> LEU
> 
> water = loadPDB water_amber.pdb
Loading PDB file: ./water_amber.pdb
Matching PDB residue names to LEaP variables.
Starting new chain with TP3
Starting new chain with TP3
Starting new chain with TP3
Starting new chain with TP3
Starting new chain with TP3
Starting new chain with TP3
Starting new chain with TP3
Starting new chain with TP3
Starting new chain with TP3
Starting new chain with TP3
Starting new chain with TP3
Starting new chain with TP3
Starting new chain with TP3
Starting new chain with TP3
Starting new chain with TP3
Starting new chain with TP3
Starting new chain with TP3
Starting new chain with TP3
Starting new chain with TP3
Starting new chain with TP3
Starting new chain with TP3
Starting new chain with TP3
Starting new chain with TP3
Starting new chain with TP3
Starting new chain with TP3
Starting new chain with TP3
Starting new chain with TP3
Starting new chain with TP3
Starting new chain with TP3
Starting new chain with TP3
Starting new chain with TP3
Starting new chain with TP3
Starting new chain with TP3
Starting new chain with TP3
Starting new chain with TP3
Starting new chain with TP3
Starting new chain with TP3
Starting new chain with TP3
Starting new chain with TP3
Starting new chain with TP3
Starting new chain with TP3
Starting new chain with TP3
Starting new chain with TP3
Starting new chain with TP3
Starting new chain with TP3
Starting new chain with TP3
Starting new chain with TP3
Starting new chain with TP3
Starting new chain with TP3
Starting new chain with TP3
Starting new chain with TP3
Starting new chain with TP3
Starting new chain with TP3
Starting new chain with TP3
Starting new chain with TP3
Starting new chain with TP3
Starting new chain with TP3
Starting new chain with TP3
Starting new chain with TP3
Starting new chain with TP3
Starting new chain with TP3
Starting new chain with TP3
Starting new chain with TP3
Starting new chain with TP3
Starting new chain with TP3
Starting new chain with TP3
Starting new chain with TP3
Starting new chain with TP3
Starting new chain with TP3
Starting new chain with TP3
Starting new chain with TP3
Starting new chain with TP3
Starting new chain with TP3
Starting new chain with TP3
Starting new chain with TP3
Starting new chain with TP3
Starting new chain with TP3
Starting new chain with TP3
Starting new chain with TP3
Starting new chain with TP3
Starting new chain with TP3
Starting new chain with TP3
Starting new chain with TP3
Starting new chain with TP3
Starting new chain with TP3
Starting new chain with TP3
Starting new chain with TP3
Starting new chain with TP3
Starting new chain with TP3
Starting new chain with TP3
Starting new chain with TP3
Starting new chain with TP3
Starting new chain with TP3
Starting new chain with TP3
Starting new chain with TP3
Starting new chain with TP3
Starting new chain with TP3
Starting new chain with TP3
Starting new chain with TP3
Starting new chain with TP3
Starting new chain with TP3
Starting new chain with TP3
Starting new chain with TP3
Starting new chain with TP3
Starting new chain with TP3
Starting new chain with TP3
Starting new chain with TP3
Starting new chain with TP3
Starting new chain with TP3
Starting new chain with TP3
Starting new chain with TP3
Starting new chain with TP3
Starting new chain with TP3
Starting new chain with TP3
Starting new chain with TP3
Starting new chain with TP3
Starting new chain with TP3
Starting new chain with TP3
Starting new chain with TP3
Starting new chain with TP3
Starting new chain with TP3
Starting new chain with TP3
Starting new chain with TP3
Starting new chain with TP3
Starting new chain with TP3
Starting new chain with TP3
Starting new chain with TP3
Starting new chain with TP3
Starting new chain with TP3
Starting new chain with TP3
Starting new chain with TP3
Starting new chain with TP3
Starting new chain with TP3
Starting new chain with TP3
Starting new chain with TP3
Starting new chain with TP3
Starting new chain with TP3
Starting new chain with TP3
Starting new chain with TP3
Starting new chain with TP3
Starting new chain with TP3
Starting new chain with TP3
Starting new chain with TP3
Starting new chain with TP3
Starting new chain with TP3
Starting new chain with TP3
Starting new chain with TP3
Starting new chain with TP3
Starting new chain with TP3
Starting new chain with TP3
Starting new chain with TP3
Starting new chain with TP3
Starting new chain with TP3
Starting new chain with TP3
Starting new chain with TP3
Starting new chain with TP3
Starting new chain with TP3
Starting new chain with TP3
Starting new chain with TP3
Starting new chain with TP3
Starting new chain with TP3
Starting new chain with TP3
Starting new chain with TP3
Starting new chain with TP3
Starting new chain with TP3
Starting new chain with TP3
Starting new chain with TP3
Starting new chain with TP3
Starting new chain with TP3
Starting new chain with TP3
Starting new chain with TP3
Starting new chain with TP3
Starting new chain with TP3
Starting new chain with TP3
Starting new chain with TP3
Starting new chain with TP3
Starting new chain with TP3
Starting new chain with TP3
Starting new chain with TP3
Starting new chain with TP3
Starting new chain with TP3
Starting new chain with TP3
Starting new chain with TP3
Starting new chain with TP3
Starting new chain with TP3
Starting new chain with TP3
Starting new chain with TP3
Starting new chain with TP3
Starting new chain with TP3
Starting new chain with TP3
Starting new chain with TP3
Starting new chain with TP3
Starting new chain with TP3
Starting new chain with TP3
Starting new chain with TP3
Starting new chain with TP3
Starting new chain with TP3
Starting new chain with TP3
Starting new chain with TP3
Starting new chain with TP3
Starting new chain with TP3
Starting new chain with TP3
Starting new chain with TP3
Starting new chain with TP3
Starting new chain with TP3
Starting new chain with TP3
Starting new chain with TP3
Starting new chain with TP3
Starting new chain with TP3
Starting new chain with TP3
Starting new chain with TP3
Starting new chain with TP3
Starting new chain with TP3
Starting new chain with TP3
Starting new chain with TP3
Starting new chain with TP3
Starting new chain with TP3
Starting new chain with TP3
Starting new chain with TP3
Starting new chain with TP3
Starting new chain with TP3
Starting new chain with TP3
Starting new chain with TP3
Starting new chain with TP3
Starting new chain with TP3
Starting new chain with TP3
Starting new chain with TP3
Starting new chain with TP3
Starting new chain with TP3
Starting new chain with TP3
Starting new chain with TP3
Starting new chain with TP3
Starting new chain with TP3
Starting new chain with TP3
Starting new chain with TP3
Starting new chain with TP3
Starting new chain with TP3
Starting new chain with TP3
Starting new chain with TP3
Starting new chain with TP3
Starting new chain with TP3
Starting new chain with TP3
Starting new chain with TP3
Starting new chain with TP3
Starting new chain with TP3
Starting new chain with TP3
Starting new chain with TP3
Starting new chain with TP3
Starting new chain with TP3
Starting new chain with TP3
Starting new chain with TP3
Starting new chain with TP3
Starting new chain with TP3
Starting new chain with TP3
Starting new chain with TP3
Starting new chain with TP3
Starting new chain with TP3
Starting new chain with TP3
Starting new chain with TP3
Starting new chain with TP3
Starting new chain with TP3
Starting new chain with TP3
Starting new chain with TP3
Starting new chain with TP3
Starting new chain with TP3
Starting new chain with TP3
Starting new chain with TP3
Starting new chain with TP3
Starting new chain with TP3
Starting new chain with TP3
Starting new chain with TP3
Starting new chain with TP3
Starting new chain with TP3
Starting new chain with TP3
Starting new chain with TP3
Starting new chain with TP3
Starting new chain with TP3
Starting new chain with TP3
Starting new chain with TP3
Starting new chain with TP3
Starting new chain with TP3
Starting new chain with TP3
Starting new chain with TP3
Starting new chain with TP3
Starting new chain with TP3
Starting new chain with TP3
Starting new chain with TP3
Starting new chain with TP3
Starting new chain with TP3
Starting new chain with TP3
Starting new chain with TP3
Starting new chain with TP3
Starting new chain with TP3
Starting new chain with TP3
Starting new chain with TP3
Starting new chain with TP3
Starting new chain with TP3
Starting new chain with TP3
Starting new chain with TP3
Starting new chain with TP3
Starting new chain with TP3
Starting new chain with TP3
Starting new chain with TP3
Starting new chain with TP3
Starting new chain with TP3
Starting new chain with TP3
Starting new chain with TP3
Starting new chain with TP3
Starting new chain with TP3
Starting new chain with TP3
Starting new chain with TP3
Starting new chain with TP3
Starting new chain with TP3
Starting new chain with TP3
Starting new chain with TP3
Starting new chain with TP3
Starting new chain with TP3
Starting new chain with TP3
Starting new chain with TP3
Starting new chain with TP3
Starting new chain with TP3
Starting new chain with TP3
Starting new chain with TP3
Starting new chain with TP3
Starting new chain with TP3
Starting new chain with TP3
Starting new chain with TP3
Starting new chain with TP3
Starting new chain with TP3
Starting new chain with TP3
Starting new chain with TP3
Starting new chain with TP3
Starting new chain with TP3
Starting new chain with TP3
Starting new chain with TP3
Starting new chain with TP3
Starting new chain with TP3
Starting new chain with TP3
Starting new chain with TP3
Starting new chain with TP3
Starting new chain with TP3
Starting new chain with TP3
Starting new chain with TP3
Starting new chain with TP3
Starting new chain with TP3
Starting new chain with TP3
Starting new chain with TP3
Starting new chain with TP3
Starting new chain with TP3
Starting new chain with TP3
Starting new chain with TP3
Starting new chain with TP3
Starting new chain with TP3
Starting new chain with TP3
Starting new chain with TP3
Starting new chain with TP3
Starting new chain with TP3
Starting new chain with TP3
Starting new chain with TP3
Starting new chain with TP3
Starting new chain with TP3
Starting new chain with TP3
Starting new chain with TP3
Starting new chain with TP3
Starting new chain with TP3
Starting new chain with TP3
Starting new chain with TP3
Starting new chain with TP3
Starting new chain with TP3
Starting new chain with TP3
Starting new chain with TP3
Starting new chain with TP3
Starting new chain with TP3
Starting new chain with TP3
Starting new chain with TP3
Starting new chain with TP3
Starting new chain with TP3
Starting new chain with TP3
Starting new chain with TP3
Starting new chain with TP3
Starting new chain with TP3
Starting new chain with TP3
Starting new chain with TP3
Starting new chain with TP3
Starting new chain with TP3
Starting new chain with TP3
Starting new chain with TP3
Starting new chain with TP3
Starting new chain with TP3
Starting new chain with TP3
Starting new chain with TP3
Starting new chain with TP3
Starting new chain with TP3
Starting new chain with TP3
Starting new chain with TP3
Starting new chain with TP3
Starting new chain with TP3
Starting new chain with TP3
Starting new chain with TP3
Starting new chain with TP3
Starting new chain with TP3
Starting new chain with TP3
Starting new chain with TP3
Starting new chain with TP3
Starting new chain with TP3
Starting new chain with TP3
Starting new chain with TP3
Starting new chain with TP3
Starting new chain with TP3
Starting new chain with TP3
Starting new chain with TP3
Starting new chain with TP3
Starting new chain with TP3
Starting new chain with TP3
Starting new chain with TP3
Starting new chain with TP3
Starting new chain with TP3
Starting new chain with TP3
Starting new chain with TP3
Starting new chain with TP3
Starting new chain with TP3
Starting new chain with TP3
Starting new chain with TP3
Starting new chain with TP3
Starting new chain with TP3
Starting new chain with TP3
Starting new chain with TP3
Starting new chain with TP3
Starting new chain with TP3
Starting new chain with TP3
Starting new chain with TP3
Starting new chain with TP3
Starting new chain with TP3
Starting new chain with TP3
Starting new chain with TP3
Starting new chain with TP3
Starting new chain with TP3
Starting new chain with TP3
Starting new chain with TP3
Starting new chain with TP3
Starting new chain with TP3
Starting new chain with TP3
Starting new chain with TP3
Starting new chain with TP3
Starting new chain with TP3
Starting new chain with TP3
Starting new chain with TP3
Starting new chain with TP3
  total atoms in file: 1347
> qm_complex = combine {dry_complex water}
  Sequence: default_name
  Sequence: default_name
> 
> saveamberparm qm_complex qm_complex.prmtop qm_complex.inpcrd
Checking Unit.

/software/ambertools/22/amber22/bin/teLeap: Warning!
The unperturbed charge of the unit (-11.996001) is not zero.

/software/ambertools/22/amber22/bin/teLeap: Note.
Ignoring the warning from Unit Checking.

Building topology.
Building atom parameters.
Building bond parameters.
Building angle parameters.
Building proper torsion parameters.
Building improper torsion parameters.
 total 3577 improper torsions applied
Building H-Bond parameters.
Incorporating Non-Bonded adjustments.
Not Marking per-residue atom chain types.
Marking per-residue atom chain types.
  (Residues lacking connect0/connect1 - 
   these don't have chain types marked:

	res	total affected

	CLEU	2
	INI	1
	NMET	2
	WAT	449
  )
 (no restraints)
> savepdb qm_complex qm_complex.pdb
Writing pdb file: qm_complex.pdb

/software/ambertools/22/amber22/bin/teLeap: Warning!
 Converting N-terminal residue name to PDB format: NMET -> MET

/software/ambertools/22/amber22/bin/teLeap: Warning!
 Converting C-terminal residue name to PDB format: CLEU -> LEU

/software/ambertools/22/amber22/bin/teLeap: Warning!
 Converting N-terminal residue name to PDB format: NMET -> MET

/software/ambertools/22/amber22/bin/teLeap: Warning!
 Converting C-terminal residue name to PDB format: CLEU -> LEU
> 
> solvatebox qm_complex TIP3PBOX 10.0 iso
  Solute vdw bounding box:              114.449 86.213 70.010
  Total bounding box for atom centers:  134.449 134.449 134.449
      (box expansion for 'iso' is  89.1%)
  Solvent unit box:                     18.774 18.774 18.774
The number of boxes:  x= 8  y= 8  z= 8
  Volume: 2603778.512 A^3 
  Total mass 1392777.255 amu,  Density 0.888 g/cc
  Added 70014 residues.
> addIonsRand qm_complex  Na+ 0
12 Na+ ions required to neutralize.
Adding 12 counter ions to "qm_complex". 70451 solvent molecules will remain.
0: Placed Na+ in qm_complex at (40.34, -2.25, -33.68).
0: Placed Na+ in qm_complex at (21.16, 20.40, 37.88).
0: Placed Na+ in qm_complex at (15.87, -29.23, 20.57).
0: Placed Na+ in qm_complex at (57.24, 66.24, 54.61).
0: Placed Na+ in qm_complex at (51.17, -34.90, 32.62).
0: Placed Na+ in qm_complex at (-32.37, 63.36, -31.24).
0: Placed Na+ in qm_complex at (-41.46, 49.54, -16.05).
0: Placed Na+ in qm_complex at (-8.16, -31.65, -8.99).
0: Placed Na+ in qm_complex at (-2.70, -0.35, -45.50).
0: Placed Na+ in qm_complex at (4.42, -33.72, 56.38).
0: Placed Na+ in qm_complex at (64.36, -13.83, -28.11).
0: Placed Na+ in qm_complex at (-41.31, 39.61, 28.22).
> addIonsRand qm_complex  Cl- 0
 0.003999 0 1 0
0 Cl- ion required to neutralize.
> addIonsRand qm_complex Na+ 152 Cl- 152
Adding 304 counter ions to "qm_complex". 70147 solvent molecules will remain.
0: Placed Na+ in qm_complex at (8.34, -66.09, 11.18).
Placed Cl- in qm_complex at (-36.63, -27.63, 54.61).
0: Placed Na+ in qm_complex at (-39.97, -20.90, 58.50).
Placed Cl- in qm_complex at (-34.10, 50.68, 38.44).
0: Placed Na+ in qm_complex at (61.06, -14.50, 5.25).
Placed Cl- in qm_complex at (20.55, 22.47, 30.66).
0: Placed Na+ in qm_complex at (56.38, -16.51, -9.62).
Placed Cl- in qm_complex at (15.28, -61.03, 38.61).
0: Placed Na+ in qm_complex at (-26.94, 24.19, 39.46).
Placed Cl- in qm_complex at (-61.17, 60.42, 57.98).
0: Placed Na+ in qm_complex at (64.43, -12.83, 2.43).
Placed Cl- in qm_complex at (36.40, -32.42, 63.45).
0: Placed Na+ in qm_complex at (28.02, -57.48, -45.50).
Placed Cl- in qm_complex at (-30.47, -22.07, -16.12).
0: Placed Na+ in qm_complex at (6.51, 54.28, -8.78).
Placed Cl- in qm_complex at (16.25, 52.50, 30.53).
0: Placed Na+ in qm_complex at (-57.97, 47.65, -44.44).
Placed Cl- in qm_complex at (-9.53, -19.93, 48.37).
0: Placed Na+ in qm_complex at (-5.56, 52.13, -41.78).
Placed Cl- in qm_complex at (-63.49, -48.06, -26.52).
0: Placed Na+ in qm_complex at (-16.02, 41.89, -59.97).
Placed Cl- in qm_complex at (-1.89, -35.86, 7.46).
0: Placed Na+ in qm_complex at (57.89, 25.37, 53.43).
Placed Cl- in qm_complex at (-58.39, 44.78, 27.43).
0: Placed Na+ in qm_complex at (50.37, -46.38, -16.35).
Placed Cl- in qm_complex at (46.11, 13.27, 43.33).
0: Placed Na+ in qm_complex at (-12.37, -21.64, 36.07).
Placed Cl- in qm_complex at (4.74, 41.82, -51.08).
0: Placed Na+ in qm_complex at (17.48, -64.32, -53.12).
Placed Cl- in qm_complex at (-61.17, 41.65, -54.66).
0: Placed Na+ in qm_complex at (45.69, -35.39, 13.04).
Placed Cl- in qm_complex at (-2.70, -19.13, 10.82).
0: Placed Na+ in qm_complex at (46.88, 23.20, 18.19).
Placed Cl- in qm_complex at (66.79, 57.68, -44.92).
0: Placed Na+ in qm_complex at (-45.70, -28.40, -13.86).
Placed Cl- in qm_complex at (62.91, 26.02, 65.90).
0: Placed Na+ in qm_complex at (42.16, -8.81, 52.63).
Placed Cl- in qm_complex at (42.25, -44.40, -29.81).
0: Placed Na+ in qm_complex at (-36.79, 2.37, 34.10).
Placed Cl- in qm_complex at (4.66, -25.30, 22.87).
0: Placed Na+ in qm_complex at (9.22, -48.80, 50.85).
Placed Cl- in qm_complex at (57.39, 55.64, 1.84).
0: Placed Na+ in qm_complex at (29.58, -7.46, -59.32).
Placed Cl- in qm_complex at (58.89, 62.01, -14.56).
0: Placed Na+ in qm_complex at (-67.06, 42.49, -65.66).
Placed Cl- in qm_complex at (-44.07, 61.19, 31.85).
0: Placed Na+ in qm_complex at (-0.38, -38.55, -61.56).
Placed Cl- in qm_complex at (-48.73, 24.87, 24.07).
0: Placed Na+ in qm_complex at (5.62, -12.04, 56.39).
Placed Cl- in qm_complex at (-51.14, -30.51, -12.47).
0: Placed Na+ in qm_complex at (24.16, 9.34, -57.57).
Placed Cl- in qm_complex at (-13.15, -30.82, 18.84).
0: Placed Na+ in qm_complex at (28.94, -21.77, 31.39).
Placed Cl- in qm_complex at (44.13, 26.02, 28.35).
0: Placed Na+ in qm_complex at (-57.40, 61.10, -27.67).
Placed Cl- in qm_complex at (-29.51, 42.49, 28.21).
0: Placed Na+ in qm_complex at (-47.28, -41.69, -38.61).
Placed Cl- in qm_complex at (11.98, 39.43, -2.64).
0: Placed Na+ in qm_complex at (-40.70, 60.14, 41.43).
Placed Cl- in qm_complex at (-5.91, -1.77, 62.70).
0: Placed Na+ in qm_complex at (-17.86, -65.18, -58.03).
Placed Cl- in qm_complex at (-53.82, -55.76, 35.02).
0: Placed Na+ in qm_complex at (57.02, -9.89, -17.50).
Placed Cl- in qm_complex at (-57.97, 47.65, 11.89).
0: Placed Na+ in qm_complex at (42.16, 47.52, -60.01).
Placed Cl- in qm_complex at (31.25, -43.82, -10.40).
0: Placed Na+ in qm_complex at (14.16, 33.60, 8.33).
Placed Cl- in qm_complex at (-51.77, -60.51, 59.07).
0: Placed Na+ in qm_complex at (51.64, 63.21, -5.94).
Placed Cl- in qm_complex at (47.71, 15.78, 12.62).
0: Placed Na+ in qm_complex at (-22.44, 50.60, -20.39).
Placed Cl- in qm_complex at (-12.40, -16.85, 24.29).
0: Placed Na+ in qm_complex at (23.66, 25.41, -21.62).
Placed Cl- in qm_complex at (23.39, 47.52, 15.08).
0: Placed Na+ in qm_complex at (43.34, 23.18, -53.65).
Placed Cl- in qm_complex at (50.77, 65.67, 51.17).
0: Placed Na+ in qm_complex at (-1.96, -66.94, 33.76).
Placed Cl- in qm_complex at (-21.55, 19.62, 40.97).
0: Placed Na+ in qm_complex at (-64.96, -64.68, -9.22).
Placed Cl- in qm_complex at (-51.14, -30.51, -31.24).
0: Placed Na+ in qm_complex at (41.70, 10.73, -64.67).
Placed Cl- in qm_complex at (2.68, -64.40, -15.38).
0: Placed Na+ in qm_complex at (-26.49, -44.62, -55.10).
Placed Cl- in qm_complex at (-65.86, -27.87, -55.95).
0: Placed Na+ in qm_complex at (26.40, 26.71, -39.35).
Placed Cl- in qm_complex at (16.88, -54.63, -48.87).
0: Placed Na+ in qm_complex at (66.13, 55.31, -53.66).
Placed Cl- in qm_complex at (18.39, -57.32, -42.78).
0: Placed Na+ in qm_complex at (58.52, -44.17, 34.47).
Placed Cl- in qm_complex at (-64.48, 46.70, -13.86).
0: Placed Na+ in qm_complex at (-26.30, 30.77, -32.21).
Placed Cl- in qm_complex at (-52.43, 23.60, -47.93).
0: Placed Na+ in qm_complex at (64.14, -43.69, 0.62).
Placed Cl- in qm_complex at (-55.34, -28.24, 7.44).
0: Placed Na+ in qm_complex at (1.05, 35.14, 35.08).
Placed Cl- in qm_complex at (-48.09, 19.86, -10.60).
0: Placed Na+ in qm_complex at (4.18, -16.58, -35.09).
Placed Cl- in qm_complex at (18.58, 3.73, -53.33).
0: Placed Na+ in qm_complex at (19.85, 33.09, 61.13).
Placed Cl- in qm_complex at (0.62, -24.77, 32.31).
0: Placed Na+ in qm_complex at (-22.53, 58.38, 47.00).
Placed Cl- in qm_complex at (63.62, -38.91, -18.02).
0: Placed Na+ in qm_complex at (-17.00, -52.62, 11.88).
Placed Cl- in qm_complex at (-2.78, 57.17, 40.97).
0: Placed Na+ in qm_complex at (33.45, 6.00, 52.86).
Placed Cl- in qm_complex at (24.10, 32.26, -4.94).
0: Placed Na+ in qm_complex at (5.80, -33.14, 40.22).
Placed Cl- in qm_complex at (38.47, 9.92, -39.26).
0: Placed Na+ in qm_complex at (5.39, 39.46, 27.35).
Placed Cl- in qm_complex at (57.30, -65.79, -11.34).
0: Placed Na+ in qm_complex at (-54.51, 20.44, -14.85).
Placed Cl- in qm_complex at (-9.45, -14.35, 55.74).
0: Placed Na+ in qm_complex at (-47.77, 29.83, -42.66).
Placed Cl- in qm_complex at (-32.29, -23.29, -50.32).
0: Placed Na+ in qm_complex at (13.22, -9.43, -23.93).
Placed Cl- in qm_complex at (60.98, -44.07, 60.42).
0: Placed Na+ in qm_complex at (47.23, 23.55, -4.59).
Placed Cl- in qm_complex at (-7.84, -3.89, 43.94).
0: Placed Na+ in qm_complex at (-55.79, 64.61, 47.64).
Placed Cl- in qm_complex at (-37.96, 54.24, 18.59).
0: Placed Na+ in qm_complex at (-55.70, 12.78, 13.54).
Placed Cl- in qm_complex at (-1.08, 42.33, 28.65).
0: Placed Na+ in qm_complex at (7.64, -16.00, 38.59).
Placed Cl- in qm_complex at (43.66, -7.25, 49.57).
0: Placed Na+ in qm_complex at (-7.15, -53.50, 44.29).
Placed Cl- in qm_complex at (-3.52, -34.17, 17.77).
0: Placed Na+ in qm_complex at (-63.06, 13.54, 36.84).
Placed Cl- in qm_complex at (0.66, -40.40, -66.76).
0: Placed Na+ in qm_complex at (-61.31, 29.88, -3.08).
Placed Cl- in qm_complex at (40.94, 26.87, -54.49).
0: Placed Na+ in qm_complex at (51.14, 63.34, 21.10).
Placed Cl- in qm_complex at (-25.48, 41.27, 10.44).
0: Placed Na+ in qm_complex at (44.13, 44.79, 28.35).
Placed Cl- in qm_complex at (40.30, 60.67, -59.97).
0: Placed Na+ in qm_complex at (-59.60, 57.46, 16.28).
Placed Cl- in qm_complex at (-38.62, 61.10, -65.22).
0: Placed Na+ in qm_complex at (35.48, -11.54, -66.44).
Placed Cl- in qm_complex at (51.15, 17.87, 41.30).
0: Placed Na+ in qm_complex at (-37.64, 24.19, -24.27).
Placed Cl- in qm_complex at (-48.89, -53.87, 29.21).
0: Placed Na+ in qm_complex at (-36.93, -43.64, 40.27).
Placed Cl- in qm_complex at (-24.72, -65.15, 58.75).
0: Placed Na+ in qm_complex at (43.68, 26.82, -24.05).
Placed Cl- in qm_complex at (-29.93, 45.48, -20.58).
0: Placed Na+ in qm_complex at (-47.11, -30.03, 50.85).
Placed Cl- in qm_complex at (61.71, -28.21, -20.02).
0: Placed Na+ in qm_complex at (-38.62, 42.33, -27.67).
Placed Cl- in qm_complex at (-24.72, 28.72, -35.13).
0: Placed Na+ in qm_complex at (44.06, 54.28, 28.77).
Placed Cl- in qm_complex at (15.26, -15.39, -57.33).
0: Placed Na+ in qm_complex at (45.41, -8.50, 42.94).
Placed Cl- in qm_complex at (-36.79, 58.70, 34.10).
0: Placed Na+ in qm_complex at (62.82, -55.12, -19.60).
Placed Cl- in qm_complex at (42.94, 28.12, -57.57).
0: Placed Na+ in qm_complex at (-42.72, -19.68, -52.58).
Placed Cl- in qm_complex at (-11.35, 2.46, 47.98).
0: Placed Na+ in qm_complex at (6.40, 54.91, -60.32).
Placed Cl- in qm_complex at (-58.22, 26.09, 30.95).
0: Placed Na+ in qm_complex at (18.36, 16.69, -56.51).
Placed Cl- in qm_complex at (41.74, -19.30, 46.48).
0: Placed Na+ in qm_complex at (25.36, 63.57, 9.58).
Placed Cl- in qm_complex at (64.67, -9.77, -63.92).
0: Placed Na+ in qm_complex at (-3.76, 2.06, -28.10).
Placed Cl- in qm_complex at (-20.60, -64.32, -60.22).
0: Placed Na+ in qm_complex at (63.05, -64.44, -15.65).
Placed Cl- in qm_complex at (15.42, 11.25, 47.44).
0: Placed Na+ in qm_complex at (-24.45, 20.32, -16.18).
Placed Cl- in qm_complex at (-54.13, -47.44, -41.68).
0: Placed Na+ in qm_complex at (9.25, -57.48, 10.82).
Placed Cl- in qm_complex at (-9.54, 9.68, -37.18).
0: Placed Na+ in qm_complex at (26.08, 54.97, 19.53).
Placed Cl- in qm_complex at (23.96, -30.51, 6.30).
0: Placed Na+ in qm_complex at (13.93, -33.45, 39.21).
Placed Cl- in qm_complex at (-9.56, -11.25, 50.85).
0: Placed Na+ in qm_complex at (45.89, -28.55, 48.73).
Placed Cl- in qm_complex at (-42.06, -47.88, 17.70).
0: Placed Na+ in qm_complex at (-18.96, 3.73, 59.32).
Placed Cl- in qm_complex at (-0.75, 51.58, 38.25).
0: Placed Na+ in qm_complex at (-17.00, -33.85, 49.43).
Placed Cl- in qm_complex at (22.21, -42.12, -39.18).
0: Placed Na+ in qm_complex at (-41.07, 40.93, -1.01).
Placed Cl- in qm_complex at (17.53, -26.48, -37.19).
0: Placed Na+ in qm_complex at (5.39, -46.98, -20.02).
Placed Cl- in qm_complex at (-44.70, -57.51, 33.09).
0: Placed Na+ in qm_complex at (49.52, 58.20, 34.91).
Placed Cl- in qm_complex at (-31.15, -20.19, -41.55).
0: Placed Na+ in qm_complex at (-30.42, -40.56, 50.29).
Placed Cl- in qm_complex at (22.96, 58.51, 40.01).
0: Placed Na+ in qm_complex at (-16.39, -54.70, 56.65).
Placed Cl- in qm_complex at (55.25, -51.54, -46.44).
0: Placed Na+ in qm_complex at (-16.69, 5.41, -5.54).
Placed Cl- in qm_complex at (42.49, 25.22, 30.25).
0: Placed Na+ in qm_complex at (15.49, -55.19, -40.04).
Placed Cl- in qm_complex at (-18.25, -29.26, 10.10).
0: Placed Na+ in qm_complex at (34.24, 50.57, -42.86).
Placed Cl- in qm_complex at (55.91, 16.69, -37.73).
0: Placed Na+ in qm_complex at (61.70, 59.93, -40.31).
Placed Cl- in qm_complex at (56.94, 31.55, -61.56).
0: Placed Na+ in qm_complex at (14.78, 35.71, -24.03).
Placed Cl- in qm_complex at (9.59, 13.18, -53.32).
0: Placed Na+ in qm_complex at (-13.45, -61.61, -42.49).
Placed Cl- in qm_complex at (65.56, -27.87, 0.37).
0: Placed Na+ in qm_complex at (49.52, -35.67, 16.14).
Placed Cl- in qm_complex at (48.61, -63.40, 20.00).
0: Placed Na+ in qm_complex at (43.95, -57.74, -22.77).
Placed Cl- in qm_complex at (16.94, 48.33, 33.65).
0: Placed Na+ in qm_complex at (-56.61, 30.41, 64.37).
Placed Cl- in qm_complex at (-2.81, 19.84, 51.14).
0: Placed Na+ in qm_complex at (37.60, 58.59, -65.94).
Placed Cl- in qm_complex at (-23.76, 11.10, -59.40).
0: Placed Na+ in qm_complex at (50.40, -37.11, -29.40).
Placed Cl- in qm_complex at (21.46, -45.62, -15.38).
0: Placed Na+ in qm_complex at (7.30, 54.97, -18.02).
Placed Cl- in qm_complex at (16.94, -26.77, -41.45).
0: Placed Na+ in qm_complex at (-64.63, 38.91, -7.37).
Placed Cl- in qm_complex at (31.60, 66.27, -16.35).
0: Placed Na+ in qm_complex at (62.55, -46.65, 64.02).
Placed Cl- in qm_complex at (24.16, 28.12, 17.53).
0: Placed Na+ in qm_complex at (-63.32, 45.05, 54.96).
Placed Cl- in qm_complex at (10.07, -40.78, -17.46).
0: Placed Na+ in qm_complex at (-14.88, -51.50, -66.70).
Placed Cl- in qm_complex at (60.51, -19.30, 8.93).
0: Placed Na+ in qm_complex at (-18.87, -32.14, -43.04).
Placed Cl- in qm_complex at (-34.10, 13.14, -55.44).
0: Placed Na+ in qm_complex at (42.25, -44.40, 26.51).
Placed Cl- in qm_complex at (-52.13, -38.08, 46.48).
0: Placed Na+ in qm_complex at (12.01, -47.68, -48.65).
Placed Cl- in qm_complex at (42.10, 33.36, 21.52).
0: Placed Na+ in qm_complex at (50.76, -41.74, 14.54).
Placed Cl- in qm_complex at (62.91, 63.57, 65.90).
0: Placed Na+ in qm_complex at (-14.07, -63.18, -11.04).
Placed Cl- in qm_complex at (-5.56, 14.58, 52.09).
0: Placed Na+ in qm_complex at (-48.70, -48.39, -58.13).
Placed Cl- in qm_complex at (-43.10, -46.98, -5.15).
0: Placed Na+ in qm_complex at (-1.83, -7.99, -41.45).
Placed Cl- in qm_complex at (-47.11, -48.80, -5.48).
0: Placed Na+ in qm_complex at (4.42, 41.38, 37.60).
Placed Cl- in qm_complex at (1.05, -58.74, -40.01).
0: Placed Na+ in qm_complex at (-51.66, 31.02, 4.10).
Placed Cl- in qm_complex at (-9.44, -35.33, -39.83).
0: Placed Na+ in qm_complex at (57.39, -0.68, 1.84).
Placed Cl- in qm_complex at (56.13, 41.28, 59.32).
0: Placed Na+ in qm_complex at (4.69, -64.44, -36.40).
Placed Cl- in qm_complex at (52.18, 61.66, -9.29).
0: Placed Na+ in qm_complex at (-51.90, 3.83, 0.05).
Placed Cl- in qm_complex at (-26.49, 30.47, -17.55).
0: Placed Na+ in qm_complex at (-29.04, 57.85, 22.23).
Placed Cl- in qm_complex at (13.60, 7.01, 58.65).
0: Placed Na+ in qm_complex at (-53.53, 16.53, 41.41).
Placed Cl- in qm_complex at (54.25, -49.09, -66.44).
0: Placed Na+ in qm_complex at (-10.21, -61.83, -31.77).
Placed Cl- in qm_complex at (18.49, -63.46, 26.82).
0: Placed Na+ in qm_complex at (45.41, -64.83, 5.39).
Placed Cl- in qm_complex at (15.02, 58.38, -65.65).
0: Placed Na+ in qm_complex at (9.34, -35.33, 35.27).
Placed Cl- in qm_complex at (-61.47, 21.42, 13.85).
0: Placed Na+ in qm_complex at (-25.78, 26.27, -57.69).
Placed Cl- in qm_complex at (21.16, -35.92, 37.88).
0: Placed Na+ in qm_complex at (-52.93, -10.68, -16.94).
Placed Cl- in qm_complex at (-39.97, 16.64, 2.18).
0: Placed Na+ in qm_complex at (-46.74, 31.87, 65.88).
Placed Cl- in qm_complex at (19.54, -16.40, 52.87).
0: Placed Na+ in qm_complex at (64.88, 13.27, 62.10).
Placed Cl- in qm_complex at (-15.95, -1.99, 5.27).
0: Placed Na+ in qm_complex at (11.06, -63.40, -17.55).
Placed Cl- in qm_complex at (18.39, -57.32, 13.54).
0: Placed Na+ in qm_complex at (-49.60, 29.43, 21.90).
Placed Cl- in qm_complex at (17.43, -47.31, 5.36).
0: Placed Na+ in qm_complex at (48.48, -41.44, 25.16).
Placed Cl- in qm_complex at (44.66, 27.03, 1.82).
0: Placed Na+ in qm_complex at (-3.36, 30.02, -46.43).
Placed Cl- in qm_complex at (31.19, -30.51, 42.45).
0: Placed Na+ in qm_complex at (20.58, 13.44, -48.91).
Placed Cl- in qm_complex at (8.71, -57.04, 62.33).
0: Placed Na+ in qm_complex at (60.48, -45.59, 47.98).
Placed Cl- in qm_complex at (-14.22, -60.51, 2.74).
0: Placed Na+ in qm_complex at (-46.74, -24.45, 47.11).
Placed Cl- in qm_complex at (1.21, 60.07, -30.24).
0: Placed Na+ in qm_complex at (-31.04, -39.59, -27.55).
Placed Cl- in qm_complex at (48.28, 51.69, 15.53).
0: Placed Na+ in qm_complex at (4.61, -46.35, 33.86).
Placed Cl- in qm_complex at (-45.70, 46.70, 23.69).
0: Placed Na+ in qm_complex at (-43.85, -51.38, -2.24).
Placed Cl- in qm_complex at (-31.32, 66.00, 64.02).
0: Placed Na+ in qm_complex at (25.47, 13.36, 66.18).
Placed Cl- in qm_complex at (62.46, 45.59, -42.82).
0: Placed Na+ in qm_complex at (-10.67, 24.72, 58.75).
Placed Cl- in qm_complex at (54.98, 27.78, 42.91).
0: Placed Na+ in qm_complex at (-55.26, -0.68, 58.16).
Placed Cl- in qm_complex at (-13.84, 44.00, -7.30).
0: Placed Na+ in qm_complex at (55.10, 55.63, 23.96).
Placed Cl- in qm_complex at (23.32, 59.92, 49.40).
0: Placed Na+ in qm_complex at (-53.76, 43.24, 22.99).
Placed Cl- in qm_complex at (-48.73, 43.65, 42.85).
0: Placed Na+ in qm_complex at (-52.17, -8.04, -27.12).
Placed Cl- in qm_complex at (11.44, -61.31, 11.34).
0: Placed Na+ in qm_complex at (-37.93, 55.33, -61.56).
Placed Cl- in qm_complex at (45.90, -33.77, 6.91).
0: Placed Na+ in qm_complex at (53.08, -1.00, 63.31).
Placed Cl- in qm_complex at (-22.68, -44.34, 21.50).
0: Placed Na+ in qm_complex at (34.85, -19.13, 29.59).
Placed Cl- in qm_complex at (38.25, -28.67, -55.05).
0: Placed Na+ in qm_complex at (-22.08, 31.79, -24.09).
Placed Cl- in qm_complex at (-26.67, 40.19, -33.52).
> 
> saveamberparm qm_complex solvated_complex.prmtop solvated_complex.inpcrd
Checking Unit.
Building topology.
Building atom parameters.
Building bond parameters.
Building angle parameters.
Building proper torsion parameters.
Building improper torsion parameters.
 total 3577 improper torsions applied
Building H-Bond parameters.
Incorporating Non-Bonded adjustments.
Not Marking per-residue atom chain types.
Marking per-residue atom chain types.
  (Residues lacking connect0/connect1 - 
   these don't have chain types marked:

	res	total affected

	CLEU	2
	INI	1
	NMET	2
	WAT	70147
  )
 (no restraints)
> savepdb qm_complex solvated_complex.pdb
Writing pdb file: solvated_complex.pdb
   printing CRYST1 record to PDB file with box info

/software/ambertools/22/amber22/bin/teLeap: Warning!
 Converting N-terminal residue name to PDB format: NMET -> MET

/software/ambertools/22/amber22/bin/teLeap: Warning!
 Converting C-terminal residue name to PDB format: CLEU -> LEU

/software/ambertools/22/amber22/bin/teLeap: Warning!
 Converting N-terminal residue name to PDB format: NMET -> MET

/software/ambertools/22/amber22/bin/teLeap: Warning!
 Converting C-terminal residue name to PDB format: CLEU -> LEU
> 
 quit
	Quit

Exiting LEaP: Errors = 0; Warnings = 16; Notes = 4.
