            --------------------------------------------------------
                             AMBER SQM VERSION 19
 
                                     By
              Ross C. Walker, Michael F. Crowley, Scott Brozell,
                         Tim Giese, Andreas W. Goetz,
                        Tai-Sung Lee and David A. Case
 
            --------------------------------------------------------
 

--------------------------------------------------------------------------------
  QM CALCULATION INFO
--------------------------------------------------------------------------------

| QMMM: Citation for AMBER QMMM Run:
| QMMM: R.C. Walker, M.F. Crowley and D.A. Case, J. COMP. CHEM. 29:1019, 2008

QMMM: SINGLET STATE CALCULATION
QMMM: RHF CALCULATION, NO. OF DOUBLY OCCUPIED LEVELS = 95

| QMMM: *** Selected Hamiltonian *** 
| QMMM: AM1         

| QMMM: *** Parameter sets in use ***
| QMMM: C : M.J.S.DEWAR et al. JACS, 107, 3902, (1985)
| QMMM: H : M.J.S.DEWAR et al. JACS, 107, 3902, (1985)
| QMMM: O : M.J.S.DEWAR et al. JACS, 107, 3902, (1985)
| QMMM: S : M.J.S.DEWAR et al. INORG. CHEM., 29, 3881, (1990)
| QMMM: N : M.J.S.DEWAR et al. JACS, 107, 3902, (1985)
| QMMM: P : M.J.S.DEWAR et al. THEOCHEM, 187,1, (1989)

| QMMM: *** SCF convergence criteria ***
| QMMM: Energy change                :  0.1D-09 kcal/mol
| QMMM: Error matrix |FP-PF|         :  0.1D+00 au
| QMMM: Density matrix change        :  0.5D-06
| QMMM: Maximum number of SCF cycles :     1000

| QMMM: *** Diagonalization Routine Information ***
| QMMM: Pseudo diagonalizations are allowed.
| QMMM: Auto diagonalization routine selection is in use.
| QMMM:
| QMMM: Timing diagonalization routines:
| QMMM:                              norbs =      158
| QMMM:    diag iterations used for timing =        5
| QMMM:
| QMMM:              Internal diag routine = 0.031225 seconds
| QMMM:                 Dspev diag routine = 0.026758 seconds
| QMMM:                Dspevd diag routine = 0.014735 seconds
| QMMM:                Dspevx diag routine = 0.074877 seconds
| QMMM:                 Dsyev diag routine = 0.025317 seconds
| QMMM:                Dsyevd diag routine = 0.011617 seconds
| QMMM:                Dsyevr diag routine = 0.018228 seconds
| QMMM:
| QMMM:                Pseudo diag routine = 0.013212 seconds
| QMMM: Pseudo diagonalization appears to be slower than regular
| QMMM: diagonalization. Setting pseudo_diag=0 for optimum performance.
| QMMM:
| QMMM: Using dsyevd routine (diag_routine=6).

  QMMM: QM Region Cartesian Coordinates (*=link atom) 
  QMMM: QM_NO.   MM_NO.  ATOM         X         Y         Z
  QMMM:     1        1      C      -34.5580  -36.2920   22.0140
  QMMM:     2        2      C      -35.9730  -36.6440   21.4770
  QMMM:     3        3      C      -35.8360  -37.1960   20.0610
  QMMM:     4        4      H      -36.5850  -35.7340   21.4580
  QMMM:     5        5      H      -36.4400  -37.3830   22.1330
  QMMM:     6        6      C      -37.1650  -37.4650   19.3750
  QMMM:     7        7      H      -35.2700  -38.1300   20.0910
  QMMM:     8        8      H      -35.2590  -36.4810   19.4750
  QMMM:     9        9      C      -37.0620  -38.1270   17.9560
  QMMM:    10       10      H      -37.7530  -36.5360   19.2580
  QMMM:    11       11      H      -37.7780  -38.1460   19.9850
  QMMM:    12       12      O      -33.8370  -35.5580   21.1690
  QMMM:    13       13      O      -38.0370  -37.8750   17.2030
  QMMM:    14       14      O      -36.1010  -38.8580   17.7010
  QMMM:    15       15      S      -36.0600  -35.5330   24.3030
  QMMM:    16       16      C      -34.6380  -35.6560   23.3720
  QMMM:    17       17      N      -33.6250  -35.0550   24.0000
  QMMM:    18       18      C      -33.9300  -34.5190   25.2370
  QMMM:    19       19      C      -35.2290  -34.6900   25.5930
  QMMM:    20       20      C      -35.8980  -34.3300   26.8770
  QMMM:    21       21      C      -36.2650  -32.8420   27.0200
  QMMM:    22       22      O      -36.6600  -32.5990   28.3430
  QMMM:    23       23      P      -37.7910  -31.4490   28.6130
  QMMM:    24       24      P      -39.8120  -33.4990   28.3030
  QMMM:    25       25      N      -30.1000  -31.9700   23.5400
  QMMM:    26       26      O      -37.4440  -30.1760   27.9780
  QMMM:    27       27      O      -40.2040  -33.4130   29.8080
  QMMM:    28       28      C      -30.7470  -31.2030   22.6690
  QMMM:    29       29      O      -37.8550  -31.4070   30.1330
  QMMM:    30       30      O      -38.7740  -34.5490   28.0150
  QMMM:    31       31      N      -31.8630  -31.5350   22.0540
  QMMM:    32       32      O      -39.1480  -31.9980   28.0140
  QMMM:    33       33      O      -41.0120  -33.5680   27.4480
  QMMM:    34       34      C      -32.4200  -32.7370   22.2790
  QMMM:    35       35      N      -33.5720  -33.0260   21.6800
  QMMM:    36       36      C      -31.7850  -33.6280   23.1930
  QMMM:    37       37      C      -30.6300  -33.1740   23.7740
  QMMM:    38       38      C      -32.2840  -35.0150   23.4480
  QMMM:    39       39      C      -30.1720  -29.8610   22.3650
  QMMM:    40       40      C      -32.8750  -33.8810   26.0680
  QMMM:    41       41      H      -36.8210  -34.8960   27.0040
  QMMM:    42       42      H      -35.2350  -34.5760   27.7100
  QMMM:    43       43      H      -35.3990  -32.2170   26.7810
  QMMM:    44       44      H      -37.0710  -32.5900   26.3280
  QMMM:    45       45      H      -33.8790  -32.3660   20.9780
  QMMM:    46       46      H      -33.7780  -34.0450   21.4730
  QMMM:    47       47      H      -30.0750  -33.7980   24.4630
  QMMM:    48       48      H      -32.3220  -35.5660   22.5000
  QMMM:    49       49      H      -31.6110  -35.5440   24.1270
  QMMM:    50       50      H      -30.3070  -29.2140   23.2270
  QMMM:    51       51      H      -30.6790  -29.4380   21.5050
  QMMM:    52       52      H      -29.1080  -29.9540   22.1720
  QMMM:    53       53      H      -32.0010  -34.5260   26.1190
  QMMM:    54       54      H      -33.2610  -33.7040   27.0670
  QMMM:    55       55      H      -32.5670  -32.9320   25.6340
  QMMM:    56       56      H      -33.7810  -36.0030   20.2190

--------------------------------------------------------------------------------
  RESULTS
--------------------------------------------------------------------------------

      iter         sqm energy              rms gradient
      ----    -------------------    -----------------------
xmin    10     -349.7822 kcal/mol        2.2918 kcal/(mol*A)
xmin    20     -353.4741 kcal/mol        1.1559 kcal/(mol*A)
xmin    30     -355.5050 kcal/mol        0.6042 kcal/(mol*A)
xmin    40     -355.9992 kcal/mol        0.2482 kcal/(mol*A)
xmin    50     -356.2888 kcal/mol        0.4215 kcal/(mol*A)
xmin    60     -356.6585 kcal/mol        0.1833 kcal/(mol*A)
xmin    70     -356.7279 kcal/mol        0.1781 kcal/(mol*A)
xmin    80     -356.8506 kcal/mol        0.2845 kcal/(mol*A)
xmin    90     -357.0298 kcal/mol        0.2901 kcal/(mol*A)
xmin   100     -357.0500 kcal/mol        0.1729 kcal/(mol*A)
xmin   110     -357.0871 kcal/mol        0.0829 kcal/(mol*A)
xmin   120     -357.1026 kcal/mol        0.0502 kcal/(mol*A)
xmin   130     -357.1092 kcal/mol        0.0893 kcal/(mol*A)
xmin   140     -357.1161 kcal/mol        0.0374 kcal/(mol*A)
xmin   150     -357.1208 kcal/mol        0.0160 kcal/(mol*A)
xmin   160     -357.1218 kcal/mol        0.0123 kcal/(mol*A)
xmin   170     -357.1224 kcal/mol        0.0097 kcal/(mol*A)
xmin   180     -357.1231 kcal/mol        0.0173 kcal/(mol*A)
xmin   190     -357.1244 kcal/mol        0.0402 kcal/(mol*A)
xmin   200     -357.1251 kcal/mol        0.0142 kcal/(mol*A)
xmin   210     -357.1285 kcal/mol        0.0346 kcal/(mol*A)
xmin   220     -357.1305 kcal/mol        0.0297 kcal/(mol*A)
xmin   230     -357.1338 kcal/mol        0.0869 kcal/(mol*A)
xmin   240     -357.1576 kcal/mol        0.0899 kcal/(mol*A)
xmin   250     -357.2368 kcal/mol        0.3696 kcal/(mol*A)
xmin   260     -357.2847 kcal/mol        0.0780 kcal/(mol*A)
xmin   270     -357.2902 kcal/mol        0.0285 kcal/(mol*A)
xmin   280     -357.2926 kcal/mol        0.0097 kcal/(mol*A)
xmin   290     -357.2962 kcal/mol        0.0214 kcal/(mol*A)
xmin   300     -357.2983 kcal/mol        0.0540 kcal/(mol*A)
xmin   310     -357.2989 kcal/mol        0.0312 kcal/(mol*A)
xmin   320     -357.3002 kcal/mol        0.0202 kcal/(mol*A)
xmin   330     -357.3010 kcal/mol        0.0182 kcal/(mol*A)
xmin   340     -357.3028 kcal/mol        0.0298 kcal/(mol*A)
xmin   350     -357.3033 kcal/mol        0.0053 kcal/(mol*A)
xmin   360     -357.3033 kcal/mol        0.0034 kcal/(mol*A)
xmin   370     -357.3033 kcal/mol        0.0026 kcal/(mol*A)
xmin   380     -357.3034 kcal/mol        0.0041 kcal/(mol*A)
xmin   390     -357.3034 kcal/mol        0.0048 kcal/(mol*A)
xmin   400     -357.3034 kcal/mol        0.0048 kcal/(mol*A)
xmin   410     -357.3034 kcal/mol        0.0010 kcal/(mol*A)
xmin   410     -357.3034 kcal/mol        0.0004 kcal/(mol*A)
  ... geometry converged !
 
 Final MO eigenvalues (eV):
 -34.1640  -32.4195  -31.0590  -29.7173  -29.4813  -27.8385  -27.1030  -26.8553
 -25.3278  -25.1912  -25.0398  -24.3458  -22.6722  -21.6558  -21.3843  -20.7807
 -20.4730  -19.9607  -19.4312  -18.9567  -18.7840  -18.7330  -17.7640  -17.2881
 -15.8000  -14.9277  -13.7684  -13.2854  -12.4261  -11.6294  -11.5413  -11.1229
 -10.4769  -10.0285   -9.7173   -9.5250   -9.3453   -9.0242   -8.6460   -8.4330
  -7.7692   -7.6989   -7.6031   -7.4377   -7.3357   -7.1631   -7.0048   -6.7667
  -6.7267   -6.1501   -6.0248   -5.9664   -5.8805   -5.5985   -5.4513   -5.4119
  -5.1487   -5.0218   -4.7134   -4.6187   -4.4205   -4.3001   -4.1971   -3.9702
  -3.8835   -3.6393   -3.5739   -3.2437   -2.8909   -2.5040   -2.4590   -2.0756
  -1.9218   -1.6684   -1.5408   -1.3528   -1.0781   -0.7850   -0.7217   -0.3869
  -0.2622    0.2350    0.4985    0.9001    1.0403    1.1476    1.4267    1.7357
   1.8250    2.3934    3.1536    3.1747    3.2070    3.3013    3.3087    6.4333
   6.7793    8.2940    8.6500    8.8604    9.0201    9.2130    9.4341    9.4903
   9.7239    9.9116   10.0965   10.1424   10.2073   10.2894   10.6191   10.7761
  10.9999   11.0399   11.2312   11.4054   11.4646   11.5001   11.6148   11.7261
  11.8764   12.0690   12.1109   12.2073   12.3779   12.5579   12.6031   12.6468
  12.7260   12.8816   12.9179   12.9247   12.9378   12.9650   12.9913   13.0403
  13.4653   13.5340   13.5730   13.8658   13.9843   14.2660   14.6379   14.8111
  14.9907   15.4004   15.6023   15.8380   16.2615   16.3957   17.0767   18.0254
  18.9690   19.7290   20.7778   21.2744   22.2423   22.2735

 Heat of formation   =       -357.30342394 kcal/mol  (      -15.49383912 eV)

 Total SCF energy    =    -160547.37690555 kcal/mol  (    -6961.85668035 eV)
 Electronic energy   =   -1245822.41072458 kcal/mol  (   -54022.91360845 eV)
 Core-core repulsion =    1085275.03381903 kcal/mol  (    47061.05692810 eV)
 
    Atomic Charges for Step       1 :
  Atom    Element       Mulliken Charge
     1      C                 -0.107
     2      C                 -0.127
     3      C                 -0.145
     4      H                  0.091
     5      H                  0.088
     6      C                 -0.211
     7      H                  0.071
     8      H                  0.084
     9      C                  0.324
    10      H                  0.063
    11      H                  0.066
    12      O                 -0.294
    13      O                 -0.608
    14      O                 -0.601
    15      S                  0.312
    16      C                 -0.196
    17      N                 -0.174
    18      C                 -0.123
    19      C                 -0.188
    20      C                 -0.192
    21      C                  0.084
    22      O                 -0.756
    23      P                  2.676
    24      P                  2.654
    25      N                 -0.236
    26      O                 -1.251
    27      O                 -1.281
    28      C                  0.033
    29      O                 -1.238
    30      O                 -1.287
    31      N                 -0.271
    32      O                 -1.285
    33      O                 -1.282
    34      C                  0.181
    35      N                 -0.330
    36      C                 -0.198
    37      C                 -0.017
    38      C                 -0.002
    39      C                 -0.147
    40      C                 -0.165
    41      H                  0.178
    42      H                  0.150
    43      H                 -0.009
    44      H                  0.100
    45      H                  0.202
    46      H                  0.259
    47      H                  0.162
    48      H                  0.118
    49      H                  0.080
    50      H                  0.089
    51      H                  0.078
    52      H                  0.075
    53      H                  0.039
    54      H                  0.195
    55      H                  0.062
    56      H                  0.207
 Total Mulliken Charge =      -4.000
 
                  X        Y        Z     TOTAL  
  QM DIPOLE   715.200  659.677 -501.416 1094.579
 
 Final Structure

  QMMM: QM Region Cartesian Coordinates (*=link atom) 
  QMMM: QM_NO.   MM_NO.  ATOM         X         Y         Z
  QMMM:     1        1      C      -35.0568  -35.8467   21.7446
  QMMM:     2        2      C      -36.1363  -36.7089   21.1869
  QMMM:     3        3      C      -35.8756  -37.1943   19.7727
  QMMM:     4        4      H      -37.1047  -36.1363   21.2161
  QMMM:     5        5      H      -36.2685  -37.5979   21.8643
  QMMM:     6        6      C      -36.9459  -38.1365   19.2753
  QMMM:     7        7      H      -34.8829  -37.7164   19.7344
  QMMM:     8        8      H      -35.8213  -36.3223   19.0668
  QMMM:     9        9      C      -36.7207  -38.5466   17.8133
  QMMM:    10       10      H      -37.9483  -37.6412   19.3404
  QMMM:    11       11      H      -36.9786  -39.0558   19.9125
  QMMM:    12       12      O      -33.8713  -35.7389   21.0255
  QMMM:    13       13      O      -36.9628  -39.7485   17.4868
  QMMM:    14       14      O      -36.3277  -37.6810   16.9751
  QMMM:    15       15      S      -36.5925  -35.3789   23.9258
  QMMM:    16       16      C      -35.1644  -35.2222   22.9537
  QMMM:    17       17      N      -34.2345  -34.3099   23.5376
  QMMM:    18       18      C      -34.7531  -33.8452   24.8058
  QMMM:    19       19      C      -35.9893  -34.3111   25.1478
  QMMM:    20       20      C      -36.7573  -34.0252   26.3683
  QMMM:    21       21      C      -37.1734  -32.5481   26.5229
  QMMM:    22       22      O      -36.4210  -31.9161   27.4939
  QMMM:    23       23      P      -37.3007  -31.3521   28.8408
  QMMM:    24       24      P      -38.5911  -34.2520   29.8481
  QMMM:    25       25      N      -29.8902  -32.3916   24.0419
  QMMM:    26       26      O      -38.3019  -30.4438   28.2081
  QMMM:    27       27      O      -37.6064  -34.8491   30.8157
  QMMM:    28       28      C      -30.0396  -31.5980   22.9387
  QMMM:    29       29      O      -36.2476  -30.7195   29.6852
  QMMM:    30       30      O      -38.6440  -34.9342   28.5039
  QMMM:    31       31      N      -31.0092  -31.7123   21.9893
  QMMM:    32       32      O      -37.9011  -32.6845   29.3926
  QMMM:    33       33      O      -39.9254  -33.9230   30.4604
  QMMM:    34       34      C      -31.9255  -32.7322   22.1478
  QMMM:    35       35      N      -32.8366  -32.9618   21.1346
  QMMM:    36       36      C      -31.8689  -33.5904   23.3037
  QMMM:    37       37      C      -30.8250  -33.3525   24.2060
  QMMM:    38       38      C      -32.8336  -34.7104   23.5530
  QMMM:    39       39      C      -29.0504  -30.4672   22.7693
  QMMM:    40       40      C      -33.9766  -32.8790   25.6163
  QMMM:    41       41      H      -37.6854  -34.6626   26.4602
  QMMM:    42       42      H      -36.1343  -34.3035   27.2670
  QMMM:    43       43      H      -37.0153  -32.0223   25.5338
  QMMM:    44       44      H      -38.2677  -32.5100   26.7873
  QMMM:    45       45      H      -33.0612  -32.2012   20.5381
  QMMM:    46       46      H      -33.5809  -33.5963   21.3375
  QMMM:    47       47      H      -30.7327  -33.9561   25.1286
  QMMM:    48       48      H      -32.6557  -35.4946   22.7599
  QMMM:    49       49      H      -32.5726  -35.1778   24.5501
  QMMM:    50       50      H      -29.3584  -29.6221   23.4331
  QMMM:    51       51      H      -29.0251  -30.1054   21.7136
  QMMM:    52       52      H      -28.0251  -30.7997   23.0606
  QMMM:    53       53      H      -33.0096  -33.3291   25.9550
  QMMM:    54       54      H      -34.5885  -32.5777   26.5171
  QMMM:    55       55      H      -33.7478  -31.9596   25.0230
  QMMM:    56       56      H      -34.1209  -35.6072   20.0995

           --------- Calculation Completed ----------

