            --------------------------------------------------------
                             AMBER SQM VERSION 19
 
                                     By
              Ross C. Walker, Michael F. Crowley, Scott Brozell,
                         Tim Giese, Andreas W. Goetz,
                        Tai-Sung Lee and David A. Case
 
            --------------------------------------------------------
 

--------------------------------------------------------------------------------
  QM CALCULATION INFO
--------------------------------------------------------------------------------

| QMMM: Citation for AMBER QMMM Run:
| QMMM: R.C. Walker, M.F. Crowley and D.A. Case, J. COMP. CHEM. 29:1019, 2008

QMMM: SINGLET STATE CALCULATION
QMMM: RHF CALCULATION, NO. OF DOUBLY OCCUPIED LEVELS =100

| QMMM: *** Selected Hamiltonian *** 
| QMMM: AM1         

| QMMM: *** Parameter sets in use ***
| QMMM: C : M.J.S.DEWAR et al. JACS, 107, 3902, (1985)
| QMMM: H : M.J.S.DEWAR et al. JACS, 107, 3902, (1985)
| QMMM: O : M.J.S.DEWAR et al. JACS, 107, 3902, (1985)
| QMMM: S : M.J.S.DEWAR et al. INORG. CHEM., 29, 3881, (1990)
| QMMM: N : M.J.S.DEWAR et al. JACS, 107, 3902, (1985)
| QMMM: P : M.J.S.DEWAR et al. THEOCHEM, 187,1, (1989)

| QMMM: *** SCF convergence criteria ***
| QMMM: Energy change                :  0.1D-09 kcal/mol
| QMMM: Error matrix |FP-PF|         :  0.1D+00 au
| QMMM: Density matrix change        :  0.5D-06
| QMMM: Maximum number of SCF cycles :     1000

| QMMM: *** Diagonalization Routine Information ***
| QMMM: Pseudo diagonalizations are allowed.
| QMMM: Auto diagonalization routine selection is in use.
| QMMM:
| QMMM: Timing diagonalization routines:
| QMMM:                              norbs =      163
| QMMM:    diag iterations used for timing =        5
| QMMM:
| QMMM:              Internal diag routine = 0.032304 seconds
| QMMM:                 Dspev diag routine = 0.028098 seconds
| QMMM:                Dspevd diag routine = 0.013731 seconds
| QMMM:                Dspevx diag routine = 0.074126 seconds
| QMMM:                 Dsyev diag routine = 0.026034 seconds
| QMMM:                Dsyevd diag routine = 0.010671 seconds
| QMMM:                Dsyevr diag routine = 0.017313 seconds
| QMMM:
| QMMM:                Pseudo diag routine = 0.013541 seconds
| QMMM: Pseudo diagonalization appears to be slower than regular
| QMMM: diagonalization. Setting pseudo_diag=0 for optimum performance.
| QMMM:
| QMMM: Using dsyevd routine (diag_routine=6).

  QMMM: QM Region Cartesian Coordinates (*=link atom) 
  QMMM: QM_NO.   MM_NO.  ATOM         X         Y         Z
  QMMM:     1        1      C      -34.5920  -37.5500   22.5780
  QMMM:     2        2      C      -34.8660  -36.1100   22.1430
  QMMM:     3        3      C      -36.2350  -36.0830   21.4900
  QMMM:     4        4      C      -36.1380  -35.8840   19.9800
  QMMM:     5        5      H      -36.8110  -35.2690   21.9420
  QMMM:     6        6      H      -36.7420  -37.0310   21.7060
  QMMM:     7        7      C      -37.5110  -35.8240   19.3600
  QMMM:     8        8      H      -35.5850  -36.7170   19.5310
  QMMM:     9        9      H      -35.6150  -34.9500   19.7510
  QMMM:    10       10      O      -33.4710  -38.0150   21.9960
  QMMM:    11       11      O      -37.4720  -35.7760   18.0100
  QMMM:    12       12      O      -35.3070  -38.1600   23.3440
  QMMM:    13       13      O      -34.1010  -35.6070   21.3250
  QMMM:    14       14      O      -38.5580  -35.8080   19.9850
  QMMM:    15       15      S      -36.2720  -34.7160   24.3470
  QMMM:    16       16      C      -34.8940  -35.2570   23.4880
  QMMM:    17       17      N      -33.7830  -34.9240   24.1600
  QMMM:    18       18      C      -34.0010  -34.3440   25.4180
  QMMM:    19       19      C      -35.3210  -34.1790   25.7170
  QMMM:    20       20      C      -35.9340  -33.8010   27.0350
  QMMM:    21       21      C      -36.3500  -32.3330   27.2100
  QMMM:    22       22      O      -36.7310  -32.1600   28.5720
  QMMM:    23       23      P      -37.9530  -31.0950   28.8900
  QMMM:    24       24      P      -39.9260  -33.3190   28.5480
  QMMM:    25       25      N      -30.0570  -32.1440   23.5990
  QMMM:    26       26      O      -37.7090  -29.7570   28.2890
  QMMM:    27       27      O      -40.1170  -33.2440   30.1020
  QMMM:    28       28      C      -30.6410  -31.3390   22.6960
  QMMM:    29       29      O      -38.0540  -31.1230   30.4270
  QMMM:    30       30      O      -38.8860  -34.3810   28.1180
  QMMM:    31       31      N      -31.7550  -31.6280   22.0360
  QMMM:    32       32      O      -39.2200  -31.7970   28.2050
  QMMM:    33       33      O      -41.1570  -33.3660   27.7150
  QMMM:    34       34      C      -32.3760  -32.8190   22.2550
  QMMM:    35       35      N      -33.4870  -33.0760   21.5700
  QMMM:    36       36      C      -31.8270  -33.7300   23.2130
  QMMM:    37       37      C      -30.6720  -33.3160   23.8290
  QMMM:    38       38      C      -32.4170  -35.0620   23.5920
  QMMM:    39       39      C      -30.0120  -30.0070   22.4190
  QMMM:    40       40      C      -32.8490  -34.0990   26.3250
  QMMM:    41       41      H      -36.8260  -34.4040   27.2360
  QMMM:    42       42      H      -35.2070  -34.0360   27.8210
  QMMM:    43       43      H      -35.5180  -31.6540   26.9910
  QMMM:    44       44      H      -37.1790  -32.0970   26.5310
  QMMM:    45       45      H      -33.8070  -32.3690   20.9160
  QMMM:    46       46      H      -33.8150  -34.0880   21.4480
  QMMM:    47       47      H      -30.1990  -33.9640   24.5680
  QMMM:    48       48      H      -32.5130  -35.7450   22.7470
  QMMM:    49       49      H      -31.7820  -35.5340   24.3480
  QMMM:    50       50      H      -30.0160  -29.3950   23.3260
  QMMM:    51       51      H      -30.5450  -29.4810   21.6270
  QMMM:    52       52      H      -28.9650  -30.1280   22.1320
  QMMM:    53       53      H      -32.2550  -35.0140   26.4320
  QMMM:    54       54      H      -33.2130  -33.8000   27.3080
  QMMM:    55       55      H      -32.1910  -33.3070   25.9540

--------------------------------------------------------------------------------
  RESULTS
--------------------------------------------------------------------------------

      iter         sqm energy              rms gradient
      ----    -------------------    -----------------------
xmin    10     -281.2222 kcal/mol        2.7075 kcal/(mol*A)
xmin    20     -288.8868 kcal/mol        0.7111 kcal/(mol*A)
xmin    30     -289.6491 kcal/mol        0.1500 kcal/(mol*A)
xmin    40     -289.7838 kcal/mol        0.1812 kcal/(mol*A)
xmin    50     -289.8870 kcal/mol        0.2398 kcal/(mol*A)
xmin    60     -290.3297 kcal/mol        0.5718 kcal/(mol*A)
xmin    70     -291.0091 kcal/mol        1.4467 kcal/(mol*A)
xmin    80     -291.7831 kcal/mol        0.6343 kcal/(mol*A)
xmin    90     -293.8560 kcal/mol        0.4110 kcal/(mol*A)
xmin   100     -295.0580 kcal/mol        0.3506 kcal/(mol*A)
xmin   110     -295.5495 kcal/mol        0.4873 kcal/(mol*A)
xmin   120     -296.0091 kcal/mol        0.3259 kcal/(mol*A)
xmin   130     -296.4790 kcal/mol        0.2488 kcal/(mol*A)
xmin   140     -296.6805 kcal/mol        0.1987 kcal/(mol*A)
xmin   150     -296.7931 kcal/mol        0.3243 kcal/(mol*A)
xmin   160     -296.8770 kcal/mol        0.0481 kcal/(mol*A)
xmin   170     -296.8827 kcal/mol        0.0429 kcal/(mol*A)
xmin   180     -296.8911 kcal/mol        0.0213 kcal/(mol*A)
xmin   190     -296.8917 kcal/mol        0.0109 kcal/(mol*A)
xmin   200     -296.8918 kcal/mol        0.0055 kcal/(mol*A)
xmin   210     -296.8919 kcal/mol        0.0023 kcal/(mol*A)
xmin   220     -296.8920 kcal/mol        0.0022 kcal/(mol*A)
xmin   230     -296.8920 kcal/mol        0.0012 kcal/(mol*A)
xmin   230     -296.8920 kcal/mol        0.0005 kcal/(mol*A)
  ... geometry converged !
 
 Final MO eigenvalues (eV):
 -31.7744  -29.8775  -29.2705  -26.9966  -26.7650  -26.1979  -25.3982  -24.5212
 -24.0405  -23.8812  -22.9481  -22.6597  -21.8129  -20.7972  -20.6962  -20.0977
 -19.4182  -19.1139  -18.9912  -18.1989  -18.0122  -17.4728  -17.4651  -15.7384
 -14.5442  -13.7417  -13.2905  -12.6165  -11.7325  -10.4074  -10.0508   -9.3999
  -8.9023   -8.5692   -8.0692   -7.4590   -7.2369   -6.7625   -6.3872   -6.2650
  -6.2093   -5.9198   -5.3199   -5.1127   -5.0144   -4.9178   -4.8750   -4.7098
  -4.6813   -4.5540   -4.3928   -4.2832   -4.1931   -4.1120   -3.8964   -3.8016
  -3.6574   -3.4627   -3.2780   -3.0545   -3.0062   -2.7440   -2.4594   -2.3413
  -2.1771   -2.0219   -1.8672   -1.3997   -1.2849   -1.1547   -0.9802   -0.7623
  -0.6876   -0.6514   -0.4788   -0.1457   -0.1192    0.2807    0.3271    0.5462
   0.8941    0.9271    0.9576    1.1178    1.1531    1.4727    1.5979    1.8984
   2.0529    2.4467    2.5387    2.7521    3.0948    3.1821    3.6537    4.4259
   4.4367    4.4882    4.5771    4.5793    8.8418    9.4482    9.9387   10.0185
  10.1659   10.8527   10.9932   12.4381   12.4720   12.5227   12.6814   12.7781
  13.0433   13.0823   13.2653   13.3042   13.4197   13.5583   13.5976   13.7112
  13.7646   13.8165   13.9244   13.9347   14.1428   14.2180   14.2855   14.3358
  14.3981   14.5014   14.6636   14.7479   14.7907   14.8570   14.8861   15.0410
  15.1159   15.2085   15.2347   15.3232   15.5114   15.5876   15.6093   15.6207
  16.0762   16.0935   16.2985   16.3375   16.4759   17.0400   17.3770   17.7561
  17.8541   18.5534   18.8454   19.1799   19.2966   20.2011   21.1128   22.0800
  22.6042   23.4978   23.5101

 Heat of formation   =       -296.89198575 kcal/mol  (      -12.87420258 eV)

 Total SCF energy    =    -174240.48051965 kcal/mol  (    -7555.63421012 eV)
 Electronic energy   =   -1353898.31218835 kcal/mol  (   -58709.43637259 eV)
 Core-core repulsion =    1179657.83166870 kcal/mol  (    51153.80216247 eV)
 
    Atomic Charges for Step       1 :
  Atom    Element       Mulliken Charge
     1      C                  0.356
     2      C                  0.040
     3      C                 -0.156
     4      C                 -0.200
     5      H                  0.088
     6      H                  0.093
     7      C                  0.322
     8      H                  0.091
     9      H                  0.072
    10      O                 -0.558
    11      O                 -0.638
    12      O                 -0.547
    13      O                 -0.292
    14      O                 -0.600
    15      S                  0.656
    16      C                 -0.235
    17      N                 -0.002
    18      C                 -0.058
    19      C                 -0.328
    20      C                 -0.174
    21      C                  0.101
    22      O                 -0.729
    23      P                  2.684
    24      P                  2.659
    25      N                 -0.365
    26      O                 -1.246
    27      O                 -1.283
    28      C                  0.046
    29      O                 -1.245
    30      O                 -1.283
    31      N                 -0.353
    32      O                 -1.274
    33      O                 -1.288
    34      C                  0.129
    35      N                 -0.383
    36      C                 -0.309
    37      C                 -0.004
    38      C                  0.034
    39      C                 -0.140
    40      C                 -0.164
    41      H                  0.118
    42      H                  0.114
    43      H                  0.007
    44      H                  0.073
    45      H                  0.099
    46      H                  0.204
    47      H                  0.110
    48      H                  0.186
    49      H                  0.085
    50      H                  0.064
    51      H                  0.060
    52      H                  0.049
    53      H                  0.069
    54      H                  0.140
    55      H                  0.110
 Total Mulliken Charge =      -5.000
 
                  X        Y        Z     TOTAL  
  QM DIPOLE   885.893  805.980 -626.033 1351.417
 
 Final Structure

  QMMM: QM Region Cartesian Coordinates (*=link atom) 
  QMMM: QM_NO.   MM_NO.  ATOM         X         Y         Z
  QMMM:     1        1      C      -34.2778  -37.3581   21.9607
  QMMM:     2        2      C      -34.8298  -35.9238   21.5529
  QMMM:     3        3      C      -36.1528  -36.0021   20.7729
  QMMM:     4        4      C      -35.9725  -36.6718   19.4273
  QMMM:     5        5      H      -36.5633  -34.9699   20.6134
  QMMM:     6        6      H      -36.8873  -36.5885   21.3849
  QMMM:     7        7      C      -37.0980  -36.4236   18.4220
  QMMM:     8        8      H      -35.8588  -37.7757   19.5828
  QMMM:     9        9      H      -35.0260  -36.3007   18.9520
  QMMM:    10       10      O      -33.0408  -37.4662   22.1683
  QMMM:    11       11      O      -37.2175  -37.2433   17.4534
  QMMM:    12       12      O      -35.1130  -38.2889   22.0900
  QMMM:    13       13      O      -33.8282  -35.3234   20.7563
  QMMM:    14       14      O      -37.8558  -35.4130   18.5256
  QMMM:    15       15      S      -36.5724  -35.0336   23.5561
  QMMM:    16       16      C      -35.0385  -35.1711   22.8553
  QMMM:    17       17      N      -34.0630  -34.6544   23.6516
  QMMM:    18       18      C      -34.5906  -34.1803   24.8741
  QMMM:    19       19      C      -35.9674  -34.3489   24.9762
  QMMM:    20       20      C      -36.8009  -34.1263   26.1705
  QMMM:    21       21      C      -36.9652  -32.6606   26.6507
  QMMM:    22       22      O      -37.1589  -32.6248   28.0090
  QMMM:    23       23      P      -38.7518  -32.1751   28.5041
  QMMM:    24       24      P      -38.7873  -31.8368   31.8227
  QMMM:    25       25      N      -29.8265  -32.4490   24.3801
  QMMM:    26       26      O      -39.5213  -33.3444   27.9901
  QMMM:    27       27      O      -37.8240  -30.7274   32.1499
  QMMM:    28       28      C      -30.0491  -31.4462   23.4558
  QMMM:    29       29      O      -38.9264  -30.8888   27.7703
  QMMM:    30       30      O      -38.4012  -33.1704   32.4040
  QMMM:    31       31      N      -31.0444  -31.3580   22.5682
  QMMM:    32       32      O      -38.6650  -32.0507   30.0560
  QMMM:    33       33      O      -40.2345  -31.4721   32.0301
  QMMM:    34       34      C      -32.0197  -32.3988   22.5449
  QMMM:    35       35      N      -33.0614  -32.3919   21.7460
  QMMM:    36       36      C      -31.8142  -33.5217   23.4777
  QMMM:    37       37      C      -30.7385  -33.4500   24.3489
  QMMM:    38       38      C      -32.6261  -34.7611   23.3977
  QMMM:    39       39      C      -29.0337  -30.3184   23.4724
  QMMM:    40       40      C      -33.7385  -33.5822   25.9251
  QMMM:    41       41      H      -37.8333  -34.5393   26.0062
  QMMM:    42       42      H      -36.3505  -34.7003   27.0285
  QMMM:    43       43      H      -36.0160  -32.1056   26.3905
  QMMM:    44       44      H      -37.8279  -32.1873   26.1040
  QMMM:    45       45      H      -33.1214  -31.5891   21.1557
  QMMM:    46       46      H      -34.1515  -34.4447   20.5152
  QMMM:    47       47      H      -30.5621  -34.2579   25.0835
  QMMM:    48       48      H      -32.5018  -35.2266   22.3688
  QMMM:    49       49      H      -32.2481  -35.5124   24.1559
  QMMM:    50       50      H      -29.0864  -29.7887   24.4543
  QMMM:    51       51      H      -29.2269  -29.5797   22.6582
  QMMM:    52       52      H      -28.0040  -30.7305   23.3416
  QMMM:    53       53      H      -32.8537  -34.2319   26.1417
  QMMM:    54       54      H      -34.3455  -33.4478   26.8589
  QMMM:    55       55      H      -33.3643  -32.5821   25.5881

           --------- Calculation Completed ----------

