            --------------------------------------------------------
                             AMBER SQM VERSION 19
 
                                     By
              Ross C. Walker, Michael F. Crowley, Scott Brozell,
                         Tim Giese, Andreas W. Goetz,
                        Tai-Sung Lee and David A. Case
 
            --------------------------------------------------------
 

--------------------------------------------------------------------------------
  QM CALCULATION INFO
--------------------------------------------------------------------------------

| QMMM: Citation for AMBER QMMM Run:
| QMMM: R.C. Walker, M.F. Crowley and D.A. Case, J. COMP. CHEM. 29:1019, 2008

QMMM: SINGLET STATE CALCULATION
QMMM: RHF CALCULATION, NO. OF DOUBLY OCCUPIED LEVELS = 87

| QMMM: *** Selected Hamiltonian *** 
| QMMM: AM1         

| QMMM: *** Parameter sets in use ***
| QMMM: C : M.J.S.DEWAR et al. JACS, 107, 3902, (1985)
| QMMM: O : M.J.S.DEWAR et al. JACS, 107, 3902, (1985)
| QMMM: H : M.J.S.DEWAR et al. JACS, 107, 3902, (1985)
| QMMM: S : M.J.S.DEWAR et al. INORG. CHEM., 29, 3881, (1990)
| QMMM: N : M.J.S.DEWAR et al. JACS, 107, 3902, (1985)
| QMMM: P : M.J.S.DEWAR et al. THEOCHEM, 187,1, (1989)

| QMMM: *** SCF convergence criteria ***
| QMMM: Energy change                :  0.1D-09 kcal/mol
| QMMM: Error matrix |FP-PF|         :  0.1D+00 au
| QMMM: Density matrix change        :  0.5D-06
| QMMM: Maximum number of SCF cycles :     1000

| QMMM: *** Diagonalization Routine Information ***
| QMMM: Pseudo diagonalizations are allowed.
| QMMM: Auto diagonalization routine selection is in use.
| QMMM:
| QMMM: Timing diagonalization routines:
| QMMM:                              norbs =      147
| QMMM:    diag iterations used for timing =       10
| QMMM:
| QMMM:              Internal diag routine = 0.051251 seconds
| QMMM:                 Dspev diag routine = 0.045056 seconds
| QMMM:                Dspevd diag routine = 0.024255 seconds
| QMMM:                Dspevx diag routine = 0.127252 seconds
| QMMM:                 Dsyev diag routine = 0.042005 seconds
| QMMM:                Dsyevd diag routine = 0.019921 seconds
| QMMM:                Dsyevr diag routine = 0.032592 seconds
| QMMM:
| QMMM:                Pseudo diag routine = 0.021320 seconds
| QMMM: Pseudo diagonalization appears to be slower than regular
| QMMM: diagonalization. Setting pseudo_diag=0 for optimum performance.
| QMMM:
| QMMM: Using dsyevd routine (diag_routine=6).

  QMMM: QM Region Cartesian Coordinates (*=link atom) 
  QMMM: QM_NO.   MM_NO.  ATOM         X         Y         Z
  QMMM:     1        1      C      -34.6240  -36.3410   22.1750
  QMMM:     2        2      O      -33.9910  -35.6150   21.2550
  QMMM:     3        3      C      -36.1060  -36.6420   21.7920
  QMMM:     4        4      H      -36.6890  -35.7190   21.8730
  QMMM:     5        5      H      -36.5130  -37.4000   22.4620
  QMMM:     6        6      C      -36.1260  -37.1270   20.3520
  QMMM:     7        7      H      -35.5440  -36.4170   19.7620
  QMMM:     8        8      C      -37.5370  -37.2630   19.7930
  QMMM:     9        9      H      -35.6270  -38.0960   20.3030
  QMMM:    10       10      H      -38.0680  -36.3020   19.8030
  QMMM:    11       11      H      -38.1200  -37.9650   20.3910
  QMMM:    12       12      H      -37.5280  -37.6220   18.7610
  QMMM:    13       13      S      -35.9870  -35.5520   24.5310
  QMMM:    14       14      C      -34.6100  -35.6900   23.5370
  QMMM:    15       15      N      -33.5770  -35.0630   24.0940
  QMMM:    16       16      C      -33.8310  -34.4890   25.3280
  QMMM:    17       17      C      -35.1110  -34.6650   25.7490
  QMMM:    18       18      C      -35.7510  -34.2790   27.0380
  QMMM:    19       19      C      -36.2590  -32.8270   27.1040
  QMMM:    20       20      O      -36.6760  -32.5660   28.4120
  QMMM:    21       21      P      -37.8230  -31.4150   28.6220
  QMMM:    22       22      P      -39.7910  -33.5080   28.2890
  QMMM:    23       23      N      -30.0780  -32.0010   23.4810
  QMMM:    24       24      O      -37.4550  -30.1680   27.9490
  QMMM:    25       25      O      -40.1880  -33.4210   29.7900
  QMMM:    26       26      C      -30.7450  -31.2310   22.6280
  QMMM:    27       27      O      -37.9290  -31.3260   30.1350
  QMMM:    28       28      O      -38.7330  -34.5410   28.0000
  QMMM:    29       29      N      -31.8720  -31.5710   22.0360
  QMMM:    30       30      O      -39.1500  -31.9990   27.9930
  QMMM:    31       31      O      -40.9830  -33.6070   27.4230
  QMMM:    32       32      C      -32.4230  -32.7700   22.2810
  QMMM:    33       33      N      -33.5930  -33.0540   21.7080
  QMMM:    34       34      C      -31.7700  -33.6590   23.1800
  QMMM:    35       35      C      -30.5960  -33.2040   23.7270
  QMMM:    36       36      C      -32.2670  -35.0390   23.4730
  QMMM:    37       37      C      -30.1800  -29.8870   22.3240
  QMMM:    38       38      C      -32.7510  -33.8040   26.0840
  QMMM:    39       39      H      -36.6200  -34.9110   27.2330
  QMMM:    40       40      H      -35.0370  -34.4090   27.8540
  QMMM:    41       41      H      -35.4640  -32.1290   26.8290
  QMMM:    42       42      H      -37.0880  -32.6980   26.4030
  QMMM:    43       43      H      -33.9050  -32.3990   21.0040
  QMMM:    44       44      H      -33.8340  -34.0610   21.5400
  QMMM:    45       45      H      -30.0220  -33.8290   24.3990
  QMMM:    46       46      H      -32.3540  -35.6100   22.5420
  QMMM:    47       47      H      -31.5650  -35.5580   24.1280
  QMMM:    48       48      H      -30.3270  -29.2390   23.1840
  QMMM:    49       49      H      -30.6820  -29.4660   21.4610
  QMMM:    50       50      H      -29.1130  -29.9700   22.1440
  QMMM:    51       51      H      -31.8590  -34.4250   26.1030
  QMMM:    52       52      H      -33.0890  -33.6070   27.0960
  QMMM:    53       53      H      -32.4920  -32.8600   25.6110
  QMMM:    54       54      H      -34.0010  -36.0680   20.3080

--------------------------------------------------------------------------------
  RESULTS
--------------------------------------------------------------------------------

      iter         sqm energy              rms gradient
      ----    -------------------    -----------------------
xmin    10     -327.3673 kcal/mol        2.3979 kcal/(mol*A)
xmin    20     -332.3486 kcal/mol        2.1537 kcal/(mol*A)
xmin    30     -374.5874 kcal/mol        0.9878 kcal/(mol*A)
xmin    40     -376.8110 kcal/mol        0.8708 kcal/(mol*A)
xmin    50     -377.2322 kcal/mol        0.1447 kcal/(mol*A)
xmin    60     -377.3040 kcal/mol        0.1740 kcal/(mol*A)
xmin    70     -377.3424 kcal/mol        0.0746 kcal/(mol*A)
xmin    80     -377.3504 kcal/mol        0.0242 kcal/(mol*A)
xmin    90     -377.3525 kcal/mol        0.0121 kcal/(mol*A)
xmin   100     -377.3531 kcal/mol        0.0281 kcal/(mol*A)
xmin   110     -377.3534 kcal/mol        0.0057 kcal/(mol*A)
xmin   120     -377.3540 kcal/mol        0.0046 kcal/(mol*A)
xmin   130     -377.3541 kcal/mol        0.0110 kcal/(mol*A)
xmin   140     -377.3542 kcal/mol        0.0030 kcal/(mol*A)
xmin   150     -377.3543 kcal/mol        0.0020 kcal/(mol*A)
xmin   160     -377.3543 kcal/mol        0.0014 kcal/(mol*A)
  ... geometry converged !
 
 Final MO eigenvalues (eV):
 -34.6930  -32.0084  -30.4854  -30.1193  -28.6690  -28.0727  -27.9915  -26.1370
 -25.7450  -24.6446  -24.4273  -23.6028  -23.2129  -22.9272  -22.9219  -22.5288
 -22.4028  -22.3403  -20.4118  -18.8495  -18.3228  -17.7112  -16.3479  -15.3075
 -14.1398  -12.9742  -12.8630  -12.1208  -11.5450  -10.5503  -10.1542  -10.1242
 -10.0204   -9.9645   -9.5510   -9.2505   -8.9299   -8.7737   -8.5961   -8.3495
  -8.3035   -8.0816   -8.0093   -7.7369   -7.2244   -7.2110   -6.8517   -6.5954
  -6.4140   -6.3950   -6.1790   -6.0889   -5.9773   -5.8869   -5.6791   -5.3411
  -5.1558   -5.0183   -4.8089   -4.6951   -4.6317   -4.5409   -4.3331   -4.2173
  -3.8349   -3.5474   -3.4903   -3.3192   -2.9542   -2.6637   -2.5986   -2.2727
  -2.0702   -1.7658   -1.4516   -1.1756   -1.1183   -0.9474   -0.7942   -0.5265
  -0.4496   -0.3213   -0.2798   -0.0077    0.0434    0.9202    1.7585    5.8506
   6.1539    8.3087    8.4320    8.8016    9.0684    9.2857    9.3799    9.4462
   9.4936    9.5816    9.7157    9.8524   10.1639   10.3913   10.4270   10.4597
  10.6289   10.6952   10.9267   11.0127   11.0329   11.1279   11.1859   11.2638
  11.4400   11.5226   11.5347   11.5743   11.7100   11.8462   11.9662   11.9952
  12.1512   12.2829   12.3527   12.4510   12.5948   12.6854   12.9345   12.9559
  13.0596   13.1211   13.3073   13.4285   13.4992   13.7735   13.8215   14.0764
  14.2059   14.3084   14.5208   15.0830   15.3959   16.6870   17.1391   18.2740
  18.6311   18.6765   19.3449

 Heat of formation   =       -377.35427980 kcal/mol  (      -16.36330947 eV)

 Total SCF energy    =    -143227.05967758 kcal/mol  (    -6210.79136540 eV)
 Electronic energy   =   -1157171.75778333 kcal/mol  (   -50178.73282960 eV)
 Core-core repulsion =    1013944.69810576 kcal/mol  (    43967.94146419 eV)
 
    Atomic Charges for Step       1 :
  Atom    Element       Mulliken Charge
     1      C                 -0.343
     2      O                 -0.307
     3      C                 -0.061
     4      H                  0.116
     5      H                  0.032
     6      C                 -0.159
     7      H                  0.080
     8      C                 -0.205
     9      H                  0.036
    10      H                  0.097
    11      H                  0.043
    12      H                  0.028
    13      S                  0.861
    14      C                 -0.256
    15      N                 -0.183
    16      C                 -0.185
    17      C                 -0.337
    18      C                 -0.146
    19      C                  0.063
    20      O                 -0.757
    21      P                  2.700
    22      P                  2.767
    23      N                 -0.251
    24      O                 -1.226
    25      O                 -1.243
    26      C                  0.024
    27      O                 -1.215
    28      O                 -1.139
    29      N                 -0.275
    30      O                 -1.297
    31      O                 -1.233
    32      C                  0.181
    33      N                 -0.327
    34      C                 -0.197
    35      C                 -0.045
    36      C                  0.015
    37      C                 -0.145
    38      C                 -0.117
    39      H                  0.149
    40      H                  0.045
    41      H                  0.007
    42      H                  0.085
    43      H                  0.204
    44      H                  0.275
    45      H                  0.145
    46      H                  0.125
    47      H                  0.056
    48      H                  0.084
    49      H                  0.076
    50      H                  0.074
    51      H                  0.026
    52      H                  0.085
    53      H                  0.036
    54      H                  0.134
 Total Mulliken Charge =      -3.000
 
                  X        Y        Z     TOTAL  
  QM DIPOLE   538.949  487.230 -379.051  819.475
 
 Final Structure

  QMMM: QM Region Cartesian Coordinates (*=link atom) 
  QMMM: QM_NO.   MM_NO.  ATOM         X         Y         Z
  QMMM:     1        1      C      -34.9044  -36.1093   22.6407
  QMMM:     2        2      O      -33.8339  -36.5007   21.8329
  QMMM:     3        3      C      -36.2212  -36.6312   22.2088
  QMMM:     4        4      H      -36.9730  -36.4686   23.0307
  QMMM:     5        5      H      -36.1510  -37.7375   22.0196
  QMMM:     6        6      C      -36.7181  -35.9603   20.9372
  QMMM:     7        7      H      -36.7730  -34.8534   21.1071
  QMMM:     8        8      C      -38.0738  -36.4761   20.5300
  QMMM:     9        9      H      -35.9814  -36.1352   20.1088
  QMMM:    10       10      H      -38.8178  -36.2839   21.3417
  QMMM:    11       11      H      -38.0375  -37.5765   20.3412
  QMMM:    12       12      H      -38.4272  -35.9729   19.5970
  QMMM:    13       13      S      -36.2093  -35.0547   24.9765
  QMMM:    14       14      C      -34.7674  -35.4118   23.8175
  QMMM:    15       15      N      -33.6195  -34.8585   24.3561
  QMMM:    16       16      C      -33.8485  -34.2501   25.6258
  QMMM:    17       17      C      -35.1640  -34.2976   26.0428
  QMMM:    18       18      C      -35.6456  -33.7702   27.3380
  QMMM:    19       19      C      -36.1698  -32.3325   27.2202
  QMMM:    20       20      O      -36.9897  -32.0021   28.2921
  QMMM:    21       21      P      -38.6259  -31.8895   27.9503
  QMMM:    22       22      P      -38.9693  -34.9302   26.7983
  QMMM:    23       23      N      -29.7333  -32.2822   23.1486
  QMMM:    24       24      O      -38.7271  -30.8638   26.8839
  QMMM:    25       25      O      -38.5629  -35.8435   27.8955
  QMMM:    26       26      C      -30.4151  -31.5401   22.2283
  QMMM:    27       27      O      -39.2940  -31.6638   29.2538
  QMMM:    28       28      O      -37.8035  -34.9269   25.6965
  QMMM:    29       29      N      -31.6657  -31.7973   21.7516
  QMMM:    30       30      O      -38.8501  -33.3735   27.3763
  QMMM:    31       31      O      -40.2896  -35.0954   26.1424
  QMMM:    32       32      C      -32.3090  -32.9196   22.2335
  QMMM:    33       33      N      -33.5162  -33.2720   21.6669
  QMMM:    34       34      C      -31.6760  -33.7466   23.2354
  QMMM:    35       35      C      -30.3950  -33.3575   23.6362
  QMMM:    36       36      C      -32.2953  -34.9832   23.8331
  QMMM:    37       37      C      -29.7378  -30.2967   21.6974
  QMMM:    38       38      C      -32.7355  -33.6523   26.3903
  QMMM:    39       39      H      -36.4976  -34.4308   27.6906
  QMMM:    40       40      H      -34.8434  -33.8124   28.1187
  QMMM:    41       41      H      -35.2867  -31.6282   27.2224
  QMMM:    42       42      H      -36.7299  -32.2043   26.2513
  QMMM:    43       43      H      -34.0330  -32.5525   21.2159
  QMMM:    44       44      H      -34.0696  -33.9602   22.1408
  QMMM:    45       45      H      -29.8541  -33.9336   24.4088
  QMMM:    46       46      H      -32.2903  -35.7798   23.0308
  QMMM:    47       47      H      -31.6045  -35.3264   24.6628
  QMMM:    48       48      H      -30.1692  -29.4037   22.2130
  QMMM:    49       49      H      -29.9096  -30.1951   20.5988
  QMMM:    50       50      H      -28.6383  -30.3260   21.8877
  QMMM:    51       51      H      -32.1512  -34.4403   26.9338
  QMMM:    52       52      H      -33.1451  -32.9349   27.1444
  QMMM:    53       53      H      -32.0202  -33.0972   25.7302
  QMMM:    54       54      H      -33.8841  -35.9415   21.0437

           --------- Calculation Completed ----------

