            --------------------------------------------------------
                             AMBER SQM VERSION 19
 
                                     By
              Ross C. Walker, Michael F. Crowley, Scott Brozell,
                         Tim Giese, Andreas W. Goetz,
                        Tai-Sung Lee and David A. Case
 
            --------------------------------------------------------
 

--------------------------------------------------------------------------------
  QM CALCULATION INFO
--------------------------------------------------------------------------------

| QMMM: Citation for AMBER QMMM Run:
| QMMM: R.C. Walker, M.F. Crowley and D.A. Case, J. COMP. CHEM. 29:1019, 2008

QMMM: SINGLET STATE CALCULATION
QMMM: RHF CALCULATION, NO. OF DOUBLY OCCUPIED LEVELS = 89

| QMMM: *** Selected Hamiltonian *** 
| QMMM: AM1         

| QMMM: *** Parameter sets in use ***
| QMMM: C : M.J.S.DEWAR et al. JACS, 107, 3902, (1985)
| QMMM: H : M.J.S.DEWAR et al. JACS, 107, 3902, (1985)
| QMMM: O : M.J.S.DEWAR et al. JACS, 107, 3902, (1985)
| QMMM: S : M.J.S.DEWAR et al. INORG. CHEM., 29, 3881, (1990)
| QMMM: N : M.J.S.DEWAR et al. JACS, 107, 3902, (1985)
| QMMM: P : M.J.S.DEWAR et al. THEOCHEM, 187,1, (1989)

| QMMM: *** SCF convergence criteria ***
| QMMM: Energy change                :  0.1D-09 kcal/mol
| QMMM: Error matrix |FP-PF|         :  0.1D+00 au
| QMMM: Density matrix change        :  0.5D-06
| QMMM: Maximum number of SCF cycles :     1000

| QMMM: *** Diagonalization Routine Information ***
| QMMM: Pseudo diagonalizations are allowed.
| QMMM: Auto diagonalization routine selection is in use.
| QMMM:
| QMMM: Timing diagonalization routines:
| QMMM:                              norbs =      146
| QMMM:    diag iterations used for timing =       10
| QMMM:
| QMMM:              Internal diag routine = 0.049654 seconds
| QMMM:                 Dspev diag routine = 0.043416 seconds
| QMMM:                Dspevd diag routine = 0.022991 seconds
| QMMM:                Dspevx diag routine = 0.122959 seconds
| QMMM:                 Dsyev diag routine = 0.040695 seconds
| QMMM:                Dsyevd diag routine = 0.018738 seconds
| QMMM:                Dsyevr diag routine = 0.030790 seconds
| QMMM:
| QMMM:                Pseudo diag routine = 0.019708 seconds
| QMMM: Pseudo diagonalization appears to be slower than regular
| QMMM: diagonalization. Setting pseudo_diag=0 for optimum performance.
| QMMM:
| QMMM: Using dsyevd routine (diag_routine=6).

  QMMM: QM Region Cartesian Coordinates (*=link atom) 
  QMMM: QM_NO.   MM_NO.  ATOM         X         Y         Z
  QMMM:     1        1      C      -34.7840  -36.3640   21.8800
  QMMM:     2        2      C      -36.1720  -36.8940   21.3970
  QMMM:     3        3      C      -37.2730  -35.9320   20.9430
  QMMM:     4        4      H      -36.5930  -37.4930   22.2110
  QMMM:     5        5      H      -35.9640  -37.5610   20.5540
  QMMM:     6        6      O      -37.7620  -36.1200   19.7860
  QMMM:     7        7      O      -34.0900  -35.6730   20.9740
  QMMM:     8        8      O      -37.7490  -35.1090   21.7420
  QMMM:     9        9      S      -36.3230  -35.2250   23.9900
  QMMM:    10       10      C      -34.8790  -35.6020   23.1830
  QMMM:    11       11      N      -33.8250  -35.1060   23.8410
  QMMM:    12       12      C      -34.1170  -34.5440   25.0700
  QMMM:    13       13      C      -35.4440  -34.5600   25.3590
  QMMM:    14       14      C      -36.0870  -34.2100   26.6630
  QMMM:    15       15      C      -36.2830  -32.7100   26.9540
  QMMM:    16       16      O      -36.6950  -32.5500   28.2860
  QMMM:    17       17      P      -37.8200  -31.4240   28.6510
  QMMM:    18       18      P      -39.8570  -33.4570   28.3700
  QMMM:    19       19      N      -30.1590  -32.1840   23.4910
  QMMM:    20       20      O      -37.5180  -30.1110   28.0720
  QMMM:    21       21      O      -40.2290  -33.3930   29.8820
  QMMM:    22       22      C      -30.7520  -31.4050   22.5910
  QMMM:    23       23      O      -37.8150  -31.4550   30.1730
  QMMM:    24       24      O      -38.8200  -34.5020   28.0660
  QMMM:    25       25      N      -31.8440  -31.7090   21.9240
  QMMM:    26       26      O      -39.2030  -31.9490   28.0930
  QMMM:    27       27      O      -41.0700  -33.5220   27.5350
  QMMM:    28       28      C      -32.4490  -32.8970   22.1290
  QMMM:    29       29      N      -33.5640  -33.1670   21.4690
  QMMM:    30       30      C      -31.8820  -33.7950   23.0840
  QMMM:    31       31      C      -30.7380  -33.3710   23.7090
  QMMM:    32       32      C      -32.4660  -35.1520   23.3320
  QMMM:    33       33      C      -30.1320  -30.0730   22.3130
  QMMM:    34       34      C      -33.0260  -34.0690   25.9680
  QMMM:    35       35      H      -37.0630  -34.6840   26.7440
  QMMM:    36       36      H      -35.4700  -34.6080   27.4730
  QMMM:    37       37      H      -35.3360  -32.1800   26.8200
  QMMM:    38       38      H      -37.0170  -32.2810   26.2690
  QMMM:    39       39      H      -33.8720  -32.4890   20.7870
  QMMM:    40       40      H      -33.8650  -34.1710   21.2930
  QMMM:    41       41      H      -30.2290  -33.9990   24.4290
  QMMM:    42       42      H      -32.4970  -35.7090   22.3900
  QMMM:    43       43      H      -31.8430  -35.7090   24.0370
  QMMM:    44       44      H      -30.1490  -29.4720   23.2170
  QMMM:    45       45      H      -30.6830  -29.5760   21.5230
  QMMM:    46       46      H      -29.0950  -30.2090   22.0170
  QMMM:    47       47      H      -32.2660  -34.8400   26.0790
  QMMM:    48       48      H      -33.4470  -33.8310   26.9400
  QMMM:    49       49      H      -32.5500  -33.1800   25.5610
  QMMM:    50       50      H      -34.0240  -36.2020   20.0690

--------------------------------------------------------------------------------
  RESULTS
--------------------------------------------------------------------------------

      iter         sqm energy              rms gradient
      ----    -------------------    -----------------------
xmin    10     -314.1165 kcal/mol        3.5712 kcal/(mol*A)
xmin    20     -329.4118 kcal/mol        0.5925 kcal/(mol*A)
xmin    30     -333.1425 kcal/mol        0.4310 kcal/(mol*A)
xmin    40     -334.1834 kcal/mol        0.5765 kcal/(mol*A)
xmin    50     -335.0536 kcal/mol        1.6505 kcal/(mol*A)
xmin    60     -336.0844 kcal/mol        0.4140 kcal/(mol*A)
xmin    70     -336.6709 kcal/mol        0.3315 kcal/(mol*A)
xmin    80     -338.6171 kcal/mol        0.2630 kcal/(mol*A)
xmin    90     -339.2364 kcal/mol        0.2511 kcal/(mol*A)
xmin   100     -339.4791 kcal/mol        0.2210 kcal/(mol*A)
xmin   110     -339.4995 kcal/mol        0.0216 kcal/(mol*A)
xmin   120     -339.5041 kcal/mol        0.0308 kcal/(mol*A)
xmin   130     -339.5062 kcal/mol        0.0265 kcal/(mol*A)
xmin   140     -339.5078 kcal/mol        0.0460 kcal/(mol*A)
xmin   150     -339.5087 kcal/mol        0.0116 kcal/(mol*A)
xmin   160     -339.5089 kcal/mol        0.0069 kcal/(mol*A)
xmin   170     -339.5091 kcal/mol        0.0037 kcal/(mol*A)
xmin   180     -339.5092 kcal/mol        0.0017 kcal/(mol*A)
xmin   190     -339.5092 kcal/mol        0.0013 kcal/(mol*A)
xmin   200     -339.5092 kcal/mol        0.0006 kcal/(mol*A)
  ... geometry converged !
 
 Final MO eigenvalues (eV):
 -33.4017  -31.8728  -30.7132  -29.0861  -28.8220  -27.3726  -26.6056  -25.6357
 -24.9875  -24.5148  -24.0995  -22.6703  -21.8364  -21.1115  -20.4882  -20.2377
 -19.8329  -19.1120  -18.7632  -18.4111  -18.3994  -17.1495  -16.6158  -15.0958
 -13.5609  -13.3200  -12.1442  -11.5766  -10.7189  -10.5878  -10.0452   -9.6461
  -9.2549   -8.7711   -8.6107   -8.1170   -7.7886   -7.6217   -7.4443   -7.2121
  -7.0607   -6.8850   -6.7442   -6.6841   -6.6023   -6.1514   -6.1126   -5.7741
  -5.5685   -5.2513   -5.2253   -5.1101   -4.9621   -4.6131   -4.5237   -4.4066
  -4.3149   -3.7993   -3.4915   -3.3243   -3.1885   -3.0803   -2.8369   -2.6761
  -1.9370   -1.8331   -1.7575   -1.6960   -1.5649   -1.5009   -1.3291   -1.1707
  -0.6533   -0.0081    0.0347    0.4478    0.8109    1.0519    1.4442    1.4709
   1.6123    2.0144    2.1216    2.6921    3.5055    3.5170    3.5632    3.6519
   3.6550    7.1272    7.5563    8.8782    9.0313    9.3912    9.6738    9.7252
   9.8345   10.2008   10.5128   10.5533   10.7702   10.8625   11.0132   11.0246
  11.0809   11.2108   11.5552   11.6623   11.7959   11.9469   12.0156   12.2604
  12.3547   12.5523   12.5801   12.6910   12.8241   12.8681   12.9694   13.1241
  13.2439   13.3715   13.5069   13.6056   13.7011   13.8442   14.0288   14.2155
  14.2953   14.3433   14.4696   14.5237   14.6409   15.1615   15.3635   15.5836
  15.8425   16.5837   16.7122   18.2596   19.2015   20.0703   21.0597   21.6036
  22.5780   22.5956

 Heat of formation   =       -339.50918478 kcal/mol  (      -14.72222301 eV)

 Total SCF energy    =    -153355.87660334 kcal/mol  (    -6650.00982626 eV)
 Electronic energy   =   -1151099.06521211 kcal/mol  (   -49915.40111930 eV)
 Core-core repulsion =     997743.18860877 kcal/mol  (    43265.39129304 eV)
 
    Atomic Charges for Step       1 :
  Atom    Element       Mulliken Charge
     1      C                 -0.005
     2      C                 -0.203
     3      C                  0.330
     4      H                  0.104
     5      H                  0.086
     6      O                 -0.626
     7      O                 -0.301
     8      O                 -0.577
     9      S                  0.230
    10      C                 -0.221
    11      N                 -0.162
    12      C                 -0.075
    13      C                 -0.226
    14      C                 -0.152
    15      C                  0.079
    16      O                 -0.748
    17      P                  2.684
    18      P                  2.654
    19      N                 -0.217
    20      O                 -1.251
    21      O                 -1.282
    22      C                  0.026
    23      O                 -1.236
    24      O                 -1.281
    25      N                 -0.270
    26      O                 -1.277
    27      O                 -1.286
    28      C                  0.153
    29      N                 -0.309
    30      C                 -0.247
    31      C                 -0.002
    32      C                  0.010
    33      C                 -0.146
    34      C                 -0.176
    35      H                  0.068
    36      H                  0.138
    37      H                 -0.001
    38      H                  0.099
    39      H                  0.210
    40      H                  0.239
    41      H                  0.193
    42      H                  0.106
    43      H                  0.089
    44      H                  0.090
    45      H                  0.072
    46      H                  0.075
    47      H                  0.057
    48      H                  0.199
    49      H                  0.052
    50      H                  0.237
 Total Mulliken Charge =      -4.000
 
                  X        Y        Z     TOTAL  
  QM DIPOLE   711.548  641.488 -522.359 1091.177
 
 Final Structure

  QMMM: QM Region Cartesian Coordinates (*=link atom) 
  QMMM: QM_NO.   MM_NO.  ATOM         X         Y         Z
  QMMM:     1        1      C      -34.9130  -36.0518   21.7025
  QMMM:     2        2      C      -35.8458  -35.9392   20.5508
  QMMM:     3        3      C      -35.1705  -35.8945   19.1725
  QMMM:     4        4      H      -36.4681  -35.0114   20.6574
  QMMM:     5        5      H      -36.5440  -36.8178   20.5614
  QMMM:     6        6      O      -33.9009  -35.8365   19.0913
  QMMM:     7        7      O      -33.8562  -36.9406   21.5900
  QMMM:     8        8      O      -35.9096  -35.9360   18.1480
  QMMM:     9        9      S      -36.4899  -34.4433   23.2493
  QMMM:    10       10      C      -35.0413  -35.3311   22.8522
  QMMM:    11       11      N      -34.1437  -35.3680   23.9619
  QMMM:    12       12      C      -34.7517  -34.7398   25.1072
  QMMM:    13       13      C      -35.9994  -34.2294   24.9035
  QMMM:    14       14      C      -36.9408  -33.6578   25.8818
  QMMM:    15       15      C      -36.3840  -32.5099   26.7545
  QMMM:    16       16      O      -36.1236  -32.9571   28.0285
  QMMM:    17       17      P      -36.5641  -31.9403   29.3408
  QMMM:    18       18      P      -39.3194  -33.2202   30.7145
  QMMM:    19       19      N      -31.8548  -31.4185   23.6187
  QMMM:    20       20      O      -36.7902  -30.6343   28.6524
  QMMM:    21       21      O      -38.9375  -34.5892   31.2089
  QMMM:    22       22      C      -31.5386  -31.2809   22.2944
  QMMM:    23       23      O      -35.3479  -32.0565   30.1939
  QMMM:    24       24      O      -40.3581  -33.2238   29.6259
  QMMM:    25       25      N      -31.6188  -32.2512   21.3456
  QMMM:    26       26      O      -37.8528  -32.6031   29.9120
  QMMM:    27       27      O      -39.5668  -32.2158   31.8094
  QMMM:    28       28      C      -32.0358  -33.5028   21.7540
  QMMM:    29       29      N      -32.0218  -34.5332   20.8178
  QMMM:    30       30      C      -32.3698  -33.7431   23.1329
  QMMM:    31       31      C      -32.2802  -32.6393   23.9987
  QMMM:    32       32      C      -32.7496  -35.0840   23.6912
  QMMM:    33       33      C      -31.0860  -29.9113   21.8418
  QMMM:    34       34      C      -34.0722  -34.7974   26.4244
  QMMM:    35       35      H      -37.8456  -33.2824   25.3335
  QMMM:    36       36      H      -37.2819  -34.4726   26.5818
  QMMM:    37       37      H      -35.4314  -32.1407   26.2672
  QMMM:    38       38      H      -37.1302  -31.6658   26.7759
  QMMM:    39       39      H      -32.0750  -34.2555   19.8580
  QMMM:    40       40      H      -32.6712  -35.2732   21.0111
  QMMM:    41       41      H      -32.5829  -32.7333   25.0627
  QMMM:    42       42      H      -32.3917  -35.9056   23.0052
  QMMM:    43       43      H      -32.2047  -35.2021   24.6751
  QMMM:    44       44      H      -31.9566  -29.2116   21.8836
  QMMM:    45       45      H      -30.6921  -29.9350   20.7978
  QMMM:    46       46      H      -30.2858  -29.5302   22.5213
  QMMM:    47       47      H      -33.7923  -35.8502   26.6760
  QMMM:    48       48      H      -34.7639  -34.3973   27.2233
  QMMM:    49       49      H      -33.1435  -34.1749   26.4288
  QMMM:    50       50      H      -33.6944  -37.0885   20.6413

           --------- Calculation Completed ----------

