            --------------------------------------------------------
                             AMBER SQM VERSION 19
 
                                     By
              Ross C. Walker, Michael F. Crowley, Scott Brozell,
                         Tim Giese, Andreas W. Goetz,
                        Tai-Sung Lee and David A. Case
 
            --------------------------------------------------------
 

--------------------------------------------------------------------------------
  QM CALCULATION INFO
--------------------------------------------------------------------------------

| QMMM: Citation for AMBER QMMM Run:
| QMMM: R.C. Walker, M.F. Crowley and D.A. Case, J. COMP. CHEM. 29:1019, 2008

QMMM: SINGLET STATE CALCULATION
QMMM: RHF CALCULATION, NO. OF DOUBLY OCCUPIED LEVELS =103

| QMMM: *** Selected Hamiltonian *** 
| QMMM: AM1         

| QMMM: *** Parameter sets in use ***
| QMMM: C : M.J.S.DEWAR et al. JACS, 107, 3902, (1985)
| QMMM: H : M.J.S.DEWAR et al. JACS, 107, 3902, (1985)
| QMMM: O : M.J.S.DEWAR et al. JACS, 107, 3902, (1985)
| QMMM: S : M.J.S.DEWAR et al. INORG. CHEM., 29, 3881, (1990)
| QMMM: N : M.J.S.DEWAR et al. JACS, 107, 3902, (1985)
| QMMM: P : M.J.S.DEWAR et al. THEOCHEM, 187,1, (1989)

| QMMM: *** SCF convergence criteria ***
| QMMM: Energy change                :  0.1D-09 kcal/mol
| QMMM: Error matrix |FP-PF|         :  0.1D+00 au
| QMMM: Density matrix change        :  0.5D-06
| QMMM: Maximum number of SCF cycles :     1000

| QMMM: *** Diagonalization Routine Information ***
| QMMM: Pseudo diagonalizations are allowed.
| QMMM: Auto diagonalization routine selection is in use.
| QMMM:
| QMMM: Timing diagonalization routines:
| QMMM:                              norbs =      169
| QMMM:    diag iterations used for timing =        5
| QMMM:
| QMMM:              Internal diag routine = 0.035769 seconds
| QMMM:                 Dspev diag routine = 0.031043 seconds
| QMMM:                Dspevd diag routine = 0.015243 seconds
| QMMM:                Dspevx diag routine = 0.081595 seconds
| QMMM:                 Dsyev diag routine = 0.028711 seconds
| QMMM:                Dsyevd diag routine = 0.011279 seconds
| QMMM:                Dsyevr diag routine = 0.018217 seconds
| QMMM:
| QMMM:                Pseudo diag routine = 0.015401 seconds
| QMMM: Pseudo diagonalization appears to be slower than regular
| QMMM: diagonalization. Setting pseudo_diag=0 for optimum performance.
| QMMM:
| QMMM: Using dsyevd routine (diag_routine=6).

  QMMM: QM Region Cartesian Coordinates (*=link atom) 
  QMMM: QM_NO.   MM_NO.  ATOM         X         Y         Z
  QMMM:     1        1      C      -34.5900  -37.5460   22.5750
  QMMM:     2        2      C      -34.8680  -36.1090   22.1450
  QMMM:     3        3      C      -36.2420  -36.0880   21.5000
  QMMM:     4        4      C      -36.8620  -34.6940   21.5260
  QMMM:     5        5      H      -36.8820  -36.7910   22.0450
  QMMM:     6        6      H      -36.1420  -36.4310   20.4640
  QMMM:     7        7      C      -38.2610  -34.6880   20.9120
  QMMM:     8        8      H      -36.2150  -33.9930   20.9820
  QMMM:     9        9      H      -36.9080  -34.3280   22.5590
  QMMM:    10       10      C      -38.8840  -33.3110   20.9490
  QMMM:    11       11      H      -38.9140  -35.3710   21.4680
  QMMM:    12       12      H      -38.2080  -35.0130   19.8680
  QMMM:    13       13      O      -33.4800  -38.0110   21.9710
  QMMM:    14       14      O      -35.2890  -38.1550   23.3570
  QMMM:    15       15      O      -34.1010  -35.6120   21.3270
  QMMM:    16       16      O      -38.3730  -32.3180   21.4410
  QMMM:    17       17      O      -40.1070  -33.2830   20.3710
  QMMM:    18       18      S      -36.2720  -34.7160   24.3470
  QMMM:    19       19      C      -34.8940  -35.2570   23.4880
  QMMM:    20       20      N      -33.7830  -34.9240   24.1600
  QMMM:    21       21      C      -34.0010  -34.3440   25.4180
  QMMM:    22       22      C      -35.3210  -34.1790   25.7170
  QMMM:    23       23      C      -35.9340  -33.8010   27.0350
  QMMM:    24       24      C      -36.3500  -32.3330   27.2100
  QMMM:    25       25      O      -36.7310  -32.1600   28.5720
  QMMM:    26       26      P      -37.9530  -31.0950   28.8900
  QMMM:    27       27      P      -39.9260  -33.3190   28.5480
  QMMM:    28       28      N      -30.0570  -32.1440   23.5990
  QMMM:    29       29      O      -37.7090  -29.7570   28.2890
  QMMM:    30       30      O      -40.1170  -33.2440   30.1020
  QMMM:    31       31      C      -30.6410  -31.3390   22.6960
  QMMM:    32       32      O      -38.0540  -31.1230   30.4270
  QMMM:    33       33      O      -38.8860  -34.3810   28.1180
  QMMM:    34       34      N      -31.7550  -31.6280   22.0360
  QMMM:    35       35      O      -39.2200  -31.7970   28.2050
  QMMM:    36       36      O      -41.1570  -33.3660   27.7150
  QMMM:    37       37      C      -32.3760  -32.8190   22.2550
  QMMM:    38       38      N      -33.4870  -33.0760   21.5700
  QMMM:    39       39      C      -31.8270  -33.7300   23.2130
  QMMM:    40       40      C      -30.6720  -33.3160   23.8290
  QMMM:    41       41      C      -32.4170  -35.0620   23.5920
  QMMM:    42       42      C      -30.0120  -30.0070   22.4190
  QMMM:    43       43      C      -32.8490  -34.0990   26.3250
  QMMM:    44       44      H      -36.8260  -34.4040   27.2360
  QMMM:    45       45      H      -35.2070  -34.0360   27.8210
  QMMM:    46       46      H      -35.5180  -31.6540   26.9910
  QMMM:    47       47      H      -37.1790  -32.0970   26.5310
  QMMM:    48       48      H      -33.8070  -32.3690   20.9160
  QMMM:    49       49      H      -33.8150  -34.0880   21.4480
  QMMM:    50       50      H      -30.1990  -33.9640   24.5680
  QMMM:    51       51      H      -32.5130  -35.7450   22.7470
  QMMM:    52       52      H      -31.7820  -35.5340   24.3480
  QMMM:    53       53      H      -30.0160  -29.3950   23.3260
  QMMM:    54       54      H      -30.5450  -29.4810   21.6270
  QMMM:    55       55      H      -28.9650  -30.1280   22.1320
  QMMM:    56       56      H      -32.2550  -35.0140   26.4320
  QMMM:    57       57      H      -33.2130  -33.8000   27.3080
  QMMM:    58       58      H      -32.1910  -33.3070   25.9540

--------------------------------------------------------------------------------
  RESULTS
--------------------------------------------------------------------------------

      iter         sqm energy              rms gradient
      ----    -------------------    -----------------------
xmin    10     -280.3255 kcal/mol        3.1142 kcal/(mol*A)
xmin    20     -297.8065 kcal/mol        0.9336 kcal/(mol*A)
xmin    30     -305.9955 kcal/mol        0.5525 kcal/(mol*A)
xmin    40     -308.8296 kcal/mol        0.9742 kcal/(mol*A)
xmin    50     -309.6811 kcal/mol        0.4348 kcal/(mol*A)
xmin    60     -309.8770 kcal/mol        0.0825 kcal/(mol*A)
xmin    70     -309.8999 kcal/mol        0.0274 kcal/(mol*A)
xmin    80     -309.9027 kcal/mol        0.0109 kcal/(mol*A)
xmin    90     -309.9029 kcal/mol        0.0042 kcal/(mol*A)
xmin   100     -309.9029 kcal/mol        0.0007 kcal/(mol*A)
  ... geometry converged !
 
 Final MO eigenvalues (eV):
 -31.3805  -29.6184  -29.0533  -27.1672  -26.5749  -25.8521  -25.1361  -24.3908
 -24.1994  -23.5379  -23.3623  -22.8878  -21.7128  -20.4630  -20.3399  -20.1223
 -19.9955  -19.4868  -19.1868  -18.2033  -17.7103  -17.5425  -17.4890  -16.6474
 -15.1458  -13.7135  -13.3640  -12.5635  -12.0295  -11.3526   -9.7772   -9.5669
  -9.2321   -8.8944   -8.3633   -7.8952   -7.1685   -6.9775   -6.4882   -6.1988
  -6.1062   -6.0323   -5.7424   -5.2948   -4.8676   -4.8567   -4.7601   -4.7060
  -4.6280   -4.4475   -4.3910   -4.2379   -4.1643   -4.0014   -3.7740   -3.7484
  -3.6020   -3.4588   -3.3988   -3.1095   -2.9433   -2.7006   -2.5459   -2.3157
  -2.1940   -2.0643   -1.9317   -1.7607   -1.6856   -1.6223   -1.2374   -1.0487
  -0.9131   -0.6662   -0.5926   -0.4852   -0.3867   -0.3079    0.1204    0.1504
   0.5335    0.6543    0.7867    0.8401    0.8730    0.9928    1.0925    1.3536
   1.4418    1.6265    2.1564    2.1653    2.3054    2.3978    2.7001    3.0109
   3.1012    3.6436    4.3766    4.3922    4.4281    4.5143    4.5342    9.2333
   9.8511   10.2486   10.5327   10.6061   11.1341   11.3578   12.6308   12.6818
  12.7500   12.9216   12.9585   13.2848   13.4622   13.5011   13.5525   13.6211
  13.8039   13.8740   13.9952   14.0164   14.1365   14.1900   14.3121   14.4108
  14.4356   14.4940   14.5723   14.6837   14.7414   14.8508   14.9102   14.9653
  15.0402   15.0660   15.1298   15.2400   15.3175   15.3353   15.4037   15.5669
  15.5870   15.6618   15.8267   15.8725   16.0962   16.1887   16.3492   16.5636
  16.6183   16.8617   17.0635   17.2934   17.6298   17.6749   18.0059   18.4914
  19.0847   19.2380   19.2823   20.2981   20.9825   22.0490   22.5333   23.4433
  23.5216

 Heat of formation   =       -309.90290071 kcal/mol  (      -13.43839819 eV)

 Total SCF energy    =    -177840.34446615 kcal/mol  (    -7711.73602472 eV)
 Electronic energy   =   -1437396.37056182 kcal/mol  (   -62330.18388456 eV)
 Core-core repulsion =    1259556.02609568 kcal/mol  (    54618.44785984 eV)
 
    Atomic Charges for Step       1 :
  Atom    Element       Mulliken Charge
     1      C                  0.359
     2      C                  0.049
     3      C                 -0.176
     4      C                 -0.130
     5      H                  0.054
     6      H                  0.108
     7      C                 -0.203
     8      H                  0.096
     9      H                  0.086
    10      C                  0.325
    11      H                  0.051
    12      H                  0.064
    13      O                 -0.560
    14      O                 -0.547
    15      O                 -0.292
    16      O                 -0.609
    17      O                 -0.630
    18      S                  0.648
    19      C                 -0.262
    20      N                  0.007
    21      C                 -0.070
    22      C                 -0.294
    23      C                 -0.201
    24      C                  0.085
    25      O                 -0.753
    26      P                  2.679
    27      P                  2.658
    28      N                 -0.368
    29      O                 -1.251
    30      O                 -1.285
    31      C                  0.045
    32      O                 -1.240
    33      O                 -1.284
    34      N                 -0.356
    35      O                 -1.286
    36      O                 -1.287
    37      C                  0.130
    38      N                 -0.385
    39      C                 -0.300
    40      C                 -0.006
    41      C                  0.034
    42      C                 -0.139
    43      C                 -0.173
    44      H                  0.199
    45      H                  0.130
    46      H                  0.002
    47      H                  0.095
    48      H                  0.097
    49      H                  0.205
    50      H                  0.111
    51      H                  0.182
    52      H                  0.089
    53      H                  0.062
    54      H                  0.059
    55      H                  0.047
    56      H                  0.062
    57      H                  0.168
    58      H                  0.103
 Total Mulliken Charge =      -5.000
 
                  X        Y        Z     TOTAL  
  QM DIPOLE   882.602  812.234 -616.183 1348.478
 
 Final Structure

  QMMM: QM Region Cartesian Coordinates (*=link atom) 
  QMMM: QM_NO.   MM_NO.  ATOM         X         Y         Z
  QMMM:     1        1      C      -34.9282  -36.8787   22.1985
  QMMM:     2        2      C      -35.4572  -35.3879   22.0367
  QMMM:     3        3      C      -36.9049  -35.3376   21.5226
  QMMM:     4        4      C      -37.0125  -35.6055   20.0296
  QMMM:     5        5      H      -37.3460  -34.3300   21.7476
  QMMM:     6        6      H      -37.4924  -36.1169   22.0771
  QMMM:     7        7      C      -38.4460  -35.5298   19.5509
  QMMM:     8        8      H      -36.5912  -36.6240   19.8220
  QMMM:     9        9      H      -36.3931  -34.8627   19.4617
  QMMM:    10       10      C      -38.6062  -35.6290   18.0309
  QMMM:    11       11      H      -38.8928  -34.5512   19.8683
  QMMM:    12       12      H      -39.0436  -36.3477   20.0292
  QMMM:    13       13      O      -33.6928  -37.0364   22.3832
  QMMM:    14       14      O      -35.7740  -37.8077   22.1568
  QMMM:    15       15      O      -34.5834  -34.7676   21.1153
  QMMM:    16       16      O      -38.0242  -34.7951   17.2722
  QMMM:    17       17      O      -39.3803  -36.5219   17.5584
  QMMM:    18       18      S      -36.7670  -34.5824   24.3827
  QMMM:    19       19      C      -35.3894  -34.7390   23.4091
  QMMM:    20       20      N      -34.2637  -34.3146   24.0455
  QMMM:    21       21      C      -34.5449  -33.8849   25.3612
  QMMM:    22       22      C      -35.8926  -33.9888   25.6976
  QMMM:    23       23      C      -36.4927  -33.7239   27.0164
  QMMM:    24       24      C      -36.3545  -32.2697   27.5164
  QMMM:    25       25      O      -35.7028  -32.2379   28.7341
  QMMM:    26       26      P      -36.5835  -31.5768   30.0304
  QMMM:    27       27      P      -39.1535  -33.6873   30.1126
  QMMM:    28       28      N      -29.8304  -32.3836   24.1465
  QMMM:    29       29      O      -36.9545  -30.2241   29.5207
  QMMM:    30       30      O      -38.8090  -34.7672   31.1029
  QMMM:    31       31      C      -30.1384  -31.3114   23.3329
  QMMM:    32       32      O      -35.6158  -31.6287   31.1644
  QMMM:    33       33      O      -39.1252  -34.1139   28.6659
  QMMM:    34       34      N      -31.2627  -31.1063   22.6387
  QMMM:    35       35      O      -37.7917  -32.5634   30.1450
  QMMM:    36       36      O      -40.3478  -32.8669   30.5234
  QMMM:    37       37      C      -32.2960  -32.0856   22.7275
  QMMM:    38       38      N      -33.4557  -31.9634   22.1237
  QMMM:    39       39      C      -32.0113  -33.2795   23.5443
  QMMM:    40       40      C      -30.8019  -33.3266   24.2188
  QMMM:    41       41      C      -32.9023  -34.4675   23.5347
  QMMM:    42       42      C      -29.0606  -30.2473   23.2334
  QMMM:    43       43      C      -33.4943  -33.3927   26.2794
  QMMM:    44       44      H      -37.5936  -33.9956   27.0646
  QMMM:    45       45      H      -35.9892  -34.3916   27.7729
  QMMM:    46       46      H      -35.7546  -31.6814   26.7595
  QMMM:    47       47      H      -37.3800  -31.8138   27.6067
  QMMM:    48       48      H      -33.5586  -31.1201   21.5996
  QMMM:    49       49      H      -34.8584  -33.8439   21.0412
  QMMM:    50       50      H      -30.5603  -34.1887   24.8680
  QMMM:    51       51      H      -32.9849  -34.8625   22.4733
  QMMM:    52       52      H      -32.4448  -35.2901   24.1644
  QMMM:    53       53      H      -28.9095  -29.7796   24.2364
  QMMM:    54       54      H      -29.3385  -29.4477   22.5059
  QMMM:    55       55      H      -28.0982  -30.7083   22.9039
  QMMM:    56       56      H      -32.7200  -34.1829   26.4462
  QMMM:    57       57      H      -33.9666  -33.1124   27.2623
  QMMM:    58       58      H      -32.9898  -32.4924   25.8462

           --------- Calculation Completed ----------

