            --------------------------------------------------------
                             AMBER SQM VERSION 19
 
                                     By
              Ross C. Walker, Michael F. Crowley, Scott Brozell,
                         Tim Giese, Andreas W. Goetz,
                        Tai-Sung Lee and David A. Case
 
            --------------------------------------------------------
 

--------------------------------------------------------------------------------
  QM CALCULATION INFO
--------------------------------------------------------------------------------

| QMMM: Citation for AMBER QMMM Run:
| QMMM: R.C. Walker, M.F. Crowley and D.A. Case, J. COMP. CHEM. 29:1019, 2008

QMMM: SINGLET STATE CALCULATION
QMMM: RHF CALCULATION, NO. OF DOUBLY OCCUPIED LEVELS =106

| QMMM: *** Selected Hamiltonian *** 
| QMMM: AM1         

| QMMM: *** Parameter sets in use ***
| QMMM: C : M.J.S.DEWAR et al. JACS, 107, 3902, (1985)
| QMMM: H : M.J.S.DEWAR et al. JACS, 107, 3902, (1985)
| QMMM: O : M.J.S.DEWAR et al. JACS, 107, 3902, (1985)
| QMMM: S : M.J.S.DEWAR et al. INORG. CHEM., 29, 3881, (1990)
| QMMM: N : M.J.S.DEWAR et al. JACS, 107, 3902, (1985)
| QMMM: P : M.J.S.DEWAR et al. THEOCHEM, 187,1, (1989)

| QMMM: *** SCF convergence criteria ***
| QMMM: Energy change                :  0.1D-09 kcal/mol
| QMMM: Error matrix |FP-PF|         :  0.1D+00 au
| QMMM: Density matrix change        :  0.5D-06
| QMMM: Maximum number of SCF cycles :     1000

| QMMM: *** Diagonalization Routine Information ***
| QMMM: Pseudo diagonalizations are allowed.
| QMMM: Auto diagonalization routine selection is in use.
| QMMM:
| QMMM: Timing diagonalization routines:
| QMMM:                              norbs =      178
| QMMM:    diag iterations used for timing =        5
| QMMM:
| QMMM:              Internal diag routine = 0.041274 seconds
| QMMM:                 Dspev diag routine = 0.035494 seconds
| QMMM:                Dspevd diag routine = 0.016923 seconds
| QMMM:                Dspevx diag routine = 0.088051 seconds
| QMMM:                 Dsyev diag routine = 0.032895 seconds
| QMMM:                Dsyevd diag routine = 0.012649 seconds
| QMMM:                Dsyevr diag routine = 0.020488 seconds
| QMMM:
| QMMM:                Pseudo diag routine = 0.017934 seconds
| QMMM: Pseudo diagonalization appears to be slower than regular
| QMMM: diagonalization. Setting pseudo_diag=0 for optimum performance.
| QMMM:
| QMMM: Using dsyevd routine (diag_routine=6).

  QMMM: QM Region Cartesian Coordinates (*=link atom) 
  QMMM: QM_NO.   MM_NO.  ATOM         X         Y         Z
  QMMM:     1        1      C      -34.5900  -37.5460   22.5750
  QMMM:     2        2      C      -34.8690  -36.1090   22.1450
  QMMM:     3        3      C      -36.1680  -36.1190   21.5100
  QMMM:     4        4      C      -36.0920  -35.9460   20.0160
  QMMM:     5        5      H      -36.7580  -35.3120   21.9610
  QMMM:     6        6      H      -36.7120  -37.0380   21.7530
  QMMM:     7        7      C      -35.8040  -37.0400   19.1860
  QMMM:     8        8      C      -36.3080  -34.6880   19.4350
  QMMM:     9        9      C      -35.7530  -36.8820   17.7980
  QMMM:    10       10      H      -35.6290  -38.0270   19.6110
  QMMM:    11       11      C      -36.2610  -34.5330   18.0490
  QMMM:    12       12      H      -36.5220  -33.8200   20.0550
  QMMM:    13       13      C      -35.9890  -35.6300   17.2410
  QMMM:    14       14      H      -35.5350  -37.7430   17.1740
  QMMM:    15       15      H      -36.4400  -33.5600   17.6010
  QMMM:    16       16      O      -35.9650  -35.4340   15.8930
  QMMM:    17       17      O      -34.1000  -35.6110   21.3260
  QMMM:    18       18      O      -35.2910  -38.1680   23.3440
  QMMM:    19       19      O      -33.4600  -37.9970   21.9960
  QMMM:    20       20      H      -35.7940  -36.2860   15.4580
  QMMM:    21       21      S      -36.2720  -34.7160   24.3470
  QMMM:    22       22      C      -34.8940  -35.2570   23.4880
  QMMM:    23       23      N      -33.7830  -34.9240   24.1600
  QMMM:    24       24      C      -34.0010  -34.3440   25.4180
  QMMM:    25       25      C      -35.3210  -34.1790   25.7170
  QMMM:    26       26      C      -35.9340  -33.8010   27.0350
  QMMM:    27       27      C      -36.3500  -32.3330   27.2100
  QMMM:    28       28      O      -36.7310  -32.1600   28.5720
  QMMM:    29       29      P      -37.9530  -31.0950   28.8900
  QMMM:    30       30      P      -39.9260  -33.3190   28.5480
  QMMM:    31       31      N      -30.0570  -32.1440   23.5990
  QMMM:    32       32      O      -37.7090  -29.7570   28.2890
  QMMM:    33       33      O      -40.1170  -33.2440   30.1020
  QMMM:    34       34      C      -30.6410  -31.3390   22.6960
  QMMM:    35       35      O      -38.0540  -31.1230   30.4270
  QMMM:    36       36      O      -38.8860  -34.3810   28.1180
  QMMM:    37       37      N      -31.7550  -31.6280   22.0360
  QMMM:    38       38      O      -39.2200  -31.7970   28.2050
  QMMM:    39       39      O      -41.1570  -33.3660   27.7150
  QMMM:    40       40      C      -32.3760  -32.8190   22.2550
  QMMM:    41       41      N      -33.4870  -33.0760   21.5700
  QMMM:    42       42      C      -31.8270  -33.7300   23.2130
  QMMM:    43       43      C      -30.6720  -33.3160   23.8290
  QMMM:    44       44      C      -32.4170  -35.0620   23.5920
  QMMM:    45       45      C      -30.0120  -30.0070   22.4190
  QMMM:    46       46      C      -32.8490  -34.0990   26.3250
  QMMM:    47       47      H      -36.8260  -34.4040   27.2360
  QMMM:    48       48      H      -35.2070  -34.0360   27.8210
  QMMM:    49       49      H      -35.5180  -31.6540   26.9910
  QMMM:    50       50      H      -37.1790  -32.0970   26.5310
  QMMM:    51       51      H      -33.8070  -32.3690   20.9160
  QMMM:    52       52      H      -33.8150  -34.0880   21.4480
  QMMM:    53       53      H      -30.1990  -33.9640   24.5680
  QMMM:    54       54      H      -32.5130  -35.7450   22.7470
  QMMM:    55       55      H      -31.7820  -35.5340   24.3480
  QMMM:    56       56      H      -30.0160  -29.3950   23.3260
  QMMM:    57       57      H      -30.5450  -29.4810   21.6270
  QMMM:    58       58      H      -28.9650  -30.1280   22.1320
  QMMM:    59       59      H      -32.2550  -35.0140   26.4320
  QMMM:    60       60      H      -33.2130  -33.8000   27.3080
  QMMM:    61       61      H      -32.1910  -33.3070   25.9540

--------------------------------------------------------------------------------
  RESULTS
--------------------------------------------------------------------------------

      iter         sqm energy              rms gradient
      ----    -------------------    -----------------------
xmin    10     -312.7596 kcal/mol        1.2269 kcal/(mol*A)
xmin    20     -318.0184 kcal/mol        1.4446 kcal/(mol*A)
xmin    30     -319.1617 kcal/mol        0.2728 kcal/(mol*A)
xmin    40     -319.3345 kcal/mol        0.2398 kcal/(mol*A)
xmin    50     -319.4989 kcal/mol        0.3998 kcal/(mol*A)
xmin    60     -319.5901 kcal/mol        0.1621 kcal/(mol*A)
xmin    70     -319.6056 kcal/mol        0.0431 kcal/(mol*A)
xmin    80     -319.6092 kcal/mol        0.0420 kcal/(mol*A)
xmin    90     -319.6118 kcal/mol        0.0392 kcal/(mol*A)
xmin   100     -319.6124 kcal/mol        0.0134 kcal/(mol*A)
xmin   110     -319.6127 kcal/mol        0.0124 kcal/(mol*A)
xmin   120     -319.6129 kcal/mol        0.0035 kcal/(mol*A)
xmin   130     -319.6131 kcal/mol        0.0195 kcal/(mol*A)
xmin   140     -319.6132 kcal/mol        0.0057 kcal/(mol*A)
xmin   150     -319.6133 kcal/mol        0.0035 kcal/(mol*A)
xmin   160     -319.6133 kcal/mol        0.0029 kcal/(mol*A)
xmin   170     -319.6133 kcal/mol        0.0009 kcal/(mol*A)
  ... geometry converged !
 
 Final MO eigenvalues (eV):
 -33.5341  -33.1884  -32.3943  -30.8125  -29.1339  -28.9039  -27.4554  -26.9815
 -26.5168  -25.1309  -24.7234  -24.3746  -24.2965  -23.9208  -23.5660  -21.9458
 -21.3590  -20.7482  -20.6913  -20.4160  -19.6975  -19.4154  -18.7889  -18.7233
 -17.8673  -17.1184  -16.7721  -16.4150  -15.5030  -14.9329  -13.8312  -13.3117
 -12.1172  -11.7696  -11.2127  -11.0081  -10.6520  -10.1829  -10.0529   -9.0753
  -8.8743   -8.8341   -8.7366   -8.5054   -8.3824   -7.9068   -7.7968   -7.3198
  -7.2227   -7.2089   -7.1023   -7.0641   -6.9472   -6.7837   -6.5706   -6.4535
  -6.2270   -6.0253   -5.7593   -5.5525   -5.5436   -5.3458   -5.2242   -5.0132
  -4.8691   -4.7827   -4.6251   -4.5452   -4.4365   -4.1713   -4.0890   -3.9205
  -3.6271   -3.4249   -3.2780   -3.1380   -2.9168   -2.6015   -2.5283   -1.9644
  -1.8523   -1.7556   -1.6921   -1.5569   -1.5287   -1.1180   -0.6258   -0.5293
  -0.4095   -0.3579   -0.2317   -0.1988    0.3498    0.9132    0.9898    1.0974
   1.1826    1.4860    1.8020    1.8869    2.4228    3.1472    3.1734    3.2197
   3.3099    3.3249    7.1157    7.5733    7.6661    7.7722    8.0294    8.5575
   9.0546    9.1915    9.6068    9.6538    9.6763    9.9453   10.0838   10.1791
  10.3475   10.6371   10.7069   10.7480   10.8267   10.9050   11.0047   11.2288
  11.2596   11.5982   11.6246   11.7006   11.7549   11.9467   12.0920   12.2091
  12.2438   12.3675   12.3821   12.4840   12.5699   12.6641   12.6965   12.7155
  12.7545   12.7927   12.8585   12.9664   13.0526   13.1159   13.2539   13.3971
  13.4431   13.6039   13.6425   13.6856   13.7433   13.9001   13.9761   14.0885
  14.3835   14.5763   14.7642   14.9440   15.3959   15.6178   15.8574   16.4239
  16.6941   17.0017   17.7856   18.0651   19.0215   19.7631   20.8416   21.3139
  22.2713   22.2759

 Heat of formation   =       -319.61332546 kcal/mol  (      -13.85947381 eV)

 Total SCF energy    =    -179686.90893953 kcal/mol  (    -7791.80906897 eV)
 Electronic energy   =   -1525536.39869349 kcal/mol  (   -66152.22231011 eV)
 Core-core repulsion =    1345849.48975396 kcal/mol  (    58360.41324114 eV)
 
    Atomic Charges for Step       1 :
  Atom    Element       Mulliken Charge
     1      C                  0.305
     2      C                  0.225
     3      C                 -0.188
     4      C                  0.017
     5      H                  0.058
     6      H                  0.113
     7      C                 -0.074
     8      C                 -0.128
     9      C                 -0.221
    10      H                  0.209
    11      C                 -0.173
    12      H                  0.126
    13      C                  0.005
    14      H                  0.100
    15      H                  0.110
    16      O                 -0.294
    17      O                 -0.697
    18      O                 -0.607
    19      O                 -0.592
    20      H                  0.189
    21      S                  0.574
    22      C                 -0.239
    23      N                 -0.045
    24      C                 -0.105
    25      C                 -0.260
    26      C                 -0.216
    27      C                  0.086
    28      O                 -0.752
    29      P                  2.677
    30      P                  2.659
    31      N                 -0.262
    32      O                 -1.249
    33      O                 -1.280
    34      C                  0.042
    35      O                 -1.236
    36      O                 -1.286
    37      N                 -0.294
    38      O                 -1.286
    39      O                 -1.281
    40      C                  0.197
    41      N                 -0.328
    42      C                 -0.228
    43      C                 -0.013
    44      C                 -0.009
    45      C                 -0.146
    46      C                 -0.169
    47      H                  0.217
    48      H                  0.131
    49      H                 -0.010
    50      H                  0.101
    51      H                  0.199
    52      H                  0.307
    53      H                  0.152
    54      H                  0.222
    55      H                  0.108
    56      H                  0.086
    57      H                  0.075
    58      H                  0.070
    59      H                  0.056
    60      H                  0.182
    61      H                  0.074
 Total Mulliken Charge =      -4.000
 
                  X        Y        Z     TOTAL  
  QM DIPOLE   710.279  646.881 -510.850 1088.080
 
 Final Structure

  QMMM: QM Region Cartesian Coordinates (*=link atom) 
  QMMM: QM_NO.   MM_NO.  ATOM         X         Y         Z
  QMMM:     1        1      C      -34.1900  -37.2744   22.1646
  QMMM:     2        2      C      -34.7791  -35.8510   21.8267
  QMMM:     3        3      C      -36.2411  -35.9898   21.2779
  QMMM:     4        4      C      -36.3176  -36.1141   19.8003
  QMMM:     5        5      H      -36.8517  -35.1017   21.5952
  QMMM:     6        6      H      -36.6846  -36.9156   21.7361
  QMMM:     7        7      C      -35.7006  -37.1977   19.1480
  QMMM:     8        8      C      -37.0275  -35.1822   19.0341
  QMMM:     9        9      C      -35.8051  -37.3496   17.7713
  QMMM:    10       10      H      -35.1238  -37.9126   19.7721
  QMMM:    11       11      C      -37.1419  -35.3185   17.6491
  QMMM:    12       12      H      -37.4981  -34.3190   19.5281
  QMMM:    13       13      C      -36.5298  -36.4077   17.0252
  QMMM:    14       14      H      -35.3166  -38.1931   17.2663
  QMMM:    15       15      H      -37.6987  -34.5859   17.0528
  QMMM:    16       16      O      -36.6798  -36.5201   15.6469
  QMMM:    17       17      O      -33.9910  -35.1419   21.0396
  QMMM:    18       18      O      -34.8264  -38.3141   21.8113
  QMMM:    19       19      O      -33.0729  -37.3454   22.7565
  QMMM:    20       20      H      -36.0896  -37.2296   15.3642
  QMMM:    21       21      S      -36.4592  -35.0033   24.0279
  QMMM:    22       22      C      -34.9681  -35.1633   23.2339
  QMMM:    23       23      N      -33.9526  -34.6486   23.9732
  QMMM:    24       24      C      -34.3990  -34.1460   25.2230
  QMMM:    25       25      C      -35.7701  -34.2611   25.3912
  QMMM:    26       26      C      -36.5550  -33.8420   26.5588
  QMMM:    27       27      C      -36.4470  -32.3340   26.8756
  QMMM:    28       28      O      -35.9611  -32.1431   28.1529
  QMMM:    29       29      P      -37.0224  -31.3412   29.2201
  QMMM:    30       30      P      -39.6467  -33.3814   29.0286
  QMMM:    31       31      N      -29.8629  -32.1667   24.2279
  QMMM:    32       32      O      -37.2409  -30.0396   28.5246
  QMMM:    33       33      O      -39.5034  -34.3844   30.1391
  QMMM:    34       34      C      -30.1769  -31.2720   23.2418
  QMMM:    35       35      O      -36.2546  -31.3132   30.4971
  QMMM:    36       36      O      -39.3888  -33.9298   27.6444
  QMMM:    37       37      N      -31.2198  -31.3560   22.3746
  QMMM:    38       38      O      -38.2657  -32.2890   29.2003
  QMMM:    39       39      O      -40.8595  -32.5010   29.1547
  QMMM:    40       40      C      -32.0684  -32.4446   22.5081
  QMMM:    41       41      N      -33.1813  -32.5258   21.7227
  QMMM:    42       42      C      -31.7962  -33.4529   23.5110
  QMMM:    43       43      C      -30.6925  -33.2291   24.3371
  QMMM:    44       44      C      -32.5530  -34.7365   23.6037
  QMMM:    45       45      C      -29.2842  -30.0573   23.1151
  QMMM:    46       46      C      -33.4763  -33.5839   26.2324
  QMMM:    47       47      H      -37.6623  -34.0900   26.4684
  QMMM:    48       48      H      -36.1956  -34.4110   27.4625
  QMMM:    49       49      H      -35.7362  -31.8576   26.1341
  QMMM:    50       50      H      -37.4626  -31.8619   26.7602
  QMMM:    51       51      H      -33.2777  -31.8882   20.9703
  QMMM:    52       52      H      -33.6427  -33.4282   21.6226
  QMMM:    53       53      H      -30.4461  -33.9447   25.1435
  QMMM:    54       54      H      -32.5055  -35.2790   22.5948
  QMMM:    55       55      H      -32.0594  -35.4089   24.3662
  QMMM:    56       56      H      -29.5945  -29.3069   23.8833
  QMMM:    57       57      H      -29.3719  -29.5937   22.1035
  QMMM:    58       58      H      -28.2174  -30.3348   23.2917
  QMMM:    59       59      H      -32.7670  -34.3705   26.5929
  QMMM:    60       60      H      -34.0806  -33.1964   27.1026
  QMMM:    61       61      H      -32.8809  -32.7394   25.8043

           --------- Calculation Completed ----------

