            --------------------------------------------------------
                             AMBER SQM VERSION 19
 
                                     By
              Ross C. Walker, Michael F. Crowley, Scott Brozell,
                         Tim Giese, Andreas W. Goetz,
                        Tai-Sung Lee and David A. Case
 
            --------------------------------------------------------
 

--------------------------------------------------------------------------------
  QM CALCULATION INFO
--------------------------------------------------------------------------------

| QMMM: Citation for AMBER QMMM Run:
| QMMM: R.C. Walker, M.F. Crowley and D.A. Case, J. COMP. CHEM. 29:1019, 2008

QMMM: SINGLET STATE CALCULATION
QMMM: RHF CALCULATION, NO. OF DOUBLY OCCUPIED LEVELS = 95

| QMMM: *** Selected Hamiltonian *** 
| QMMM: AM1         

| QMMM: *** Parameter sets in use ***
| QMMM: C : M.J.S.DEWAR et al. JACS, 107, 3902, (1985)
| QMMM: O : M.J.S.DEWAR et al. JACS, 107, 3902, (1985)
| QMMM: H : M.J.S.DEWAR et al. JACS, 107, 3902, (1985)
| QMMM: S : M.J.S.DEWAR et al. INORG. CHEM., 29, 3881, (1990)
| QMMM: N : M.J.S.DEWAR et al. JACS, 107, 3902, (1985)
| QMMM: P : M.J.S.DEWAR et al. THEOCHEM, 187,1, (1989)

| QMMM: *** SCF convergence criteria ***
| QMMM: Energy change                :  0.1D-09 kcal/mol
| QMMM: Error matrix |FP-PF|         :  0.1D+00 au
| QMMM: Density matrix change        :  0.5D-06
| QMMM: Maximum number of SCF cycles :     1000

| QMMM: *** Diagonalization Routine Information ***
| QMMM: Pseudo diagonalizations are allowed.
| QMMM: Auto diagonalization routine selection is in use.
| QMMM:
| QMMM: Timing diagonalization routines:
| QMMM:                              norbs =      158
| QMMM:    diag iterations used for timing =        5
| QMMM:
| QMMM:              Internal diag routine = 0.029716 seconds
| QMMM:                 Dspev diag routine = 0.025842 seconds
| QMMM:                Dspevd diag routine = 0.012622 seconds
| QMMM:                Dspevx diag routine = 0.070516 seconds
| QMMM:                 Dsyev diag routine = 0.024072 seconds
| QMMM:                Dsyevd diag routine = 0.009801 seconds
| QMMM:                Dsyevr diag routine = 0.016307 seconds
| QMMM:
| QMMM:                Pseudo diag routine = 0.012548 seconds
| QMMM: Pseudo diagonalization appears to be slower than regular
| QMMM: diagonalization. Setting pseudo_diag=0 for optimum performance.
| QMMM:
| QMMM: Using dsyevd routine (diag_routine=6).

  QMMM: QM Region Cartesian Coordinates (*=link atom) 
  QMMM: QM_NO.   MM_NO.  ATOM         X         Y         Z
  QMMM:     1        1      C      -34.5910  -37.5480   22.5760
  QMMM:     2        2      O      -33.4970  -38.0230   21.9480
  QMMM:     3        3      O      -35.2750  -38.1550   23.3740
  QMMM:     4        4      C      -34.8680  -36.1090   22.1450
  QMMM:     5        5      O      -34.1010  -35.6090   21.3250
  QMMM:     6        6      C      -36.2290  -36.0900   21.4600
  QMMM:     7        7      H      -36.5040  -37.1120   21.1750
  QMMM:     8        8      H      -36.1300  -35.5190   20.5300
  QMMM:     9        9      C      -37.2780  -35.4610   22.3670
  QMMM:    10       10      H      -37.3420  -36.0090   23.3140
  QMMM:    11       11      C      -38.6460  -35.4430   21.7060
  QMMM:    12       12      H      -36.9830  -34.4350   22.6190
  QMMM:    13       13      H      -38.9880  -36.4600   21.4860
  QMMM:    14       14      H      -38.6230  -34.8780   20.7680
  QMMM:    15       15      H      -39.3820  -34.9740   22.3670
  QMMM:    16       16      S      -36.2720  -34.7160   24.3470
  QMMM:    17       17      C      -34.8940  -35.2570   23.4880
  QMMM:    18       18      N      -33.7830  -34.9240   24.1600
  QMMM:    19       19      C      -34.0010  -34.3440   25.4180
  QMMM:    20       20      C      -35.3210  -34.1790   25.7170
  QMMM:    21       21      C      -35.9340  -33.8010   27.0350
  QMMM:    22       22      C      -36.3500  -32.3330   27.2100
  QMMM:    23       23      O      -36.7310  -32.1600   28.5720
  QMMM:    24       24      P      -37.9530  -31.0950   28.8900
  QMMM:    25       25      P      -39.9260  -33.3190   28.5480
  QMMM:    26       26      N      -30.0570  -32.1440   23.5990
  QMMM:    27       27      O      -37.7090  -29.7570   28.2890
  QMMM:    28       28      O      -40.1170  -33.2440   30.1020
  QMMM:    29       29      C      -30.6410  -31.3390   22.6960
  QMMM:    30       30      O      -38.0540  -31.1230   30.4270
  QMMM:    31       31      O      -38.8860  -34.3810   28.1180
  QMMM:    32       32      N      -31.7550  -31.6280   22.0360
  QMMM:    33       33      O      -39.2200  -31.7970   28.2050
  QMMM:    34       34      O      -41.1570  -33.3660   27.7150
  QMMM:    35       35      C      -32.3760  -32.8190   22.2550
  QMMM:    36       36      N      -33.4870  -33.0760   21.5700
  QMMM:    37       37      C      -31.8270  -33.7300   23.2130
  QMMM:    38       38      C      -30.6720  -33.3160   23.8290
  QMMM:    39       39      C      -32.4170  -35.0620   23.5920
  QMMM:    40       40      C      -30.0120  -30.0070   22.4190
  QMMM:    41       41      C      -32.8490  -34.0990   26.3250
  QMMM:    42       42      H      -36.8260  -34.4040   27.2360
  QMMM:    43       43      H      -35.2070  -34.0360   27.8210
  QMMM:    44       44      H      -35.5180  -31.6540   26.9910
  QMMM:    45       45      H      -37.1790  -32.0970   26.5310
  QMMM:    46       46      H      -33.8070  -32.3690   20.9160
  QMMM:    47       47      H      -33.8150  -34.0880   21.4480
  QMMM:    48       48      H      -30.1990  -33.9640   24.5680
  QMMM:    49       49      H      -32.5130  -35.7450   22.7470
  QMMM:    50       50      H      -31.7820  -35.5340   24.3480
  QMMM:    51       51      H      -30.0160  -29.3950   23.3260
  QMMM:    52       52      H      -30.5450  -29.4810   21.6270
  QMMM:    53       53      H      -28.9650  -30.1280   22.1320
  QMMM:    54       54      H      -32.2550  -35.0140   26.4320
  QMMM:    55       55      H      -33.2130  -33.8000   27.3080
  QMMM:    56       56      H      -32.1910  -33.3070   25.9540

--------------------------------------------------------------------------------
  RESULTS
--------------------------------------------------------------------------------

      iter         sqm energy              rms gradient
      ----    -------------------    -----------------------
xmin    10     -317.5858 kcal/mol        1.4107 kcal/(mol*A)
xmin    20     -323.2219 kcal/mol        1.1798 kcal/(mol*A)
xmin    30     -331.0961 kcal/mol        4.8708 kcal/(mol*A)
xmin    40     -370.7978 kcal/mol        0.6697 kcal/(mol*A)
xmin    50     -372.9659 kcal/mol        0.5801 kcal/(mol*A)
xmin    60     -373.4480 kcal/mol        0.6040 kcal/(mol*A)
xmin    70     -373.6564 kcal/mol        0.0255 kcal/(mol*A)
xmin    80     -373.6607 kcal/mol        0.0077 kcal/(mol*A)
xmin    90     -373.6608 kcal/mol        0.0013 kcal/(mol*A)
xmin   100     -373.6608 kcal/mol        0.0006 kcal/(mol*A)
  ... geometry converged !
 
 Final MO eigenvalues (eV):
 -30.8493  -29.9735  -28.8879  -27.0459  -26.6047  -25.7500  -25.4299  -24.7301
 -24.0704  -23.4279  -23.0864  -22.4128  -21.8372  -21.5444  -21.5366  -21.0999
 -21.0582  -20.9163  -20.8620  -20.3409  -17.8412  -16.4165  -15.4792  -14.0115
 -13.7666  -12.9324  -11.9751  -11.7711  -10.1873   -9.2935   -8.9145   -8.7996
  -8.3863   -8.0445   -7.6572   -7.3869   -6.7819   -6.6700   -6.6253   -6.3140
  -6.0862   -5.8481   -5.6933   -5.5478   -5.4009   -5.1937   -5.0462   -4.6809
  -4.6538   -4.5240   -4.3806   -4.3718   -4.2468   -4.0863   -3.8644   -3.7258
  -3.5583   -3.3994   -3.3487   -3.1802   -3.1394   -2.9742   -2.6262   -2.5613
  -2.4206   -2.3634   -2.3229   -2.1153   -1.9122   -1.8355   -1.2446   -1.1547
  -1.0792   -1.0407   -0.8900   -0.8642   -0.6096   -0.4504   -0.3523   -0.0294
   0.2562    0.3775    0.4817    0.5616    0.7027    0.7821    0.8150    0.9008
   1.1064    1.1596    1.4209    1.4752    1.6013    2.0166    2.4044    9.7332
  10.5281   10.5357   10.9140   11.8070   11.8890   12.0157   12.0925   12.1358
  12.1873   12.6854   12.6989   12.9176   13.0084   13.0283   13.1546   13.2826
  13.4531   13.5380   13.5981   13.6842   13.7615   13.8735   13.9446   13.9854
  14.0155   14.0711   14.0940   14.1362   14.1947   14.2211   14.2708   14.4306
  14.4599   14.4922   14.6425   14.6588   14.7049   14.7880   14.8332   14.8782
  14.8881   14.9866   15.1000   15.2642   15.3236   15.5330   15.6575   15.7710
  16.0685   16.2050   16.4917   16.6964   16.8022   17.0200   18.0634   18.0890
  18.5315   18.9344   19.7389   19.9680   20.0599   20.7512

 Heat of formation   =       -373.66077917 kcal/mol  (      -16.20314727 eV)

 Total SCF energy    =    -160563.73426078 kcal/mol  (    -6962.56598850 eV)
 Electronic energy   =   -1345756.49640648 kcal/mol  (   -58356.38074700 eV)
 Core-core repulsion =    1185192.76214570 kcal/mol  (    51393.81475850 eV)
 
    Atomic Charges for Step       1 :
  Atom    Element       Mulliken Charge
     1      C                  0.353
     2      O                 -0.580
     3      O                 -0.603
     4      C                  0.078
     5      O                 -0.344
     6      C                 -0.168
     7      H                  0.101
     8      H                  0.095
     9      C                 -0.161
    10      H                  0.099
    11      C                 -0.207
    12      H                  0.049
    13      H                  0.122
    14      H                  0.031
    15      H                  0.031
    16      S                  1.191
    17      C                 -0.502
    18      N                 -0.005
    19      C                 -0.090
    20      C                 -0.482
    21      C                 -0.124
    22      C                  0.061
    23      O                 -0.762
    24      P                  2.701
    25      P                  2.766
    26      N                 -0.377
    27      O                 -1.230
    28      O                 -1.243
    29      C                  0.037
    30      O                 -1.223
    31      O                 -1.173
    32      N                 -0.379
    33      O                 -1.299
    34      O                 -1.241
    35      C                  0.119
    36      N                 -0.377
    37      C                 -0.257
    38      C                 -0.033
    39      C                  0.016
    40      C                 -0.136
    41      C                 -0.141
    42      H                  0.136
    43      H                  0.046
    44      H                  0.015
    45      H                  0.078
    46      H                  0.083
    47      H                  0.203
    48      H                  0.113
    49      H                  0.149
    50      H                  0.097
    51      H                  0.053
    52      H                  0.056
    53      H                  0.046
    54      H                  0.055
    55      H                  0.073
    56      H                  0.088
 Total Mulliken Charge =      -4.000
 
                  X        Y        Z     TOTAL  
  QM DIPOLE   695.612  656.951 -491.253 1075.542
 
 Final Structure

  QMMM: QM Region Cartesian Coordinates (*=link atom) 
  QMMM: QM_NO.   MM_NO.  ATOM         X         Y         Z
  QMMM:     1        1      C      -34.6941  -37.2846   22.6514
  QMMM:     2        2      O      -33.5190  -37.3453   23.1086
  QMMM:     3        3      O      -35.2742  -38.2863   22.1364
  QMMM:     4        4      C      -35.4633  -35.9117   22.6808
  QMMM:     5        5      O      -35.0641  -35.2531   21.4729
  QMMM:     6        6      C      -36.9773  -36.1810   22.6047
  QMMM:     7        7      H      -37.3285  -36.5455   23.6069
  QMMM:     8        8      H      -37.1396  -37.0091   21.8655
  QMMM:     9        9      C      -37.7762  -34.9642   22.1885
  QMMM:    10       10      H      -37.4973  -34.0987   22.8500
  QMMM:    11       11      C      -39.2587  -35.2139   22.2935
  QMMM:    12       12      H      -37.5057  -34.6838   21.1361
  QMMM:    13       13      H      -39.5442  -35.3877   23.3617
  QMMM:    14       14      H      -39.5538  -36.1097   21.6944
  QMMM:    15       15      H      -39.8324  -34.3341   21.9127
  QMMM:    16       16      S      -36.3412  -34.8571   25.1756
  QMMM:    17       17      C      -35.1846  -35.0840   23.9108
  QMMM:    18       18      N      -33.9940  -34.4504   24.1612
  QMMM:    19       19      C      -34.0370  -33.7889   25.3948
  QMMM:    20       20      C      -35.2621  -33.9462   26.0507
  QMMM:    21       21      C      -35.5900  -33.4388   27.3973
  QMMM:    22       22      C      -36.3172  -32.0882   27.3666
  QMMM:    23       23      O      -36.9768  -31.8412   28.5667
  QMMM:    24       24      P      -38.6446  -31.9620   28.5273
  QMMM:    25       25      P      -38.8206  -35.0338   27.4052
  QMMM:    26       26      N      -29.5899  -32.6244   23.5996
  QMMM:    27       27      O      -39.0931  -30.9521   27.5369
  QMMM:    28       28      O      -38.3012  -35.9004   28.4930
  QMMM:    29       29      C      -29.9197  -31.6045   22.7387
  QMMM:    30       30      O      -39.0896  -31.8285   29.9370
  QMMM:    31       31      O      -37.7483  -34.9893   26.2220
  QMMM:    32       32      N      -31.0760  -31.4216   22.0854
  QMMM:    33       33      O      -38.7645  -33.4578   27.9601
  QMMM:    34       34      O      -40.1826  -35.2744   26.8641
  QMMM:    35       35      C      -32.1167  -32.3753   22.2826
  QMMM:    36       36      N      -33.2789  -32.2923   21.6733
  QMMM:    37       37      C      -31.8339  -33.4962   23.2028
  QMMM:    38       38      C      -30.5847  -33.5347   23.7940
  QMMM:    39       39      C      -32.7779  -34.6378   23.3842
  QMMM:    40       40      C      -28.8318  -30.5696   22.5118
  QMMM:    41       41      C      -32.9023  -32.9939   25.9122
  QMMM:    42       42      H      -36.2776  -34.1934   27.8907
  QMMM:    43       43      H      -34.6744  -33.3526   28.0370
  QMMM:    44       44      H      -35.5544  -31.2707   27.2118
  QMMM:    45       45      H      -37.0503  -32.0625   26.5125
  QMMM:    46       46      H      -33.3665  -31.4941   21.0783
  QMMM:    47       47      H      -35.1620  -34.3044   21.6204
  QMMM:    48       48      H      -30.3224  -34.3563   24.4860
  QMMM:    49       49      H      -33.0915  -35.0073   22.3612
  QMMM:    50       50      H      -32.2244  -35.4943   23.8792
  QMMM:    51       51      H      -28.5933  -30.0603   23.4768
  QMMM:    52       52      H      -29.1474  -29.7962   21.7714
  QMMM:    53       53      H      -27.9065  -31.0668   22.1322
  QMMM:    54       54      H      -32.0001  -33.6392   26.0653
  QMMM:    55       55      H      -33.1828  -32.5254   26.8871
  QMMM:    56       56      H      -32.6274  -32.1816   25.1923

           --------- Calculation Completed ----------

