            --------------------------------------------------------
                             AMBER SQM VERSION 19
 
                                     By
              Ross C. Walker, Michael F. Crowley, Scott Brozell,
                         Tim Giese, Andreas W. Goetz,
                        Tai-Sung Lee and David A. Case
 
            --------------------------------------------------------
 

--------------------------------------------------------------------------------
  QM CALCULATION INFO
--------------------------------------------------------------------------------

| QMMM: Citation for AMBER QMMM Run:
| QMMM: R.C. Walker, M.F. Crowley and D.A. Case, J. COMP. CHEM. 29:1019, 2008

QMMM: SINGLET STATE CALCULATION
QMMM: RHF CALCULATION, NO. OF DOUBLY OCCUPIED LEVELS = 98

| QMMM: *** Selected Hamiltonian *** 
| QMMM: AM1         

| QMMM: *** Parameter sets in use ***
| QMMM: C : M.J.S.DEWAR et al. JACS, 107, 3902, (1985)
| QMMM: H : M.J.S.DEWAR et al. JACS, 107, 3902, (1985)
| QMMM: O : M.J.S.DEWAR et al. JACS, 107, 3902, (1985)
| QMMM: S : M.J.S.DEWAR et al. INORG. CHEM., 29, 3881, (1990)
| QMMM: N : M.J.S.DEWAR et al. JACS, 107, 3902, (1985)
| QMMM: P : M.J.S.DEWAR et al. THEOCHEM, 187,1, (1989)

| QMMM: *** SCF convergence criteria ***
| QMMM: Energy change                :  0.1D-09 kcal/mol
| QMMM: Error matrix |FP-PF|         :  0.1D+00 au
| QMMM: Density matrix change        :  0.5D-06
| QMMM: Maximum number of SCF cycles :     1000

| QMMM: *** Diagonalization Routine Information ***
| QMMM: Pseudo diagonalizations are allowed.
| QMMM: Auto diagonalization routine selection is in use.
| QMMM:
| QMMM: Timing diagonalization routines:
| QMMM:                              norbs =      167
| QMMM:    diag iterations used for timing =        5
| QMMM:
| QMMM:              Internal diag routine = 0.035921 seconds
| QMMM:                 Dspev diag routine = 0.031327 seconds
| QMMM:                Dspevd diag routine = 0.015491 seconds
| QMMM:                Dspevx diag routine = 0.083018 seconds
| QMMM:                 Dsyev diag routine = 0.028813 seconds
| QMMM:                Dsyevd diag routine = 0.012347 seconds
| QMMM:                Dsyevr diag routine = 0.019615 seconds
| QMMM:
| QMMM:                Pseudo diag routine = 0.015984 seconds
| QMMM: Pseudo diagonalization appears to be slower than regular
| QMMM: diagonalization. Setting pseudo_diag=0 for optimum performance.
| QMMM:
| QMMM: Using dsyevd routine (diag_routine=6).

  QMMM: QM Region Cartesian Coordinates (*=link atom) 
  QMMM: QM_NO.   MM_NO.  ATOM         X         Y         Z
  QMMM:     1        1      C      -34.9490  -36.2720   22.3730
  QMMM:     2        2      C      -36.5110  -36.4650   22.1360
  QMMM:     3        3      C      -36.6920  -36.7750   20.7010
  QMMM:     4        4      H      -37.0060  -35.5230   22.3860
  QMMM:     5        5      H      -36.8620  -37.2740   22.7730
  QMMM:     6        6      C      -36.9390  -38.0620   20.2430
  QMMM:     7        7      C      -36.4310  -35.7690   19.7680
  QMMM:     8        8      C      -36.9220  -38.3550   18.8900
  QMMM:     9        9      H      -37.0960  -38.8530   20.9600
  QMMM:    10       10      C      -36.4010  -36.0580   18.4170
  QMMM:    11       11      H      -36.2080  -34.7740   20.1120
  QMMM:    12       12      C      -36.6250  -37.3520   17.9780
  QMMM:    13       13      H      -37.0940  -39.3600   18.5320
  QMMM:    14       14      H      -36.1720  -35.2830   17.6980
  QMMM:    15       15      O      -36.5680  -37.6680   16.6260
  QMMM:    16       16      O      -34.3540  -35.6130   21.3850
  QMMM:    17       17      H      -36.2400  -36.8790   16.1750
  QMMM:    18       18      S      -36.0690  -35.3820   24.8010
  QMMM:    19       19      C      -34.7810  -35.5990   23.7090
  QMMM:    20       20      N      -33.6710  -35.0330   24.1840
  QMMM:    21       21      C      -33.8070  -34.4340   25.4260
  QMMM:    22       22      C      -35.0630  -34.5350   25.9370
  QMMM:    23       23      C      -35.6270  -34.1050   27.2440
  QMMM:    24       24      C      -36.3070  -32.7240   27.2280
  QMMM:    25       25      O      -36.7280  -32.4410   28.5280
  QMMM:    26       26      P      -37.9030  -31.3130   28.7010
  QMMM:    27       27      P      -39.7950  -33.4710   28.3140
  QMMM:    28       28      N      -30.0910  -32.1330   23.4060
  QMMM:    29       29      O      -37.5470  -30.0610   28.0310
  QMMM:    30       30      O      -40.1900  -33.4170   29.8160
  QMMM:    31       31      C      -30.7680  -31.3330   22.5890
  QMMM:    32       32      O      -38.0340  -31.2110   30.2100
  QMMM:    33       33      O      -38.7090  -34.4720   28.0080
  QMMM:    34       34      N      -31.9200  -31.6390   22.0260
  QMMM:    35       35      O      -39.1960  -31.9380   28.0430
  QMMM:    36       36      O      -40.9830  -33.5930   27.4460
  QMMM:    37       37      C      -32.4960  -32.8240   22.2840
  QMMM:    38       38      N      -33.6930  -33.0630   21.7440
  QMMM:    39       39      C      -31.8430  -33.7370   23.1560
  QMMM:    40       40      C      -30.6310  -33.3240   23.6570
  QMMM:    41       41      C      -32.3970  -35.0890   23.4870
  QMMM:    42       42      C      -30.1840  -29.9930   22.2940
  QMMM:    43       43      C      -32.6480  -33.7930   26.0980
  QMMM:    44       44      H      -36.4130  -34.8040   27.5410
  QMMM:    45       45      H      -34.8510  -34.0900   28.0090
  QMMM:    46       46      H      -35.6190  -31.9450   26.8880
  QMMM:    47       47      H      -37.1620  -32.7550   26.5450
  QMMM:    48       48      H      -34.0020  -32.4000   21.0470
  QMMM:    49       49      H      -34.0110  -34.0490   21.6220
  QMMM:    50       50      H      -30.0450  -33.9690   24.2980
  QMMM:    51       51      H      -32.5610  -35.6770   22.5780
  QMMM:    52       52      H      -31.6870  -35.6360   24.1140
  QMMM:    53       53      H      -30.3000  -29.3540   23.1660
  QMMM:    54       54      H      -30.6940  -29.5480   21.4470
  QMMM:    55       55      H      -29.1220  -30.0940   22.0920
  QMMM:    56       56      H      -31.7900  -34.4590   26.0800
  QMMM:    57       57      H      -32.9160  -33.5570   27.1220
  QMMM:    58       58      H      -32.3700  -32.8730   25.5900
  QMMM:    59       59      H      -34.4710  -36.0820   20.4530

--------------------------------------------------------------------------------
  RESULTS
--------------------------------------------------------------------------------

      iter         sqm energy              rms gradient
      ----    -------------------    -----------------------
xmin    10     -332.6867 kcal/mol        2.6292 kcal/(mol*A)
xmin    20     -339.5082 kcal/mol        3.4989 kcal/(mol*A)
xmin    30     -383.8640 kcal/mol        1.2234 kcal/(mol*A)
xmin    40     -386.1252 kcal/mol        0.4592 kcal/(mol*A)
xmin    50     -386.4130 kcal/mol        0.3121 kcal/(mol*A)
xmin    60     -386.8865 kcal/mol        0.4531 kcal/(mol*A)
xmin    70     -388.3425 kcal/mol        0.6750 kcal/(mol*A)
xmin    80     -389.8044 kcal/mol        0.3222 kcal/(mol*A)
xmin    90     -390.9895 kcal/mol        0.1919 kcal/(mol*A)
xmin   100     -391.1341 kcal/mol        0.0533 kcal/(mol*A)
xmin   110     -391.1459 kcal/mol        0.0187 kcal/(mol*A)
xmin   120     -391.1477 kcal/mol        0.0147 kcal/(mol*A)
xmin   130     -391.1484 kcal/mol        0.0079 kcal/(mol*A)
xmin   140     -391.1486 kcal/mol        0.0024 kcal/(mol*A)
xmin   150     -391.1486 kcal/mol        0.0020 kcal/(mol*A)
xmin   160     -391.1486 kcal/mol        0.0022 kcal/(mol*A)
xmin   170     -391.1486 kcal/mol        0.0016 kcal/(mol*A)
xmin   180     -391.1486 kcal/mol        0.0010 kcal/(mol*A)
xmin   190     -391.1486 kcal/mol        0.0009 kcal/(mol*A)
  ... geometry converged !
 
 Final MO eigenvalues (eV):
 -34.7167  -33.7168  -32.1881  -31.3627  -30.2290  -29.9983  -28.7992  -28.1486
 -26.3339  -26.0711  -25.6979  -24.8890  -24.7118  -24.4925  -23.7450  -23.3529
 -23.0890  -22.9712  -22.6634  -22.5425  -21.8229  -20.5057  -18.8118  -18.3343
 -17.7803  -16.9875  -16.3881  -15.5570  -14.3628  -13.1749  -12.9980  -12.5629
 -12.1582  -11.7121  -10.7017  -10.6362  -10.2594  -10.2051  -10.1497  -10.0414
  -9.6330   -9.5282   -9.1067   -8.9320   -8.8835   -8.7147   -8.3794   -8.3366
  -8.3144   -8.0349   -7.9241   -7.8451   -7.5346   -7.4809   -7.3493   -7.0234
  -6.6295   -6.5580   -6.4386   -6.2491   -6.1845   -6.1297   -5.9638   -5.5941
  -5.5543   -5.3339   -5.1795   -4.9815   -4.9461   -4.7234   -4.6524   -4.5995
  -4.4065   -4.0402   -3.8344   -3.7541   -3.5455   -3.1422   -3.0086   -2.8546
  -2.7608   -2.4403   -2.2783   -2.2574   -1.9608   -1.6602   -1.4040   -1.3001
  -1.0847   -0.9437   -0.6730   -0.5988   -0.5290   -0.4468   -0.1881   -0.1392
   0.7323    1.4903    5.8328    6.1545    7.0702    7.1292    8.2988    8.4230
   8.7992    9.0513    9.0724    9.2628    9.3570    9.4053    9.4698    9.4979
   9.5466    9.6591    9.7824   10.0826   10.2280   10.3792   10.4519   10.4719
  10.5183   10.7591   10.8730   10.9084   10.9852   11.0257   11.1494   11.1893
  11.3579   11.4028   11.4934   11.5251   11.5440   11.7306   11.7819   11.8910
  12.0045   12.1059   12.1850   12.2739   12.2982   12.4264   12.4553   12.4962
  12.6596   12.7547   12.7977   12.9312   12.9574   13.0181   13.1438   13.2438
  13.2647   13.5649   13.6518   13.8847   14.0179   14.1154   14.2980   14.8535
  15.2009   16.5107   16.9690   18.0267   18.4824   18.4908   19.1578

 Heat of formation   =       -391.14865523 kcal/mol  (      -16.96147848 eV)

 Total SCF energy    =    -162418.07618546 kcal/mol  (    -7042.97628834 eV)
 Electronic energy   =   -1412412.03240153 kcal/mol  (   -61246.78168343 eV)
 Core-core repulsion =    1249993.95621607 kcal/mol  (    54203.80539509 eV)
 
    Atomic Charges for Step       1 :
  Atom    Element       Mulliken Charge
     1      C                 -0.334
     2      C                 -0.033
     3      C                 -0.077
     4      H                  0.108
     5      H                  0.044
     6      C                 -0.138
     7      C                 -0.067
     8      C                 -0.193
     9      H                  0.107
    10      C                 -0.193
    11      H                  0.232
    12      C                  0.024
    13      H                  0.106
    14      H                  0.151
    15      O                 -0.296
    16      O                 -0.304
    17      H                  0.208
    18      S                  0.840
    19      C                 -0.263
    20      N                 -0.181
    21      C                 -0.167
    22      C                 -0.338
    23      C                 -0.147
    24      C                  0.063
    25      O                 -0.756
    26      P                  2.700
    27      P                  2.756
    28      N                 -0.254
    29      O                 -1.225
    30      O                 -1.240
    31      C                  0.029
    32      O                 -1.213
    33      O                 -1.141
    34      N                 -0.272
    35      O                 -1.297
    36      O                 -1.232
    37      C                  0.186
    38      N                 -0.325
    39      C                 -0.209
    40      C                 -0.041
    41      C                  0.019
    42      C                 -0.145
    43      C                 -0.122
    44      H                  0.149
    45      H                  0.046
    46      H                  0.009
    47      H                  0.084
    48      H                  0.212
    49      H                  0.274
    50      H                  0.143
    51      H                  0.125
    52      H                  0.055
    53      H                  0.085
    54      H                  0.078
    55      H                  0.073
    56      H                  0.028
    57      H                  0.087
    58      H                  0.041
    59      H                  0.140
 Total Mulliken Charge =      -3.000
 
                  X        Y        Z     TOTAL  
  QM DIPOLE   540.424  486.691 -365.650  814.018
 
 Final Structure

  QMMM: QM Region Cartesian Coordinates (*=link atom) 
  QMMM: QM_NO.   MM_NO.  ATOM         X         Y         Z
  QMMM:     1        1      C      -34.4512  -36.7155   23.0858
  QMMM:     2        2      C      -35.6847  -37.4593   22.7282
  QMMM:     3        3      C      -36.4860  -36.8020   21.6501
  QMMM:     4        4      H      -36.3301  -37.5483   23.6489
  QMMM:     5        5      H      -35.4072  -38.4963   22.3930
  QMMM:     6        6      C      -36.2529  -37.0905   20.3034
  QMMM:     7        7      C      -37.4894  -35.8779   21.9935
  QMMM:     8        8      C      -37.0021  -36.4830   19.2943
  QMMM:     9        9      H      -35.4607  -37.8032   20.0322
  QMMM:    10       10      C      -38.2437  -35.2621   21.0013
  QMMM:    11       11      H      -37.6744  -35.6245   23.0651
  QMMM:    12       12      C      -37.9979  -35.5697   19.6544
  QMMM:    13       13      H      -36.8197  -36.7084   18.2373
  QMMM:    14       14      H      -39.0237  -34.5384   21.2822
  QMMM:    15       15      O      -38.7267  -34.9931   18.6240
  QMMM:    16       16      O      -33.3015  -37.1448   22.4236
  QMMM:    17       17      H      -39.3251  -34.3526   19.0324
  QMMM:    18       18      S      -36.0349  -35.2447   24.9204
  QMMM:    19       19      C      -34.4687  -35.7656   24.0797
  QMMM:    20       20      N      -33.4116  -35.0361   24.5958
  QMMM:    21       21      C      -33.8212  -34.1515   25.6364
  QMMM:    22       22      C      -35.1763  -34.1827   25.8952
  QMMM:    23       23      C      -35.8583  -33.3917   26.9408
  QMMM:    24       24      C      -36.3594  -32.0419   26.4075
  QMMM:    25       25      O      -37.3490  -31.5097   27.2241
  QMMM:    26       26      P      -38.9043  -31.5481   26.6030
  QMMM:    27       27      P      -39.0564  -34.7847   26.1732
  QMMM:    28       28      N      -29.6809  -32.3454   23.1618
  QMMM:    29       29      O      -38.8254  -30.8177   25.3152
  QMMM:    30       30      O      -38.8105  -35.4023   27.5000
  QMMM:    31       31      C      -30.3243  -31.8855   22.0484
  QMMM:    32       32      O      -39.7824  -31.0487   27.6866
  QMMM:    33       33      O      -37.7485  -35.0060   25.2659
  QMMM:    34       34      N      -31.4897  -32.3673   21.5342
  QMMM:    35       35      O      -39.0245  -33.1353   26.3752
  QMMM:    36       36      O      -40.2589  -35.1446   25.3820
  QMMM:    37       37      C      -32.0824  -33.4284   22.1908
  QMMM:    38       38      N      -33.1905  -34.0120   21.6191
  QMMM:    39       39      C      -31.4859  -33.9617   23.3943
  QMMM:    40       40      C      -30.2932  -33.3633   23.8094
  QMMM:    41       41      C      -32.0469  -35.1161   24.1811
  QMMM:    42       42      C      -29.7051  -30.7112   21.3242
  QMMM:    43       43      C      -32.8332  -33.3258   26.3601
  QMMM:    44       44      H      -36.7547  -33.9850   27.3029
  QMMM:    45       45      H      -35.1896  -33.2202   27.8229
  QMMM:    46       46      H      -35.4911  -31.3199   26.3898
  QMMM:    47       47      H      -36.7488  -32.1625   25.3573
  QMMM:    48       48      H      -33.7057  -33.4764   20.9587
  QMMM:    49       49      H      -33.7334  -34.6380   22.1806
  QMMM:    50       50      H      -29.7868  -33.7094   24.7287
  QMMM:    51       51      H      -31.9152  -36.0467   23.5519
  QMMM:    52       52      H      -31.3997  -35.2281   25.1044
  QMMM:    53       53      H      -30.2303  -29.7771   21.6420
  QMMM:    54       54      H      -29.8151  -30.8270   20.2192
  QMMM:    55       55      H      -28.6203  -30.6161   21.5694
  QMMM:    56       56      H      -32.2559  -33.9432   27.0967
  QMMM:    57       57      H      -33.3645  -32.5145   26.9172
  QMMM:    58       58      H      -32.0948  -32.8502   25.6646
  QMMM:    59       59      H      -33.3595  -36.7721   21.5313

           --------- Calculation Completed ----------

