            --------------------------------------------------------
                             AMBER SQM VERSION 19
 
                                     By
              Ross C. Walker, Michael F. Crowley, Scott Brozell,
                         Tim Giese, Andreas W. Goetz,
                        Tai-Sung Lee and David A. Case
 
            --------------------------------------------------------
 

--------------------------------------------------------------------------------
  QM CALCULATION INFO
--------------------------------------------------------------------------------

| QMMM: Citation for AMBER QMMM Run:
| QMMM: R.C. Walker, M.F. Crowley and D.A. Case, J. COMP. CHEM. 29:1019, 2008

QMMM: SINGLET STATE CALCULATION
QMMM: RHF CALCULATION, NO. OF DOUBLY OCCUPIED LEVELS = 92

| QMMM: *** Selected Hamiltonian *** 
| QMMM: AM1         

| QMMM: *** Parameter sets in use ***
| QMMM: C : M.J.S.DEWAR et al. JACS, 107, 3902, (1985)
| QMMM: H : M.J.S.DEWAR et al. JACS, 107, 3902, (1985)
| QMMM: O : M.J.S.DEWAR et al. JACS, 107, 3902, (1985)
| QMMM: S : M.J.S.DEWAR et al. INORG. CHEM., 29, 3881, (1990)
| QMMM: N : M.J.S.DEWAR et al. JACS, 107, 3902, (1985)
| QMMM: P : M.J.S.DEWAR et al. THEOCHEM, 187,1, (1989)

| QMMM: *** SCF convergence criteria ***
| QMMM: Energy change                :  0.1D-09 kcal/mol
| QMMM: Error matrix |FP-PF|         :  0.1D+00 au
| QMMM: Density matrix change        :  0.5D-06
| QMMM: Maximum number of SCF cycles :     1000

| QMMM: *** Diagonalization Routine Information ***
| QMMM: Pseudo diagonalizations are allowed.
| QMMM: Auto diagonalization routine selection is in use.
| QMMM:
| QMMM: Timing diagonalization routines:
| QMMM:                              norbs =      152
| QMMM:    diag iterations used for timing =        5
| QMMM:
| QMMM:              Internal diag routine = 0.028578 seconds
| QMMM:                 Dspev diag routine = 0.024920 seconds
| QMMM:                Dspevd diag routine = 0.013480 seconds
| QMMM:                Dspevx diag routine = 0.069865 seconds
| QMMM:                 Dsyev diag routine = 0.022782 seconds
| QMMM:                Dsyevd diag routine = 0.010172 seconds
| QMMM:                Dsyevr diag routine = 0.016246 seconds
| QMMM:
| QMMM:                Pseudo diag routine = 0.011640 seconds
| QMMM: Pseudo diagonalization appears to be slower than regular
| QMMM: diagonalization. Setting pseudo_diag=0 for optimum performance.
| QMMM:
| QMMM: Using dsyevd routine (diag_routine=6).

  QMMM: QM Region Cartesian Coordinates (*=link atom) 
  QMMM: QM_NO.   MM_NO.  ATOM         X         Y         Z
  QMMM:     1        1      C      -34.5310  -36.1850   21.9580
  QMMM:     2        2      C      -35.5130  -35.8470   20.7830
  QMMM:     3        3      C      -36.9430  -35.4020   21.0560
  QMMM:     4        4      H      -35.5460  -36.7460   20.1590
  QMMM:     5        5      H      -35.0080  -35.0740   20.1960
  QMMM:     6        6      C      -37.8290  -35.3860   19.7970
  QMMM:     7        7      H      -36.9930  -34.4030   21.4900
  QMMM:     8        8      H      -37.4250  -36.1140   21.7350
  QMMM:     9        9      O      -38.7050  -34.4650   19.7230
  QMMM:    10       10      O      -33.2780  -36.2580   21.4610
  QMMM:    11       11      O      -37.7450  -36.3000   18.9550
  QMMM:    12       12      S      -36.1540  -35.1190   23.9730
  QMMM:    13       13      C      -34.6530  -35.3550   23.1860
  QMMM:    14       14      N      -33.6450  -34.9460   23.9840
  QMMM:    15       15      C      -34.0350  -34.4780   25.2260
  QMMM:    16       16      C      -35.3750  -34.4980   25.4220
  QMMM:    17       17      C      -36.0920  -34.1790   26.6930
  QMMM:    18       18      C      -36.3220  -32.6820   26.9710
  QMMM:    19       19      O      -36.7060  -32.5150   28.3110
  QMMM:    20       20      P      -37.8410  -31.3980   28.6720
  QMMM:    21       21      P      -39.8510  -33.4530   28.3520
  QMMM:    22       22      N      -30.1910  -31.8750   23.6540
  QMMM:    23       23      O      -37.5410  -30.0790   28.1040
  QMMM:    24       24      O      -40.2430  -33.3990   29.8600
  QMMM:    25       25      C      -30.6160  -31.3280   22.5210
  QMMM:    26       26      O      -37.8470  -31.4360   30.1930
  QMMM:    27       27      O      -38.8010  -34.4860   28.0560
  QMMM:    28       28      N      -31.4650  -31.8850   21.6790
  QMMM:    29       29      O      -39.2120  -31.9340   28.0940
  QMMM:    30       30      O      -41.0500  -33.5270   27.4980
  QMMM:    31       31      C      -31.9970  -33.0800   21.9870
  QMMM:    32       32      N      -32.8440  -33.6340   21.1270
  QMMM:    33       33      C      -31.6500  -33.7150   23.2150
  QMMM:    34       34      C      -30.7160  -33.0620   23.9760
  QMMM:    35       35      C      -32.2340  -35.0280   23.6380
  QMMM:    36       36      C      -30.0790  -29.9780   22.1730
  QMMM:    37       37      C      -33.0190  -34.0660   26.2340
  QMMM:    38       38      H      -37.0610  -34.6700   26.7260
  QMMM:    39       39      H      -35.5130  -34.5700   27.5330
  QMMM:    40       40      H      -35.3960  -32.1230   26.8050
  QMMM:    41       41      H      -37.0860  -32.2830   26.3000
  QMMM:    42       42      H      -33.0750  -33.1160   20.2950
  QMMM:    43       43      H      -33.0640  -34.6520   21.1850
  QMMM:    44       44      H      -30.3430  -33.4940   24.8960
  QMMM:    45       45      H      -32.1900  -35.7490   22.8120
  QMMM:    46       46      H      -31.6920  -35.4140   24.4990
  QMMM:    47       47      H      -30.1700  -29.3260   23.0360
  QMMM:    48       48      H      -30.6250  -29.5770   21.3270
  QMMM:    49       49      H      -29.0240  -30.0590   21.9220
  QMMM:    50       50      H      -32.3700  -34.9080   26.4690
  QMMM:    51       51      H      -33.5230  -33.7420   27.1380
  QMMM:    52       52      H      -32.4110  -33.2490   25.8550
  QMMM:    53       53      H      -33.1920  -36.8440   20.5940

--------------------------------------------------------------------------------
  RESULTS
--------------------------------------------------------------------------------

      iter         sqm energy              rms gradient
      ----    -------------------    -----------------------
xmin    10     -321.2385 kcal/mol        2.5615 kcal/(mol*A)
xmin    20     -329.4504 kcal/mol        1.6430 kcal/(mol*A)
xmin    30     -341.7047 kcal/mol        1.3442 kcal/(mol*A)
xmin    40     -346.0160 kcal/mol        1.7374 kcal/(mol*A)
xmin    50     -347.0553 kcal/mol        0.3599 kcal/(mol*A)
xmin    60     -347.3061 kcal/mol        0.2802 kcal/(mol*A)
xmin    70     -347.7391 kcal/mol        0.5826 kcal/(mol*A)
xmin    80     -348.1955 kcal/mol        0.3880 kcal/(mol*A)
xmin    90     -348.6641 kcal/mol        0.2298 kcal/(mol*A)
xmin   100     -348.7428 kcal/mol        0.0898 kcal/(mol*A)
xmin   110     -348.7890 kcal/mol        0.0712 kcal/(mol*A)
xmin   120     -348.8007 kcal/mol        0.0133 kcal/(mol*A)
xmin   130     -348.8011 kcal/mol        0.0040 kcal/(mol*A)
xmin   140     -348.8012 kcal/mol        0.0021 kcal/(mol*A)
xmin   150     -348.8012 kcal/mol        0.0017 kcal/(mol*A)
xmin   160     -348.8012 kcal/mol        0.0008 kcal/(mol*A)
xmin   170     -348.8012 kcal/mol        0.0014 kcal/(mol*A)
xmin   180     -348.8012 kcal/mol        0.0018 kcal/(mol*A)
  ... geometry converged !
 
 Final MO eigenvalues (eV):
 -33.7314  -31.8296  -30.5876  -29.3462  -29.1124  -27.4406  -26.6624  -25.5592
 -25.3321  -24.9181  -24.5842  -23.5279  -21.6754  -21.1736  -20.7699  -20.5422
 -20.2449  -19.2412  -19.1404  -18.5798  -18.5252  -17.3881  -17.0150  -16.4581
 -15.2639  -13.2893  -12.9708  -12.0696  -11.4522  -11.2108  -10.6711  -10.1493
  -9.5108   -9.1840   -9.1626   -8.8207   -8.6773   -8.1110   -7.8053   -7.4246
  -7.3368   -7.1445   -7.1287   -6.9922   -6.7198   -6.5205   -6.4761   -6.1649
  -5.6905   -5.5874   -5.5476   -5.3487   -5.2337   -5.1304   -4.9355   -4.4976
  -4.4528   -4.3693   -4.0391   -3.8767   -3.7962   -3.6404   -3.4945   -3.1691
  -2.8648   -2.6579   -2.1546   -2.0011   -1.7207   -1.6302   -1.5104   -1.3737
  -1.2452   -1.2077   -0.9140   -0.4444   -0.1674   -0.0448    0.5318    0.9965
   1.1288    1.2641    1.3572    1.6458    1.9519    2.0433    2.6030    3.3568
   3.3741    3.4101    3.5008    3.5106    6.8399    7.2154    8.9596    9.2130
   9.2647    9.4211    9.6299    9.7799    9.9652   10.0439   10.3628   10.4348
  10.4506   10.5503   10.6690   11.0414   11.2444   11.3426   11.4527   11.5747
  11.8466   11.9110   11.9338   12.1198   12.1735   12.4123   12.4938   12.5688
  12.8478   12.8884   12.9795   13.0239   13.0540   13.1163   13.2731   13.4007
  13.4279   13.5603   13.8820   13.9650   14.1340   14.3513   14.5738   14.6705
  14.8846   15.0786   15.2594   15.6203   15.8478   16.0870   16.1581   16.6263
  16.8906   18.2397   19.2130   19.9477   20.9910   21.4927   22.4350   22.4772


 Heat of formation   =       -348.80121905 kcal/mol  (      -15.12515585 eV)

 Total SCF energy    =    -156952.02166913 kcal/mol  (    -6805.95037809 eV)
 Electronic energy   =   -1202168.47092801 kcal/mol  (   -52129.93672989 eV)
 Core-core repulsion =    1045216.44925888 kcal/mol  (    45323.98635180 eV)
 
    Atomic Charges for Step       1 :
  Atom    Element       Mulliken Charge
     1      C                 -0.033
     2      C                 -0.118
     3      C                 -0.221
     4      H                  0.092
     5      H                  0.090
     6      C                  0.321
     7      H                  0.074
     8      H                  0.073
     9      O                 -0.594
    10      O                 -0.327
    11      O                 -0.609
    12      S                  0.283
    13      C                 -0.247
    14      N                 -0.157
    15      C                 -0.132
    16      C                 -0.187
    17      C                 -0.192
    18      C                  0.083
    19      O                 -0.756
    20      P                  2.677
    21      P                  2.655
    22      N                 -0.246
    23      O                 -1.252
    24      O                 -1.283
    25      C                  0.032
    26      O                 -1.239
    27      O                 -1.285
    28      N                 -0.286
    29      O                 -1.285
    30      O                 -1.284
    31      C                  0.194
    32      N                 -0.334
    33      C                 -0.196
    34      C                 -0.021
    35      C                 -0.012
    36      C                 -0.145
    37      C                 -0.160
    38      H                  0.182
    39      H                  0.136
    40      H                 -0.006
    41      H                  0.097
    42      H                  0.207
    43      H                  0.281
    44      H                  0.160
    45      H                  0.117
    46      H                  0.073
    47      H                  0.086
    48      H                  0.075
    49      H                  0.073
    50      H                  0.037
    51      H                  0.182
    52      H                  0.061
    53      H                  0.270
 Total Mulliken Charge =      -4.000
 
                  X        Y        Z     TOTAL  
  QM DIPOLE   712.019  652.333 -510.826 1092.452
 
 Final Structure

  QMMM: QM Region Cartesian Coordinates (*=link atom) 
  QMMM: QM_NO.   MM_NO.  ATOM         X         Y         Z
  QMMM:     1        1      C      -35.2282  -35.5583   21.6841
  QMMM:     2        2      C      -36.3235  -36.4087   21.1314
  QMMM:     3        3      C      -36.7435  -36.0147   19.7272
  QMMM:     4        4      H      -37.2119  -36.3526   21.8183
  QMMM:     5        5      H      -35.9649  -37.4745   21.1229
  QMMM:     6        6      C      -36.1257  -36.8819   18.6252
  QMMM:     7        7      H      -36.4520  -34.9524   19.5240
  QMMM:     8        8      H      -37.8583  -36.0837   19.6455
  QMMM:     9        9      O      -36.8818  -37.3353   17.7158
  QMMM:    10       10      O      -34.1165  -35.3736   20.8830
  QMMM:    11       11      O      -34.8723  -37.0951   18.6315
  QMMM:    12       12      S      -36.6363  -35.2102   23.9804
  QMMM:    13       13      C      -35.2626  -35.0062   22.9294
  QMMM:    14       14      N      -34.2941  -34.1148   23.5003
  QMMM:    15       15      C      -34.7503  -33.7093   24.8142
  QMMM:    16       16      C      -35.9651  -34.1927   25.2050
  QMMM:    17       17      C      -36.6623  -33.9667   26.4811
  QMMM:    18       18      C      -37.0357  -32.4950   26.7510
  QMMM:    19       19      O      -36.3063  -31.9859   27.8092
  QMMM:    20       20      P      -37.2246  -31.4905   29.1541
  QMMM:    21       21      P      -38.7098  -34.3769   29.8957
  QMMM:    22       22      N      -29.8648  -32.4203   24.0457
  QMMM:    23       23      O      -38.1522  -30.4852   28.5560
  QMMM:    24       24      O      -37.7981  -35.1005   30.8494
  QMMM:    25       25      C      -29.9829  -31.5717   22.9819
  QMMM:    26       26      O      -36.1896  -30.9774   30.0973
  QMMM:    27       27      O      -38.7644  -34.9650   28.5081
  QMMM:    28       28      N      -30.9579  -31.5974   22.0313
  QMMM:    29       29      O      -37.9155  -32.8278   29.5752
  QMMM:    30       30      O      -40.0419  -34.0104   30.4934
  QMMM:    31       31      C      -31.9212  -32.5818   22.1474
  QMMM:    32       32      N      -32.8465  -32.7168   21.1431
  QMMM:    33       33      C      -31.8981  -33.4963   23.2654
  QMMM:    34       34      C      -30.8428  -33.3469   24.1692
  QMMM:    35       35      C      -32.9113  -34.5836   23.4576
  QMMM:    36       36      C      -28.9446  -30.4790   22.8592
  QMMM:    37       37      C      -33.9388  -32.7712   25.6240
  QMMM:    38       38      H      -37.6027  -34.5869   26.5809
  QMMM:    39       39      H      -35.9960  -34.3117   27.3227
  QMMM:    40       40      H      -36.8104  -31.8875   25.8235
  QMMM:    41       41      H      -38.1388  -32.4340   26.9690
  QMMM:    42       42      H      -32.9919  -31.9627   20.5189
  QMMM:    43       43      H      -33.5991  -33.3606   21.2734
  QMMM:    44       44      H      -30.7718  -33.9974   25.0611
  QMMM:    45       45      H      -32.7944  -35.3088   22.5984
  QMMM:    46       46      H      -32.6490  -35.1402   24.4065
  QMMM:    47       47      H      -29.2298  -29.6386   23.5389
  QMMM:    48       48      H      -28.8851  -30.0922   21.8138
  QMMM:    49       49      H      -27.9389  -30.8596   23.1592
  QMMM:    50       50      H      -32.9411  -33.2156   25.8688
  QMMM:    51       51      H      -34.4898  -32.5350   26.5797
  QMMM:    52       52      H      -33.7701  -31.8158   25.0684
  QMMM:    53       53      H      -34.2248  -35.9342   20.0873

           --------- Calculation Completed ----------

