            --------------------------------------------------------
                             AMBER SQM VERSION 19
 
                                     By
              Ross C. Walker, Michael F. Crowley, Scott Brozell,
                         Tim Giese, Andreas W. Goetz,
                        Tai-Sung Lee and David A. Case
 
            --------------------------------------------------------
 

--------------------------------------------------------------------------------
  QM CALCULATION INFO
--------------------------------------------------------------------------------

| QMMM: Citation for AMBER QMMM Run:
| QMMM: R.C. Walker, M.F. Crowley and D.A. Case, J. COMP. CHEM. 29:1019, 2008

QMMM: SINGLET STATE CALCULATION
QMMM: RHF CALCULATION, NO. OF DOUBLY OCCUPIED LEVELS = 89

| QMMM: *** Selected Hamiltonian *** 
| QMMM: AM1         

| QMMM: *** Parameter sets in use ***
| QMMM: C : M.J.S.DEWAR et al. JACS, 107, 3902, (1985)
| QMMM: O : M.J.S.DEWAR et al. JACS, 107, 3902, (1985)
| QMMM: H : M.J.S.DEWAR et al. JACS, 107, 3902, (1985)
| QMMM: S : M.J.S.DEWAR et al. INORG. CHEM., 29, 3881, (1990)
| QMMM: N : M.J.S.DEWAR et al. JACS, 107, 3902, (1985)
| QMMM: P : M.J.S.DEWAR et al. THEOCHEM, 187,1, (1989)

| QMMM: *** SCF convergence criteria ***
| QMMM: Energy change                :  0.1D-09 kcal/mol
| QMMM: Error matrix |FP-PF|         :  0.1D+00 au
| QMMM: Density matrix change        :  0.5D-06
| QMMM: Maximum number of SCF cycles :     1000

| QMMM: *** Diagonalization Routine Information ***
| QMMM: Pseudo diagonalizations are allowed.
| QMMM: Auto diagonalization routine selection is in use.
| QMMM:
| QMMM: Timing diagonalization routines:
| QMMM:                              norbs =      146
| QMMM:    diag iterations used for timing =       10
| QMMM:
| QMMM:              Internal diag routine = 0.062280 seconds
| QMMM:                 Dspev diag routine = 0.059448 seconds
| QMMM:                Dspevd diag routine = 0.041769 seconds
| QMMM:                Dspevx diag routine = 0.191022 seconds
| QMMM:                 Dsyev diag routine = 0.059902 seconds
| QMMM:                Dsyevd diag routine = 0.043359 seconds
| QMMM:                Dsyevr diag routine = 0.047784 seconds
| QMMM:
| QMMM:                Pseudo diag routine = 0.023422 seconds
| QMMM:
| QMMM: Using dspevd routine (diag_routine=3).

  QMMM: QM Region Cartesian Coordinates (*=link atom) 
  QMMM: QM_NO.   MM_NO.  ATOM         X         Y         Z
  QMMM:     1        1      C      -34.5910  -37.5480   22.5760
  QMMM:     2        2      O      -35.2680  -38.1560   23.3790
  QMMM:     3        3      O      -33.5000  -38.0220   21.9410
  QMMM:     4        4      C      -34.8680  -36.1100   22.1450
  QMMM:     5        5      O      -34.1000  -35.6090   21.3250
  QMMM:     6        6      C      -36.2320  -36.1320   21.4860
  QMMM:     7        7      H      -36.9390  -36.7430   22.0530
  QMMM:     8        8      H      -36.1390  -36.5350   20.4760
  QMMM:     9        9      H      -36.6250  -35.1120   21.4480
  QMMM:    10       10      S      -36.2720  -34.7160   24.3470
  QMMM:    11       11      C      -34.8940  -35.2570   23.4880
  QMMM:    12       12      N      -33.7830  -34.9240   24.1600
  QMMM:    13       13      C      -34.0010  -34.3440   25.4180
  QMMM:    14       14      C      -35.3210  -34.1790   25.7170
  QMMM:    15       15      C      -35.9340  -33.8010   27.0350
  QMMM:    16       16      C      -36.3500  -32.3330   27.2100
  QMMM:    17       17      O      -36.7310  -32.1600   28.5720
  QMMM:    18       18      P      -37.9530  -31.0950   28.8900
  QMMM:    19       19      P      -39.9260  -33.3190   28.5480
  QMMM:    20       20      N      -30.0570  -32.1440   23.5990
  QMMM:    21       21      O      -37.7090  -29.7570   28.2890
  QMMM:    22       22      O      -40.1170  -33.2440   30.1020
  QMMM:    23       23      C      -30.6410  -31.3390   22.6960
  QMMM:    24       24      O      -38.0540  -31.1230   30.4270
  QMMM:    25       25      O      -38.8860  -34.3810   28.1180
  QMMM:    26       26      N      -31.7550  -31.6280   22.0360
  QMMM:    27       27      O      -39.2200  -31.7970   28.2050
  QMMM:    28       28      O      -41.1570  -33.3660   27.7150
  QMMM:    29       29      C      -32.3760  -32.8190   22.2550
  QMMM:    30       30      N      -33.4870  -33.0760   21.5700
  QMMM:    31       31      C      -31.8270  -33.7300   23.2130
  QMMM:    32       32      C      -30.6720  -33.3160   23.8290
  QMMM:    33       33      C      -32.4170  -35.0620   23.5920
  QMMM:    34       34      C      -30.0120  -30.0070   22.4190
  QMMM:    35       35      C      -32.8490  -34.0990   26.3250
  QMMM:    36       36      H      -36.8260  -34.4040   27.2360
  QMMM:    37       37      H      -35.2070  -34.0360   27.8210
  QMMM:    38       38      H      -35.5180  -31.6540   26.9910
  QMMM:    39       39      H      -37.1790  -32.0970   26.5310
  QMMM:    40       40      H      -33.8070  -32.3690   20.9160
  QMMM:    41       41      H      -33.8150  -34.0880   21.4480
  QMMM:    42       42      H      -30.1990  -33.9640   24.5680
  QMMM:    43       43      H      -32.5130  -35.7450   22.7470
  QMMM:    44       44      H      -31.7820  -35.5340   24.3480
  QMMM:    45       45      H      -30.0160  -29.3950   23.3260
  QMMM:    46       46      H      -30.5450  -29.4810   21.6270
  QMMM:    47       47      H      -28.9650  -30.1280   22.1320
  QMMM:    48       48      H      -32.2550  -35.0140   26.4320
  QMMM:    49       49      H      -33.2130  -33.8000   27.3080
  QMMM:    50       50      H      -32.1910  -33.3070   25.9540

--------------------------------------------------------------------------------
  RESULTS
--------------------------------------------------------------------------------

      iter         sqm energy              rms gradient
      ----    -------------------    -----------------------
xmin    10     -311.3257 kcal/mol        4.6222 kcal/(mol*A)
xmin    20     -316.3615 kcal/mol        1.0216 kcal/(mol*A)
xmin    30     -326.2157 kcal/mol        8.2673 kcal/(mol*A)
xmin    40     -360.6136 kcal/mol        0.6076 kcal/(mol*A)
xmin    50     -361.3954 kcal/mol        1.0100 kcal/(mol*A)
xmin    60     -363.4131 kcal/mol        0.5559 kcal/(mol*A)
xmin    70     -364.1995 kcal/mol        0.5051 kcal/(mol*A)
xmin    80     -365.7376 kcal/mol        1.9007 kcal/(mol*A)
xmin    90     -367.4096 kcal/mol        0.2701 kcal/(mol*A)
xmin   100     -367.6628 kcal/mol        0.2526 kcal/(mol*A)
xmin   110     -367.7721 kcal/mol        0.1607 kcal/(mol*A)
xmin   120     -367.8939 kcal/mol        0.0996 kcal/(mol*A)
xmin   130     -367.9012 kcal/mol        0.0331 kcal/(mol*A)
xmin   140     -367.9019 kcal/mol        0.0020 kcal/(mol*A)
xmin   150     -367.9020 kcal/mol        0.0012 kcal/(mol*A)
  ... geometry converged !
 
 Final MO eigenvalues (eV):
 -30.5614  -29.6119  -28.3749  -27.1284  -26.1421  -25.4611  -24.4370  -23.7092
 -23.5394  -23.1931  -22.9819  -22.0155  -21.7495  -21.6681  -21.5340  -21.3511
 -20.8563  -20.7494  -20.6358  -17.7360  -16.0200  -15.1654  -13.7725  -13.0217
 -12.6968  -11.7549   -9.9828   -9.3678   -8.9416   -8.6828   -8.5351   -7.7753
  -7.4947   -7.2695   -6.9307   -6.4941   -6.1661   -5.8452   -5.7798   -5.6334
  -5.2668   -4.9816   -4.9134   -4.8186   -4.5456   -4.4450   -4.2548   -4.1222
  -3.9892   -3.8215   -3.7436   -3.6017   -3.4720   -3.3118   -3.2258   -3.1427
  -2.8813   -2.7301   -2.6370   -2.4412   -2.3503   -2.1659   -2.1447   -2.0065
  -1.5786   -1.5733   -1.1648   -0.9615   -0.8100   -0.7462   -0.6113   -0.5456
  -0.4932   -0.2188   -0.0984    0.2342    0.3911    0.6349    0.6899    0.7121
   0.7964    0.8388    0.9387    1.0322    1.0724    1.0789    1.7046    1.9332
   2.8555   10.0736   10.8565   10.8964   11.1069   11.9601   12.1410   12.1967
  12.3455   12.3860   12.4512   12.6183   12.9929   13.4911   13.5929   13.7504
  13.7588   13.7857   13.9299   13.9710   14.0391   14.1338   14.1965   14.2771
  14.4040   14.4125   14.4664   14.4858   14.5108   14.5869   14.6333   14.8303
  14.8469   14.9461   15.0443   15.0739   15.1364   15.2040   15.2656   15.3269
  15.3645   15.4792   15.6961   16.1368   16.3604   16.3800   16.4690   16.6433
  16.9791   17.2486   17.8548   18.2590   18.4224   19.1754   19.2978   19.7451
  19.7592   20.3667

 Heat of formation   =       -367.90196165 kcal/mol  (      -15.95342620 eV)

 Total SCF energy    =    -153384.26938020 kcal/mol  (    -6651.24102945 eV)
 Electronic energy   =   -1211857.08999080 kcal/mol  (   -52550.06677901 eV)
 Core-core repulsion =    1058472.82061060 kcal/mol  (    45898.82574956 eV)
 
    Atomic Charges for Step       1 :
  Atom    Element       Mulliken Charge
     1      C                  0.356
     2      O                 -0.611
     3      O                 -0.578
     4      C                  0.112
     5      O                 -0.345
     6      C                 -0.232
     7      H                  0.094
     8      H                  0.050
     9      H                  0.084
    10      S                  1.486
    11      C                 -0.709
    12      N                 -0.039
    13      C                  0.006
    14      C                 -0.709
    15      C                 -0.066
    16      C                  0.052
    17      O                 -0.765
    18      P                  2.703
    19      P                  2.772
    20      N                 -0.354
    21      O                 -1.226
    22      O                 -1.235
    23      C                  0.030
    24      O                 -1.219
    25      O                 -1.152
    26      N                 -0.395
    27      O                 -1.298
    28      O                 -1.225
    29      C                  0.126
    30      N                 -0.427
    31      C                 -0.253
    32      C                 -0.015
    33      C                  0.003
    34      C                 -0.134
    35      C                 -0.159
    36      H                  0.082
    37      H                  0.033
    38      H                  0.011
    39      H                  0.086
    40      H                  0.072
    41      H                  0.173
    42      H                  0.153
    43      H                  0.095
    44      H                  0.175
    45      H                  0.051
    46      H                  0.050
    47      H                  0.048
    48      H                  0.072
    49      H                  0.073
    50      H                  0.099
 Total Mulliken Charge =      -4.000
 
                  X        Y        Z     TOTAL  
  QM DIPOLE   691.791  654.886 -486.663 1069.716
 
 Final Structure

  QMMM: QM Region Cartesian Coordinates (*=link atom) 
  QMMM: QM_NO.   MM_NO.  ATOM         X         Y         Z
  QMMM:     1        1      C      -34.2871  -37.1838   22.9737
  QMMM:     2        2      O      -34.2603  -38.2681   23.6317
  QMMM:     3        3      O      -33.4312  -36.9181   22.0833
  QMMM:     4        4      C      -35.4624  -36.1877   23.2467
  QMMM:     5        5      O      -35.7892  -35.5967   21.9791
  QMMM:     6        6      C      -36.6839  -36.9901   23.7083
  QMMM:     7        7      H      -36.4148  -37.5818   24.6156
  QMMM:     8        8      H      -36.9814  -37.6967   22.8985
  QMMM:     9        9      H      -37.5423  -36.3145   23.9394
  QMMM:    10       10      S      -35.8883  -35.0914   25.7708
  QMMM:    11       11      C      -35.1625  -35.1471   24.2809
  QMMM:    12       12      N      -34.2783  -34.0736   24.0753
  QMMM:    13       13      C      -34.2806  -33.2340   25.1684
  QMMM:    14       14      C      -35.1130  -33.6972   26.2061
  QMMM:    15       15      C      -35.3096  -33.0214   27.4975
  QMMM:    16       16      C      -36.3556  -31.8989   27.4584
  QMMM:    17       17      O      -37.1013  -31.8896   28.6353
  QMMM:    18       18      P      -38.7511  -32.0388   28.4742
  QMMM:    19       19      P      -38.9663  -34.8795   26.8747
  QMMM:    20       20      N      -29.9592  -33.4467   23.5051
  QMMM:    21       21      O      -39.1719  -30.8971   27.6274
  QMMM:    22       22      O      -38.8932  -35.9730   27.8725
  QMMM:    23       23      C      -29.7143  -32.2704   22.8479
  QMMM:    24       24      O      -39.2717  -32.1475   29.8589
  QMMM:    25       25      O      -37.5691  -34.8993   26.0441
  QMMM:    26       26      N      -30.5910  -31.5088   22.1692
  QMMM:    27       27      O      -38.8404  -33.4356   27.6742
  QMMM:    28       28      O      -40.1130  -34.8066   25.9413
  QMMM:    29       29      C      -31.9435  -31.9383   22.1116
  QMMM:    30       30      N      -32.8576  -31.2619   21.4376
  QMMM:    31       31      C      -32.2858  -33.1841   22.8279
  QMMM:    32       32      C      -31.2571  -33.8622   23.4583
  QMMM:    33       33      C      -33.6638  -33.7674   22.7915
  QMMM:    34       34      C      -28.2781  -31.7798   22.8966
  QMMM:    35       35      C      -33.5037  -31.9742   25.2321
  QMMM:    36       36      H      -35.6371  -33.7760   28.2647
  QMMM:    37       37      H      -34.3350  -32.5961   27.8605
  QMMM:    38       38      H      -35.8161  -30.9096   27.3695
  QMMM:    39       39      H      -37.0321  -32.0103   26.5679
  QMMM:    40       40      H      -32.4971  -30.4386   20.9998
  QMMM:    41       41      H      -36.3400  -34.8315   22.1755
  QMMM:    42       42      H      -31.4600  -34.8205   23.9729
  QMMM:    43       43      H      -34.3689  -33.0797   22.2427
  QMMM:    44       44      H      -33.6136  -34.7520   22.2203
  QMMM:    45       45      H      -27.9772  -31.6025   23.9575
  QMMM:    46       46      H      -28.1472  -30.8282   22.3279
  QMMM:    47       47      H      -27.5996  -32.5507   22.4575
  QMMM:    48       48      H      -32.4342  -32.1963   25.4753
  QMMM:    49       49      H      -33.9313  -31.3163   26.0285
  QMMM:    50       50      H      -33.5324  -31.4290   24.2545

           --------- Calculation Completed ----------

