            --------------------------------------------------------
                             AMBER SQM VERSION 19
 
                                     By
              Ross C. Walker, Michael F. Crowley, Scott Brozell,
                         Tim Giese, Andreas W. Goetz,
                        Tai-Sung Lee and David A. Case
 
            --------------------------------------------------------
 

--------------------------------------------------------------------------------
  QM CALCULATION INFO
--------------------------------------------------------------------------------

| QMMM: Citation for AMBER QMMM Run:
| QMMM: R.C. Walker, M.F. Crowley and D.A. Case, J. COMP. CHEM. 29:1019, 2008

QMMM: SINGLET STATE CALCULATION
QMMM: RHF CALCULATION, NO. OF DOUBLY OCCUPIED LEVELS = 89

| QMMM: *** Selected Hamiltonian *** 
| QMMM: AM1         

| QMMM: *** Parameter sets in use ***
| QMMM: C : M.J.S.DEWAR et al. JACS, 107, 3902, (1985)
| QMMM: O : M.J.S.DEWAR et al. JACS, 107, 3902, (1985)
| QMMM: H : M.J.S.DEWAR et al. JACS, 107, 3902, (1985)
| QMMM: S : M.J.S.DEWAR et al. INORG. CHEM., 29, 3881, (1990)
| QMMM: N : M.J.S.DEWAR et al. JACS, 107, 3902, (1985)
| QMMM: P : M.J.S.DEWAR et al. THEOCHEM, 187,1, (1989)

| QMMM: *** SCF convergence criteria ***
| QMMM: Energy change                :  0.1D-09 kcal/mol
| QMMM: Error matrix |FP-PF|         :  0.1D+00 au
| QMMM: Density matrix change        :  0.5D-06
| QMMM: Maximum number of SCF cycles :     1000

| QMMM: *** Diagonalization Routine Information ***
| QMMM: Pseudo diagonalizations are allowed.
| QMMM: Auto diagonalization routine selection is in use.
| QMMM:
| QMMM: Timing diagonalization routines:
| QMMM:                              norbs =      146
| QMMM:    diag iterations used for timing =       10
| QMMM:
| QMMM:              Internal diag routine = 0.047791 seconds
| QMMM:                 Dspev diag routine = 0.041893 seconds
| QMMM:                Dspevd diag routine = 0.020977 seconds
| QMMM:                Dspevx diag routine = 0.117011 seconds
| QMMM:                 Dsyev diag routine = 0.039275 seconds
| QMMM:                Dsyevd diag routine = 0.016461 seconds
| QMMM:                Dsyevr diag routine = 0.028693 seconds
| QMMM:
| QMMM:                Pseudo diag routine = 0.019391 seconds
| QMMM: Pseudo diagonalization appears to be slower than regular
| QMMM: diagonalization. Setting pseudo_diag=0 for optimum performance.
| QMMM:
| QMMM: Using dsyevd routine (diag_routine=6).

  QMMM: QM Region Cartesian Coordinates (*=link atom) 
  QMMM: QM_NO.   MM_NO.  ATOM         X         Y         Z
  QMMM:     1        1      C      -34.5910  -37.5480   22.5760
  QMMM:     2        2      O      -35.2680  -38.1560   23.3790
  QMMM:     3        3      O      -33.5000  -38.0220   21.9410
  QMMM:     4        4      C      -34.8680  -36.1100   22.1450
  QMMM:     5        5      O      -34.1000  -35.6090   21.3250
  QMMM:     6        6      C      -36.2320  -36.1320   21.4860
  QMMM:     7        7      H      -36.2700  -35.4630   20.6230
  QMMM:     8        8      H      -36.9890  -35.8240   22.2110
  QMMM:     9        9      H      -36.4410  -37.1460   21.1350
  QMMM:    10       10      S      -36.2720  -34.7160   24.3470
  QMMM:    11       11      C      -34.8940  -35.2570   23.4880
  QMMM:    12       12      N      -33.7830  -34.9240   24.1600
  QMMM:    13       13      C      -34.0010  -34.3440   25.4180
  QMMM:    14       14      C      -35.3210  -34.1790   25.7170
  QMMM:    15       15      C      -35.9340  -33.8010   27.0350
  QMMM:    16       16      C      -36.3500  -32.3330   27.2100
  QMMM:    17       17      O      -36.7310  -32.1600   28.5720
  QMMM:    18       18      P      -37.9530  -31.0950   28.8900
  QMMM:    19       19      P      -39.9260  -33.3190   28.5480
  QMMM:    20       20      N      -30.0570  -32.1440   23.5990
  QMMM:    21       21      O      -37.7090  -29.7570   28.2890
  QMMM:    22       22      O      -40.1170  -33.2440   30.1020
  QMMM:    23       23      C      -30.6410  -31.3390   22.6960
  QMMM:    24       24      O      -38.0540  -31.1230   30.4270
  QMMM:    25       25      O      -38.8860  -34.3810   28.1180
  QMMM:    26       26      N      -31.7550  -31.6280   22.0360
  QMMM:    27       27      O      -39.2200  -31.7970   28.2050
  QMMM:    28       28      O      -41.1570  -33.3660   27.7150
  QMMM:    29       29      C      -32.3760  -32.8190   22.2550
  QMMM:    30       30      N      -33.4870  -33.0760   21.5700
  QMMM:    31       31      C      -31.8270  -33.7300   23.2130
  QMMM:    32       32      C      -30.6720  -33.3160   23.8290
  QMMM:    33       33      C      -32.4170  -35.0620   23.5920
  QMMM:    34       34      C      -30.0120  -30.0070   22.4190
  QMMM:    35       35      C      -32.8490  -34.0990   26.3250
  QMMM:    36       36      H      -36.8260  -34.4040   27.2360
  QMMM:    37       37      H      -35.2070  -34.0360   27.8210
  QMMM:    38       38      H      -35.5180  -31.6540   26.9910
  QMMM:    39       39      H      -37.1790  -32.0970   26.5310
  QMMM:    40       40      H      -33.8070  -32.3690   20.9160
  QMMM:    41       41      H      -33.8150  -34.0880   21.4480
  QMMM:    42       42      H      -30.1990  -33.9640   24.5680
  QMMM:    43       43      H      -32.5130  -35.7450   22.7470
  QMMM:    44       44      H      -31.7820  -35.5340   24.3480
  QMMM:    45       45      H      -30.0160  -29.3950   23.3260
  QMMM:    46       46      H      -30.5450  -29.4810   21.6270
  QMMM:    47       47      H      -28.9650  -30.1280   22.1320
  QMMM:    48       48      H      -32.2550  -35.0140   26.4320
  QMMM:    49       49      H      -33.2130  -33.8000   27.3080
  QMMM:    50       50      H      -32.1910  -33.3070   25.9540

--------------------------------------------------------------------------------
  RESULTS
--------------------------------------------------------------------------------

      iter         sqm energy              rms gradient
      ----    -------------------    -----------------------
xmin    10     -311.2577 kcal/mol        4.0171 kcal/(mol*A)
xmin    20     -317.3200 kcal/mol        0.8083 kcal/(mol*A)
xmin    30     -348.1844 kcal/mol        3.3284 kcal/(mol*A)
xmin    40     -360.6559 kcal/mol        0.9251 kcal/(mol*A)
xmin    50     -361.0854 kcal/mol        0.0966 kcal/(mol*A)
xmin    60     -361.3012 kcal/mol        0.3070 kcal/(mol*A)
xmin    70     -361.3777 kcal/mol        0.4887 kcal/(mol*A)
xmin    80     -362.1580 kcal/mol        0.5152 kcal/(mol*A)
xmin    90     -363.1458 kcal/mol        0.5011 kcal/(mol*A)
xmin   100     -363.9837 kcal/mol        0.2658 kcal/(mol*A)
xmin   110     -364.2592 kcal/mol        0.5801 kcal/(mol*A)
xmin   120     -366.9380 kcal/mol        1.4723 kcal/(mol*A)
xmin   130     -367.6090 kcal/mol        0.3036 kcal/(mol*A)
xmin   140     -367.6972 kcal/mol        0.1626 kcal/(mol*A)
xmin   150     -367.7721 kcal/mol        0.4010 kcal/(mol*A)
xmin   160     -367.8771 kcal/mol        0.1448 kcal/(mol*A)
xmin   170     -367.8954 kcal/mol        0.0654 kcal/(mol*A)
xmin   180     -367.9015 kcal/mol        0.0106 kcal/(mol*A)
xmin   190     -367.9018 kcal/mol        0.0040 kcal/(mol*A)
xmin   200     -367.9019 kcal/mol        0.0020 kcal/(mol*A)
  ... geometry converged !
 
 Final MO eigenvalues (eV):
 -30.5615  -29.6120  -28.3749  -27.1283  -26.1421  -25.4611  -24.4370  -23.7092
 -23.5394  -23.1930  -22.9819  -22.0155  -21.7494  -21.6680  -21.5340  -21.3511
 -20.8562  -20.7494  -20.6358  -17.7359  -16.0200  -15.1653  -13.7725  -13.0217
 -12.6968  -11.7549   -9.9827   -9.3678   -8.9416   -8.6828   -8.5351   -7.7754
  -7.4946   -7.2695   -6.9307   -6.4941   -6.1661   -5.8452   -5.7797   -5.6334
  -5.2669   -4.9816   -4.9134   -4.8186   -4.5456   -4.4450   -4.2547   -4.1222
  -3.9892   -3.8214   -3.7436   -3.6017   -3.4720   -3.3118   -3.2257   -3.1427
  -2.8813   -2.7301   -2.6370   -2.4412   -2.3503   -2.1659   -2.1447   -2.0065
  -1.5785   -1.5733   -1.1648   -0.9615   -0.8100   -0.7462   -0.6112   -0.5456
  -0.4932   -0.2188   -0.0984    0.2342    0.3912    0.6349    0.6899    0.7121
   0.7964    0.8388    0.9387    1.0322    1.0724    1.0789    1.7047    1.9332
   2.8555   10.0736   10.8565   10.8964   11.1070   11.9601   12.1409   12.1967
  12.3454   12.3861   12.4512   12.6183   12.9929   13.4911   13.5929   13.7504
  13.7588   13.7857   13.9299   13.9711   14.0392   14.1338   14.1966   14.2772
  14.4040   14.4125   14.4664   14.4858   14.5108   14.5870   14.6334   14.8303
  14.8469   14.9461   15.0444   15.0739   15.1364   15.2040   15.2656   15.3269
  15.3645   15.4792   15.6961   16.1368   16.3604   16.3800   16.4691   16.6433
  16.9791   17.2486   17.8549   18.2591   18.4224   19.1754   19.2977   19.7451
  19.7592   20.3667

 Heat of formation   =       -367.90196261 kcal/mol  (      -15.95342624 eV)

 Total SCF energy    =    -153384.26938116 kcal/mol  (    -6651.24102949 eV)
 Electronic energy   =   -1211860.47698197 kcal/mol  (   -52550.21364997 eV)
 Core-core repulsion =    1058476.20760081 kcal/mol  (    45898.97262048 eV)
 
    Atomic Charges for Step       1 :
  Atom    Element       Mulliken Charge
     1      C                  0.356
     2      O                 -0.611
     3      O                 -0.578
     4      C                  0.112
     5      O                 -0.345
     6      C                 -0.232
     7      H                  0.084
     8      H                  0.094
     9      H                  0.050
    10      S                  1.486
    11      C                 -0.709
    12      N                 -0.039
    13      C                  0.006
    14      C                 -0.709
    15      C                 -0.066
    16      C                  0.052
    17      O                 -0.765
    18      P                  2.703
    19      P                  2.772
    20      N                 -0.354
    21      O                 -1.226
    22      O                 -1.235
    23      C                  0.030
    24      O                 -1.219
    25      O                 -1.152
    26      N                 -0.395
    27      O                 -1.298
    28      O                 -1.225
    29      C                  0.126
    30      N                 -0.427
    31      C                 -0.253
    32      C                 -0.015
    33      C                  0.003
    34      C                 -0.134
    35      C                 -0.159
    36      H                  0.082
    37      H                  0.033
    38      H                  0.011
    39      H                  0.086
    40      H                  0.072
    41      H                  0.173
    42      H                  0.153
    43      H                  0.095
    44      H                  0.175
    45      H                  0.051
    46      H                  0.050
    47      H                  0.048
    48      H                  0.072
    49      H                  0.073
    50      H                  0.099
 Total Mulliken Charge =      -4.000
 
                  X        Y        Z     TOTAL  
  QM DIPOLE   691.875  654.703 -486.597 1069.628
 
 Final Structure

  QMMM: QM Region Cartesian Coordinates (*=link atom) 
  QMMM: QM_NO.   MM_NO.  ATOM         X         Y         Z
  QMMM:     1        1      C      -34.3248  -37.1720   22.9433
  QMMM:     2        2      O      -34.3093  -38.2622   23.5918
  QMMM:     3        3      O      -33.4663  -36.9077   22.0550
  QMMM:     4        4      C      -35.4895  -36.1660   23.2253
  QMMM:     5        5      O      -35.8103  -35.5608   21.9629
  QMMM:     6        6      C      -36.7193  -36.9594   23.6804
  QMMM:     7        7      H      -37.5704  -36.2768   23.9176
  QMMM:     8        8      H      -36.4562  -37.5617   24.5824
  QMMM:     9        9      H      -37.0244  -37.6558   22.8646
  QMMM:    10       10      S      -35.9030  -35.0870   25.7589
  QMMM:    11       11      C      -35.1783  -35.1376   24.2683
  QMMM:    12       12      N      -34.2829  -34.0717   24.0715
  QMMM:    13       13      C      -34.2760  -33.2415   25.1717
  QMMM:    14       14      C      -35.1129  -33.7048   26.2057
  QMMM:    15       15      C      -35.3022  -33.0380   27.5029
  QMMM:    16       16      C      -36.3362  -31.9042   27.4736
  QMMM:    17       17      O      -37.0814  -31.8968   28.6508
  QMMM:    18       18      P      -38.7328  -32.0273   28.4890
  QMMM:    19       19      P      -38.9783  -34.8521   26.8658
  QMMM:    20       20      N      -29.9578  -33.4850   23.5047
  QMMM:    21       21      O      -39.1418  -30.8742   27.6519
  QMMM:    22       22      O      -38.9163  -35.9546   27.8543
  QMMM:    23       23      C      -29.7008  -32.3057   22.8574
  QMMM:    24       24      O      -39.2542  -32.1422   29.8729
  QMMM:    25       25      O      -37.5816  -34.8796   26.0344
  QMMM:    26       26      N      -30.5698  -31.5292   22.1857
  QMMM:    27       27      O      -38.8370  -33.4164   27.6773
  QMMM:    28       28      O      -40.1244  -34.7593   25.9335
  QMMM:    29       29      C      -31.9267  -31.9440   22.1252
  QMMM:    30       30      N      -32.8340  -31.2524   21.4574
  QMMM:    31       31      C      -32.2817  -33.1923   22.8309
  QMMM:    32       32      C      -31.2598  -33.8865   23.4549
  QMMM:    33       33      C      -33.6657  -33.7609   22.7901
  QMMM:    34       34      C      -28.2596  -31.8305   22.9098
  QMMM:    35       35      C      -33.4858  -31.9906   25.2459
  QMMM:    36       36      H      -35.6375  -33.7955   28.2637
  QMMM:    37       37      H      -34.3230  -32.6261   27.8692
  QMMM:    38       38      H      -35.7862  -30.9199   27.3929
  QMMM:    39       39      H      -37.0140  -32.0008   26.5824
  QMMM:    40       40      H      -32.4651  -30.4292   21.0265
  QMMM:    41       41      H      -36.3529  -34.7914   22.1660
  QMMM:    42       42      H      -31.4725  -34.8470   23.9614
  QMMM:    43       43      H      -34.3638  -33.0613   22.2475
  QMMM:    44       44      H      -33.6259  -34.7411   22.2104
  QMMM:    45       45      H      -27.9575  -31.6627   23.9720
  QMMM:    46       46      H      -28.1185  -30.8769   22.3470
  QMMM:    47       47      H      -27.5888  -32.6057   22.4665
  QMMM:    48       48      H      -32.4186  -32.2261   25.4865
  QMMM:    49       49      H      -33.9060  -31.3352   26.0482
  QMMM:    50       50      H      -33.5093  -31.4366   24.2731

           --------- Calculation Completed ----------

