            --------------------------------------------------------
                             AMBER SQM VERSION 19
 
                                     By
              Ross C. Walker, Michael F. Crowley, Scott Brozell,
                         Tim Giese, Andreas W. Goetz,
                        Tai-Sung Lee and David A. Case
 
            --------------------------------------------------------
 

--------------------------------------------------------------------------------
  QM CALCULATION INFO
--------------------------------------------------------------------------------

| QMMM: Citation for AMBER QMMM Run:
| QMMM: R.C. Walker, M.F. Crowley and D.A. Case, J. COMP. CHEM. 29:1019, 2008

QMMM: SINGLET STATE CALCULATION
QMMM: RHF CALCULATION, NO. OF DOUBLY OCCUPIED LEVELS =112

| QMMM: *** Selected Hamiltonian *** 
| QMMM: AM1         

| QMMM: *** Parameter sets in use ***
| QMMM: C : M.J.S.DEWAR et al. JACS, 107, 3902, (1985)
| QMMM: H : M.J.S.DEWAR et al. JACS, 107, 3902, (1985)
| QMMM: N : M.J.S.DEWAR et al. JACS, 107, 3902, (1985)
| QMMM: O : M.J.S.DEWAR et al. JACS, 107, 3902, (1985)
| QMMM: S : M.J.S.DEWAR et al. INORG. CHEM., 29, 3881, (1990)
| QMMM: P : M.J.S.DEWAR et al. THEOCHEM, 187,1, (1989)

| QMMM: *** SCF convergence criteria ***
| QMMM: Energy change                :  0.1D-09 kcal/mol
| QMMM: Error matrix |FP-PF|         :  0.1D+00 au
| QMMM: Density matrix change        :  0.5D-06
| QMMM: Maximum number of SCF cycles :     1000

| QMMM: *** Diagonalization Routine Information ***
| QMMM: Pseudo diagonalizations are allowed.
| QMMM: Auto diagonalization routine selection is in use.
| QMMM:
| QMMM: Timing diagonalization routines:
| QMMM:                              norbs =      191
| QMMM:    diag iterations used for timing =        5
| QMMM:
| QMMM:              Internal diag routine = 0.050364 seconds
| QMMM:                 Dspev diag routine = 0.043526 seconds
| QMMM:                Dspevd diag routine = 0.019999 seconds
| QMMM:                Dspevx diag routine = 0.105836 seconds
| QMMM:                 Dsyev diag routine = 0.040023 seconds
| QMMM:                Dsyevd diag routine = 0.014741 seconds
| QMMM:                Dsyevr diag routine = 0.023977 seconds
| QMMM:
| QMMM:                Pseudo diag routine = 0.023449 seconds
| QMMM: Pseudo diagonalization appears to be slower than regular
| QMMM: diagonalization. Setting pseudo_diag=0 for optimum performance.
| QMMM:
| QMMM: Using dsyevd routine (diag_routine=6).

  QMMM: QM Region Cartesian Coordinates (*=link atom) 
  QMMM: QM_NO.   MM_NO.  ATOM         X         Y         Z
  QMMM:     1        1      C      -34.6010  -37.5650   22.5920
  QMMM:     2        2      C      -34.8520  -36.1130   22.1340
  QMMM:     3        3      C      -36.2090  -36.0970   21.4300
  QMMM:     4        4      C      -36.7710  -37.2940   20.7020
  QMMM:     5        5      H      -36.9420  -35.8340   22.2040
  QMMM:     6        6      H      -36.1640  -35.2800   20.6980
  QMMM:     7        7      C      -38.0500  -37.1220   20.1710
  QMMM:     8        8      C      -38.6500  -38.1570   19.4740
  QMMM:     9        9      H      -38.5810  -36.1820   20.2990
  QMMM:    10       10      C      -37.9660  -39.3570   19.3110
  QMMM:    11       11      H      -39.6460  -38.0170   19.0640
  QMMM:    12       12      C      -36.6720  -39.4690   19.8680
  QMMM:    13       13      C      -38.5570  -40.4220   18.6110
  QMMM:    14       14      N      -36.0870  -38.4500   20.5480
  QMMM:    15       15      C      -36.0130  -40.6830   19.6860
  QMMM:    16       16      C      -36.5970  -41.7520   18.9870
  QMMM:    17       17      H      -35.0150  -40.8040   20.0990
  QMMM:    18       18      C      -37.8720  -41.6200   18.4500
  QMMM:    19       19      H      -39.5540  -40.3200   18.1890
  QMMM:    20       20      H      -36.0520  -42.6850   18.8660
  QMMM:    21       21      H      -38.3320  -42.4420   17.9070
  QMMM:    22       22      O      -33.5890  -38.1900   21.9890
  QMMM:    23       23      O      -34.1070  -35.5890   21.3210
  QMMM:    24       24      O      -35.2810  -38.1180   23.4370
  QMMM:    25       25      S      -36.2720  -34.7160   24.3470
  QMMM:    26       26      C      -34.8940  -35.2570   23.4880
  QMMM:    27       27      N      -33.7830  -34.9240   24.1600
  QMMM:    28       28      C      -34.0010  -34.3440   25.4180
  QMMM:    29       29      C      -35.3210  -34.1790   25.7170
  QMMM:    30       30      C      -35.9340  -33.8010   27.0350
  QMMM:    31       31      C      -36.3500  -32.3330   27.2100
  QMMM:    32       32      O      -36.7310  -32.1600   28.5720
  QMMM:    33       33      P      -37.9530  -31.0950   28.8900
  QMMM:    34       34      P      -39.9260  -33.3190   28.5480
  QMMM:    35       35      N      -30.0570  -32.1440   23.5990
  QMMM:    36       36      O      -37.7090  -29.7570   28.2890
  QMMM:    37       37      O      -40.1170  -33.2440   30.1020
  QMMM:    38       38      C      -30.6410  -31.3390   22.6960
  QMMM:    39       39      O      -38.0540  -31.1230   30.4270
  QMMM:    40       40      O      -38.8860  -34.3810   28.1180
  QMMM:    41       41      N      -31.7550  -31.6280   22.0360
  QMMM:    42       42      O      -39.2200  -31.7970   28.2050
  QMMM:    43       43      O      -41.1570  -33.3660   27.7150
  QMMM:    44       44      C      -32.3760  -32.8190   22.2550
  QMMM:    45       45      N      -33.4870  -33.0760   21.5700
  QMMM:    46       46      C      -31.8270  -33.7300   23.2130
  QMMM:    47       47      C      -30.6720  -33.3160   23.8290
  QMMM:    48       48      C      -32.4170  -35.0620   23.5920
  QMMM:    49       49      C      -30.0120  -30.0070   22.4190
  QMMM:    50       50      C      -32.8490  -34.0990   26.3250
  QMMM:    51       51      H      -36.8260  -34.4040   27.2360
  QMMM:    52       52      H      -35.2070  -34.0360   27.8210
  QMMM:    53       53      H      -35.5180  -31.6540   26.9910
  QMMM:    54       54      H      -37.1790  -32.0970   26.5310
  QMMM:    55       55      H      -33.8070  -32.3690   20.9160
  QMMM:    56       56      H      -33.8150  -34.0880   21.4480
  QMMM:    57       57      H      -30.1990  -33.9640   24.5680
  QMMM:    58       58      H      -32.5130  -35.7450   22.7470
  QMMM:    59       59      H      -31.7820  -35.5340   24.3480
  QMMM:    60       60      H      -30.0160  -29.3950   23.3260
  QMMM:    61       61      H      -30.5450  -29.4810   21.6270
  QMMM:    62       62      H      -28.9650  -30.1280   22.1320
  QMMM:    63       63      H      -32.2550  -35.0140   26.4320
  QMMM:    64       64      H      -33.2130  -33.8000   27.3080
  QMMM:    65       65      H      -32.1910  -33.3070   25.9540

--------------------------------------------------------------------------------
  RESULTS
--------------------------------------------------------------------------------

      iter         sqm energy              rms gradient
      ----    -------------------    -----------------------
xmin    10     -229.1710 kcal/mol        1.2371 kcal/(mol*A)
xmin    20     -235.9597 kcal/mol        0.4225 kcal/(mol*A)
xmin    30     -239.1771 kcal/mol        0.9706 kcal/(mol*A)
xmin    40     -240.7967 kcal/mol        0.6270 kcal/(mol*A)
xmin    50     -241.7362 kcal/mol        1.3081 kcal/(mol*A)
xmin    60     -242.9786 kcal/mol        0.3738 kcal/(mol*A)
xmin    70     -243.2664 kcal/mol        0.2202 kcal/(mol*A)
xmin    80     -243.5474 kcal/mol        0.1695 kcal/(mol*A)
xmin    90     -243.6057 kcal/mol        0.0839 kcal/(mol*A)
xmin   100     -243.6596 kcal/mol        0.0273 kcal/(mol*A)
xmin   110     -243.6659 kcal/mol        0.0124 kcal/(mol*A)
xmin   120     -243.6664 kcal/mol        0.0128 kcal/(mol*A)
xmin   130     -243.6667 kcal/mol        0.0053 kcal/(mol*A)
xmin   140     -243.6669 kcal/mol        0.0021 kcal/(mol*A)
xmin   150     -243.6669 kcal/mol        0.0008 kcal/(mol*A)
  ... geometry converged !
 
 Final MO eigenvalues (eV):
 -33.9856  -33.6415  -32.4910  -30.9254  -29.2512  -29.0344  -27.5295  -27.1373
 -27.0771  -26.6262  -25.1888  -24.7651  -24.4541  -24.3237  -23.9930  -23.6572
 -21.9890  -21.5465  -21.3959  -20.7735  -20.4595  -19.9682  -19.4495  -18.8282
 -18.7552  -18.5120  -17.6558  -17.3312  -16.9430  -16.4262  -15.9698  -15.2363
 -14.0512  -13.4196  -12.1417  -11.8917  -11.3639  -11.1285  -11.1035  -10.7332
 -10.1465  -10.0258   -9.2245   -8.9908   -8.9194   -8.8800   -8.7311   -8.6202
  -8.1223   -8.0216   -7.8630   -7.5057   -7.3739   -7.2249   -7.1731   -6.9173
  -6.8526   -6.8342   -6.7085   -6.4908   -6.1568   -6.1248   -5.9957   -5.8501
  -5.7617   -5.5984   -5.4155   -5.3394   -5.0726   -4.9823   -4.8771   -4.8385
  -4.6088   -4.5321   -4.2587   -4.1955   -4.1276   -3.6906   -3.5199   -3.3718
  -3.2880   -3.2170   -2.9672   -2.6501   -2.5993   -2.3529   -2.0398   -1.8920
  -1.8393   -1.7128   -1.5909   -1.2040   -0.6216   -0.5709   -0.4307   -0.4040
  -0.3726   -0.2378    0.2939    0.8752    0.9335    1.0550    1.1474    1.4444
   1.7607    1.8454    2.3878    3.1180    3.1442    3.1908    3.2809    3.2954
   6.1547    6.5682    6.9969    7.4458    7.8539    7.8782    8.4160    8.5748
   8.9652    9.0955    9.4939    9.5556    9.7511    9.8387    9.8806    9.9644
   9.9832   10.0037   10.2494   10.4095   10.5207   10.5553   10.6211   10.6289
  10.7388   10.8172   10.8911   11.0274   11.1553   11.2200   11.4760   11.5218
  11.5483   11.6148   11.6421   11.8786   11.9635   12.0566   12.1286   12.1454
  12.2797   12.3383   12.3642   12.4530   12.5809   12.6073   12.6784   12.7155
  12.7519   12.8892   12.9598   13.0593   13.3378   13.4311   13.5617   13.6026
  13.6367   13.7891   13.8418   14.0224   14.0852   14.2236   14.5293   14.7039
  14.8889   15.3567   15.5691   15.8008   16.3796   16.5500   16.9941   17.8187
  18.0270   18.9719   19.7255   20.8008   21.2758   22.2419   22.2474

 Heat of formation   =       -243.66689141 kcal/mol  (      -10.56618930 eV)

 Total SCF energy    =    -186228.54151542 kcal/mol  (    -8075.47554379 eV)
 Electronic energy   =   -1671976.03281779 kcal/mol  (   -72502.32135717 eV)
 Core-core repulsion =    1485747.49130237 kcal/mol  (    64426.84581338 eV)
 
    Atomic Charges for Step       1 :
  Atom    Element       Mulliken Charge
     1      C                  0.314
     2      C                  0.214
     3      C                 -0.196
     4      C                  0.108
     5      H                  0.152
     6      H                  0.084
     7      C                 -0.108
     8      C                 -0.128
     9      H                  0.177
    10      C                 -0.097
    11      H                  0.125
    12      C                  0.019
    13      C                 -0.099
    14      N                 -0.185
    15      C                 -0.106
    16      C                 -0.159
    17      H                  0.131
    18      C                 -0.179
    19      H                  0.115
    20      H                  0.097
    21      H                  0.099
    22      O                 -0.599
    23      O                 -0.709
    24      O                 -0.587
    25      S                  0.555
    26      C                 -0.239
    27      N                 -0.043
    28      C                 -0.106
    29      C                 -0.255
    30      C                 -0.215
    31      C                  0.086
    32      O                 -0.752
    33      P                  2.676
    34      P                  2.659
    35      N                 -0.256
    36      O                 -1.249
    37      O                 -1.279
    38      C                  0.041
    39      O                 -1.236
    40      O                 -1.287
    41      N                 -0.290
    42      O                 -1.286
    43      O                 -1.280
    44      C                  0.191
    45      N                 -0.336
    46      C                 -0.227
    47      C                 -0.010
    48      C                 -0.010
    49      C                 -0.146
    50      C                 -0.171
    51      H                  0.215
    52      H                  0.136
    53      H                 -0.012
    54      H                  0.103
    55      H                  0.197
    56      H                  0.302
    57      H                  0.156
    58      H                  0.220
    59      H                  0.115
    60      H                  0.087
    61      H                  0.075
    62      H                  0.071
    63      H                  0.056
    64      H                  0.187
    65      H                  0.075
 Total Mulliken Charge =      -4.000
 
                  X        Y        Z     TOTAL  
  QM DIPOLE   712.943  652.951 -511.768 1093.865
 
 Final Structure

  QMMM: QM Region Cartesian Coordinates (*=link atom) 
  QMMM: QM_NO.   MM_NO.  ATOM         X         Y         Z
  QMMM:     1        1      C      -33.0379  -38.3402   24.4548
  QMMM:     2        2      C      -34.0387  -37.5828   23.4885
  QMMM:     3        3      C      -35.2733  -38.5088   23.2404
  QMMM:     4        4      C      -35.9380  -38.3184   21.9092
  QMMM:     5        5      H      -34.8873  -39.5638   23.3319
  QMMM:     6        6      H      -36.0566  -38.3796   24.0345
  QMMM:     7        7      C      -36.1074  -36.9676   21.4181
  QMMM:     8        8      C      -36.7312  -36.7506   20.2219
  QMMM:     9        9      H      -35.6939  -36.1473   22.0265
  QMMM:    10       10      C      -37.2065  -37.8623   19.4651
  QMMM:    11       11      H      -36.8791  -35.7352   19.8280
  QMMM:    12       12      C      -36.9974  -39.1677   20.0095
  QMMM:    13       13      C      -37.8609  -37.7116   18.2208
  QMMM:    14       14      N      -36.3723  -39.3767   21.2210
  QMMM:    15       15      C      -37.4661  -40.2897   19.2513
  QMMM:    16       16      C      -38.0945  -40.1072   18.0438
  QMMM:    17       17      H      -37.3126  -41.3015   19.6561
  QMMM:    18       18      C      -38.2973  -38.8115   17.5198
  QMMM:    19       19      H      -38.0157  -36.6957   17.8281
  QMMM:    20       20      H      -38.4512  -40.9741   17.4699
  QMMM:    21       21      H      -38.8073  -38.6958   16.5545
  QMMM:    22       22      O      -32.0571  -37.6966   24.9320
  QMMM:    23       23      O      -33.4630  -37.1968   22.3606
  QMMM:    24       24      O      -33.2226  -39.5684   24.6942
  QMMM:    25       25      S      -36.0596  -36.2584   25.1011
  QMMM:    26       26      C      -34.5478  -36.3525   24.3277
  QMMM:    27       27      N      -33.8047  -35.2392   24.5624
  QMMM:    28       28      C      -34.4724  -34.3118   25.4040
  QMMM:    29       29      C      -35.7411  -34.7311   25.7716
  QMMM:    30       30      C      -36.6965  -34.0114   26.6221
  QMMM:    31       31      C      -37.0909  -32.6212   26.0753
  QMMM:    32       32      O      -36.7247  -31.6302   26.9627
  QMMM:    33       33      P      -38.0172  -30.7161   27.5994
  QMMM:    34       34      P      -39.8178  -33.1832   28.9252
  QMMM:    35       35      N      -30.6761  -31.8833   23.2151
  QMMM:    36       36      O      -38.6288  -30.1413   26.3660
  QMMM:    37       37      O      -39.3720  -33.3317   30.3530
  QMMM:    38       38      C      -31.0864  -31.7905   21.9133
  QMMM:    39       39      O      -37.3340  -29.7718   28.5280
  QMMM:    40       40      O      -39.3636  -34.2903   28.0028
  QMMM:    41       41      N      -31.9340  -32.6368   21.2701
  QMMM:    42       42      O      -38.8797  -31.8283   28.2791
  QMMM:    43       43      O      -41.2555  -32.7690   28.7739
  QMMM:    44       44      C      -32.4535  -33.6893   22.0060
  QMMM:    45       45      N      -33.3845  -34.5128   21.4353
  QMMM:    46       46      C      -32.0519  -33.8788   23.3823
  QMMM:    47       47      C      -31.1806  -32.9242   23.9145
  QMMM:    48       48      C      -32.4143  -35.0914   24.1740
  QMMM:    49       49      C      -30.5587  -30.6193   21.1148
  QMMM:    50       50      C      -33.8537  -33.0430   25.8446
  QMMM:    51       51      H      -37.6585  -34.5888   26.8090
  QMMM:    52       52      H      -36.2400  -33.8640   27.6420
  QMMM:    53       53      H      -36.5547  -32.4539   25.0919
  QMMM:    54       54      H      -38.2016  -32.6030   25.8923
  QMMM:    55       55      H      -33.5247  -34.4576   20.4557
  QMMM:    56       56      H      -33.5554  -35.4153   21.8728
  QMMM:    57       57      H      -30.8592  -32.9911   24.9708
  QMMM:    58       58      H      -32.1268  -36.0302   23.5834
  QMMM:    59       59      H      -31.8112  -35.1100   25.1302
  QMMM:    60       60      H      -31.1525  -29.7106   21.3819
  QMMM:    61       61      H      -30.6527  -30.8009   20.0175
  QMMM:    62       62      H      -29.4849  -30.4331   21.3575
  QMMM:    63       63      H      -32.9376  -33.2462   26.4539
  QMMM:    64       64      H      -34.6005  -32.4689   26.4667
  QMMM:    65       65      H      -33.5639  -32.4138   24.9668

           --------- Calculation Completed ----------

