            --------------------------------------------------------
                             AMBER SQM VERSION 19
 
                                     By
              Ross C. Walker, Michael F. Crowley, Scott Brozell,
                         Tim Giese, Andreas W. Goetz,
                        Tai-Sung Lee and David A. Case
 
            --------------------------------------------------------
 

--------------------------------------------------------------------------------
  QM CALCULATION INFO
--------------------------------------------------------------------------------

| QMMM: Citation for AMBER QMMM Run:
| QMMM: R.C. Walker, M.F. Crowley and D.A. Case, J. COMP. CHEM. 29:1019, 2008

QMMM: SINGLET STATE CALCULATION
QMMM: RHF CALCULATION, NO. OF DOUBLY OCCUPIED LEVELS = 81

| QMMM: *** Selected Hamiltonian *** 
| QMMM: AM1         

| QMMM: *** Parameter sets in use ***
| QMMM: C : M.J.S.DEWAR et al. JACS, 107, 3902, (1985)
| QMMM: O : M.J.S.DEWAR et al. JACS, 107, 3902, (1985)
| QMMM: H : M.J.S.DEWAR et al. JACS, 107, 3902, (1985)
| QMMM: S : M.J.S.DEWAR et al. INORG. CHEM., 29, 3881, (1990)
| QMMM: N : M.J.S.DEWAR et al. JACS, 107, 3902, (1985)
| QMMM: P : M.J.S.DEWAR et al. THEOCHEM, 187,1, (1989)

| QMMM: *** SCF convergence criteria ***
| QMMM: Energy change                :  0.1D-09 kcal/mol
| QMMM: Error matrix |FP-PF|         :  0.1D+00 au
| QMMM: Density matrix change        :  0.5D-06
| QMMM: Maximum number of SCF cycles :     1000

| QMMM: *** Diagonalization Routine Information ***
| QMMM: Pseudo diagonalizations are allowed.
| QMMM: Auto diagonalization routine selection is in use.
| QMMM:
| QMMM: Timing diagonalization routines:
| QMMM:                              norbs =      135
| QMMM:    diag iterations used for timing =       10
| QMMM:
| QMMM:              Internal diag routine = 0.041477 seconds
| QMMM:                 Dspev diag routine = 0.039354 seconds
| QMMM:                Dspevd diag routine = 0.021449 seconds
| QMMM:                Dspevx diag routine = 0.107126 seconds
| QMMM:                 Dsyev diag routine = 0.034323 seconds
| QMMM:                Dsyevd diag routine = 0.016135 seconds
| QMMM:                Dsyevr diag routine = 0.028071 seconds
| QMMM:
| QMMM:                Pseudo diag routine = 0.016235 seconds
| QMMM: Pseudo diagonalization appears to be slower than regular
| QMMM: diagonalization. Setting pseudo_diag=0 for optimum performance.
| QMMM:
| QMMM: Using dsyevd routine (diag_routine=6).

  QMMM: QM Region Cartesian Coordinates (*=link atom) 
  QMMM: QM_NO.   MM_NO.  ATOM         X         Y         Z
  QMMM:     1        1      C      -34.9190  -36.3480   22.2920
  QMMM:     2        2      O      -34.3430  -35.6740   21.2900
  QMMM:     3        3      C      -36.4320  -36.6100   22.0560
  QMMM:     4        4      H      -36.9870  -35.6710   22.0820
  QMMM:     5        5      H      -36.8220  -37.3070   22.7920
  QMMM:     6        6      H      -36.5440  -37.0530   21.0660
  QMMM:     7        7      S      -36.0840  -35.4250   24.6820
  QMMM:     8        8      C      -34.7680  -35.6580   23.6250
  QMMM:     9        9      N      -33.6740  -35.0800   24.1220
  QMMM:    10       10      C      -33.8380  -34.4780   25.3600
  QMMM:    11       11      C      -35.1040  -34.5790   25.8440
  QMMM:    12       12      C      -35.6810  -34.1640   27.1530
  QMMM:    13       13      C      -36.2940  -32.7520   27.1760
  QMMM:    14       14      O      -36.7110  -32.4830   28.4820
  QMMM:    15       15      P      -37.8750  -31.3490   28.6770
  QMMM:    16       16      P      -39.7980  -33.4820   28.3090
  QMMM:    17       17      N      -30.1040  -32.1560   23.4050
  QMMM:    18       18      O      -37.5220  -30.0950   28.0110
  QMMM:    19       19      O      -40.1920  -33.4190   29.8110
  QMMM:    20       20      C      -30.7750  -31.3680   22.5700
  QMMM:    21       21      O      -37.9920  -31.2580   30.1880
  QMMM:    22       22      O      -38.7250  -34.4970   28.0070
  QMMM:    23       23      N      -31.9140  -31.6870   21.9880
  QMMM:    24       24      O      -39.1830  -31.9580   28.0310
  QMMM:    25       25      O      -40.9890  -33.5910   27.4430
  QMMM:    26       26      C      -32.4830  -32.8780   22.2380
  QMMM:    27       27      N      -33.6630  -33.1400   21.6750
  QMMM:    28       28      C      -31.8350  -33.7780   23.1280
  QMMM:    29       29      C      -30.6390  -33.3510   23.6520
  QMMM:    30       30      C      -32.3880  -35.1310   23.4500
  QMMM:    31       31      C      -30.1950  -30.0250   22.2770
  QMMM:    32       32      C      -32.6910  -33.8480   26.0630
  QMMM:    33       33      H      -36.4990  -34.8370   27.4200
  QMMM:    34       34      H      -34.9180  -34.2080   27.9310
  QMMM:    35       35      H      -35.5630  -31.9990   26.8660
  QMMM:    36       36      H      -37.1430  -32.7170   26.4880
  QMMM:    37       37      H      -33.9810  -32.4750   20.9840
  QMMM:    38       38      H      -33.9810  -34.1310   21.5480
  QMMM:    39       39      H      -30.0610  -33.9860   24.3100
  QMMM:    40       40      H      -32.5350  -35.7170   22.5370
  QMMM:    41       41      H      -31.6880  -35.6780   24.0870
  QMMM:    42       42      H      -30.3110  -29.3880   23.1510
  QMMM:    43       43      H      -30.7050  -29.5800   21.4310
  QMMM:    44       44      H      -29.1340  -30.1240   22.0740
  QMMM:    45       45      H      -31.8410  -34.5250   26.0730
  QMMM:    46       46      H      -32.9850  -33.6050   27.0790
  QMMM:    47       47      H      -32.3860  -32.9340   25.5590
  QMMM:    48       48      H      -34.4480  -36.1540   20.3620

--------------------------------------------------------------------------------
  RESULTS
--------------------------------------------------------------------------------

      iter         sqm energy              rms gradient
      ----    -------------------    -----------------------
xmin    10     -314.0788 kcal/mol        3.7733 kcal/(mol*A)
xmin    20     -318.8678 kcal/mol        2.1366 kcal/(mol*A)
xmin    30     -361.8375 kcal/mol        0.9519 kcal/(mol*A)
xmin    40     -363.2625 kcal/mol        0.3413 kcal/(mol*A)
xmin    50     -363.5180 kcal/mol        0.0684 kcal/(mol*A)
xmin    60     -363.5424 kcal/mol        0.0192 kcal/(mol*A)
xmin    70     -363.5429 kcal/mol        0.0032 kcal/(mol*A)
xmin    80     -363.5432 kcal/mol        0.0135 kcal/(mol*A)
xmin    90     -363.5433 kcal/mol        0.0020 kcal/(mol*A)
  ... geometry converged !
 
 Final MO eigenvalues (eV):
 -34.6615  -31.9193  -30.1440  -29.9551  -28.6289  -28.0416  -26.1063  -25.7293
 -24.7307  -24.4216  -23.6317  -23.4167  -23.1261  -22.8974  -22.6246  -22.4550
 -22.3057  -20.3876  -18.5576  -18.2357  -17.5466  -16.2051  -14.1943  -12.9665
 -12.9226  -12.0927  -11.4909  -10.4422  -10.1144  -10.0902   -9.9881   -9.8855
  -9.4994   -8.9840   -8.7372   -8.6377   -8.3155   -8.2505   -7.9845   -7.7616
  -7.3290   -7.1830   -6.7396   -6.5713   -6.4039   -6.1828   -6.0945   -6.0054
  -5.9064   -5.8526   -5.3022   -5.0071   -4.9890   -4.7794   -4.6613   -4.5533
  -4.4857   -4.2592   -3.8173   -3.5329   -3.4954   -3.3083   -2.9250   -2.6247
  -2.5637   -2.2356   -2.0370   -1.7321   -1.4164   -1.1300   -1.0804   -0.9064
  -0.7649   -0.4997   -0.4222   -0.2726   -0.2441    0.0278    0.0790    0.9610
   1.8095    5.8797    6.1823    8.3406    8.4619    8.8293    9.0980    9.3176
   9.4057    9.4717    9.5205    9.6232    9.7514    9.9074   10.2029   10.4900
  10.6425   10.7497   11.0432   11.0678   11.1654   11.2942   11.5513   11.5645
  11.7390   11.8678   11.9952   12.0688   12.1863   12.2136   12.3859   12.4864
  12.6263   12.7240   12.9661   12.9876   13.1011   13.1554   13.3364   13.4632
  13.5385   13.8317   13.8524   14.1119   14.2410   14.3473   14.5695   15.1331
  15.4292   16.7168   17.1686   18.3157   18.6582   18.7098   19.3786

 Heat of formation   =       -363.54332353 kcal/mol  (      -15.76442147 eV)

 Total SCF energy    =    -136039.54265826 kcal/mol  (    -5899.11723942 eV)
 Electronic energy   =   -1038761.83449502 kcal/mol  (   -45044.09325246 eV)
 Core-core repulsion =     902722.29183676 kcal/mol  (    39144.97601304 eV)
 
    Atomic Charges for Step       1 :
  Atom    Element       Mulliken Charge
     1      C                 -0.342
     2      O                 -0.310
     3      C                 -0.104
     4      H                  0.105
     5      H                  0.018
     6      H                  0.001
     7      S                  0.863
     8      C                 -0.259
     9      N                 -0.184
    10      C                 -0.185
    11      C                 -0.337
    12      C                 -0.146
    13      C                  0.063
    14      O                 -0.757
    15      P                  2.700
    16      P                  2.767
    17      N                 -0.251
    18      O                 -1.227
    19      O                 -1.243
    20      C                  0.024
    21      O                 -1.215
    22      O                 -1.140
    23      N                 -0.274
    24      O                 -1.297
    25      O                 -1.234
    26      C                  0.181
    27      N                 -0.327
    28      C                 -0.198
    29      C                 -0.045
    30      C                  0.017
    31      C                 -0.144
    32      C                 -0.117
    33      H                  0.149
    34      H                  0.044
    35      H                  0.007
    36      H                  0.084
    37      H                  0.204
    38      H                  0.275
    39      H                  0.144
    40      H                  0.125
    41      H                  0.055
    42      H                  0.084
    43      H                  0.075
    44      H                  0.073
    45      H                  0.025
    46      H                  0.085
    47      H                  0.036
    48      H                  0.132
 Total Mulliken Charge =      -3.000
 
                  X        Y        Z     TOTAL  
  QM DIPOLE   538.846  483.042 -384.596  819.511
 
 Final Structure

  QMMM: QM Region Cartesian Coordinates (*=link atom) 
  QMMM: QM_NO.   MM_NO.  ATOM         X         Y         Z
  QMMM:     1        1      C      -35.4100  -35.8279   22.6866
  QMMM:     2        2      O      -34.4453  -36.2392   21.7625
  QMMM:     3        3      C      -36.7912  -36.1877   22.3160
  QMMM:     4        4      H      -37.5046  -35.8796   23.1221
  QMMM:     5        5      H      -36.8902  -37.2912   22.1494
  QMMM:     6        6      H      -37.0898  -35.6842   21.3583
  QMMM:     7        7      S      -36.4363  -34.8161   25.1722
  QMMM:     8        8      C      -35.1213  -35.2322   23.8907
  QMMM:     9        9      N      -33.8890  -34.8276   24.3727
  QMMM:    10       10      C      -33.9691  -34.2715   25.6836
  QMMM:    11       11      C      -35.2509  -34.2214   26.1946
  QMMM:    12       12      C      -35.5884  -33.7283   27.5476
  QMMM:    13       13      C      -35.9704  -32.2418   27.5445
  QMMM:    14       14      O      -36.6773  -31.8970   28.6898
  QMMM:    15       15      P      -38.3131  -31.6053   28.4763
  QMMM:    16       16      P      -39.0417  -34.5233   27.1926
  QMMM:    17       17      N      -29.9115  -32.4735   22.9981
  QMMM:    18       18      O      -38.3823  -30.5119   27.4765
  QMMM:    19       19      O      -38.6610  -35.5362   28.2088
  QMMM:    20       20      C      -30.6039  -31.6080   22.2017
  QMMM:    21       21      O      -38.8640  -31.3935   29.8358
  QMMM:    22       22      O      -37.9572  -34.5684   26.0125
  QMMM:    23       23      N      -31.9091  -31.7249   21.8279
  QMMM:    24       24      O      -38.7256  -33.0229   27.8429
  QMMM:    25       25      O      -40.4133  -34.5165   26.6271
  QMMM:    26       26      C      -32.6038  -32.8262   22.2866
  QMMM:    27       27      N      -33.8823  -33.0330   21.8119
  QMMM:    28       28      C      -31.9602  -33.7787   23.1624
  QMMM:    29       29      C      -30.6196  -33.5272   23.4673
  QMMM:    30       30      C      -32.6279  -35.0062   23.7265
  QMMM:    31       31      C      -29.8695  -30.3850   21.7000
  QMMM:    32       32      C      -32.7522  -33.8279   26.3926
  QMMM:    33       33      H      -36.4776  -34.3222   27.9259
  QMMM:    34       34      H      -34.7441  -33.8954   28.2645
  QMMM:    35       35      H      -35.0221  -31.6285   27.5183
  QMMM:    36       36      H      -36.5794  -32.0020   26.6277
  QMMM:    37       37      H      -34.3720  -32.2391   21.4677
  QMMM:    38       38      H      -34.4504  -33.7090   22.2861
  QMMM:    39       39      H      -30.0654  -34.2045   24.1420
  QMMM:    40       40      H      -32.7538  -35.7385   22.8742
  QMMM:    41       41      H      -31.9008  -35.4611   24.4669
  QMMM:    42       42      H      -30.1723  -29.5046   22.3184
  QMMM:    43       43      H      -30.1295  -30.1814   20.6334
  QMMM:    44       44      H      -28.7644  -30.5189   21.7810
  QMMM:    45       45      H      -32.2043  -34.6996   26.8374
  QMMM:    46       46      H      -33.0365  -33.1311   27.2200
  QMMM:    47       47      H      -32.0394  -33.2933   25.7130
  QMMM:    48       48      H      -34.4990  -35.6076   21.0304

           --------- Calculation Completed ----------

