            --------------------------------------------------------
                             AMBER SQM VERSION 19
 
                                     By
              Ross C. Walker, Michael F. Crowley, Scott Brozell,
                         Tim Giese, Andreas W. Goetz,
                        Tai-Sung Lee and David A. Case
 
            --------------------------------------------------------
 

--------------------------------------------------------------------------------
  QM CALCULATION INFO
--------------------------------------------------------------------------------

| QMMM: Citation for AMBER QMMM Run:
| QMMM: R.C. Walker, M.F. Crowley and D.A. Case, J. COMP. CHEM. 29:1019, 2008

QMMM: SINGLET STATE CALCULATION
QMMM: RHF CALCULATION, NO. OF DOUBLY OCCUPIED LEVELS =100

| QMMM: *** Selected Hamiltonian *** 
| QMMM: AM1         

| QMMM: *** Parameter sets in use ***
| QMMM: C : M.J.S.DEWAR et al. JACS, 107, 3902, (1985)
| QMMM: H : M.J.S.DEWAR et al. JACS, 107, 3902, (1985)
| QMMM: O : M.J.S.DEWAR et al. JACS, 107, 3902, (1985)
| QMMM: S : M.J.S.DEWAR et al. INORG. CHEM., 29, 3881, (1990)
| QMMM: N : M.J.S.DEWAR et al. JACS, 107, 3902, (1985)
| QMMM: P : M.J.S.DEWAR et al. THEOCHEM, 187,1, (1989)

| QMMM: *** SCF convergence criteria ***
| QMMM: Energy change                :  0.1D-09 kcal/mol
| QMMM: Error matrix |FP-PF|         :  0.1D+00 au
| QMMM: Density matrix change        :  0.5D-06
| QMMM: Maximum number of SCF cycles :     1000

| QMMM: *** Diagonalization Routine Information ***
| QMMM: Pseudo diagonalizations are allowed.
| QMMM: Auto diagonalization routine selection is in use.
| QMMM:
| QMMM: Timing diagonalization routines:
| QMMM:                              norbs =      163
| QMMM:    diag iterations used for timing =        5
| QMMM:
| QMMM:              Internal diag routine = 0.037703 seconds
| QMMM:                 Dspev diag routine = 0.037958 seconds
| QMMM:                Dspevd diag routine = 0.026446 seconds
| QMMM:                Dspevx diag routine = 0.119978 seconds
| QMMM:                 Dsyev diag routine = 0.040707 seconds
| QMMM:                Dsyevd diag routine = 0.029089 seconds
| QMMM:                Dsyevr diag routine = 0.030907 seconds
| QMMM:
| QMMM:                Pseudo diag routine = 0.016357 seconds
| QMMM:
| QMMM: Using dspevd routine (diag_routine=3).

  QMMM: QM Region Cartesian Coordinates (*=link atom) 
  QMMM: QM_NO.   MM_NO.  ATOM         X         Y         Z
  QMMM:     1        1      C      -34.5920  -37.5500   22.5780
  QMMM:     2        2      C      -34.8660  -36.1100   22.1430
  QMMM:     3        3      C      -36.2350  -36.0830   21.4900
  QMMM:     4        4      C      -37.3570  -36.1400   22.5230
  QMMM:     5        5      H      -36.3030  -36.9400   20.8110
  QMMM:     6        6      H      -36.3210  -35.1630   20.9010
  QMMM:     7        7      C      -38.7040  -36.1500   21.8480
  QMMM:     8        8      H      -37.2990  -35.2660   23.1820
  QMMM:     9        9      H      -37.2700  -37.0460   23.1330
  QMMM:    10       10      O      -33.4710  -38.0150   21.9960
  QMMM:    11       11      O      -39.7290  -36.0720   22.7260
  QMMM:    12       12      O      -35.3070  -38.1600   23.3440
  QMMM:    13       13      O      -34.1010  -35.6070   21.3250
  QMMM:    14       14      O      -38.8800  -36.2310   20.6430
  QMMM:    15       15      S      -36.2720  -34.7160   24.3470
  QMMM:    16       16      C      -34.8940  -35.2570   23.4880
  QMMM:    17       17      N      -33.7830  -34.9240   24.1600
  QMMM:    18       18      C      -34.0010  -34.3440   25.4180
  QMMM:    19       19      C      -35.3210  -34.1790   25.7170
  QMMM:    20       20      C      -35.9340  -33.8010   27.0350
  QMMM:    21       21      C      -36.3500  -32.3330   27.2100
  QMMM:    22       22      O      -36.7310  -32.1600   28.5720
  QMMM:    23       23      P      -37.9530  -31.0950   28.8900
  QMMM:    24       24      P      -39.9260  -33.3190   28.5480
  QMMM:    25       25      N      -30.0570  -32.1440   23.5990
  QMMM:    26       26      O      -37.7090  -29.7570   28.2890
  QMMM:    27       27      O      -40.1170  -33.2440   30.1020
  QMMM:    28       28      C      -30.6410  -31.3390   22.6960
  QMMM:    29       29      O      -38.0540  -31.1230   30.4270
  QMMM:    30       30      O      -38.8860  -34.3810   28.1180
  QMMM:    31       31      N      -31.7550  -31.6280   22.0360
  QMMM:    32       32      O      -39.2200  -31.7970   28.2050
  QMMM:    33       33      O      -41.1570  -33.3660   27.7150
  QMMM:    34       34      C      -32.3760  -32.8190   22.2550
  QMMM:    35       35      N      -33.4870  -33.0760   21.5700
  QMMM:    36       36      C      -31.8270  -33.7300   23.2130
  QMMM:    37       37      C      -30.6720  -33.3160   23.8290
  QMMM:    38       38      C      -32.4170  -35.0620   23.5920
  QMMM:    39       39      C      -30.0120  -30.0070   22.4190
  QMMM:    40       40      C      -32.8490  -34.0990   26.3250
  QMMM:    41       41      H      -36.8260  -34.4040   27.2360
  QMMM:    42       42      H      -35.2070  -34.0360   27.8210
  QMMM:    43       43      H      -35.5180  -31.6540   26.9910
  QMMM:    44       44      H      -37.1790  -32.0970   26.5310
  QMMM:    45       45      H      -33.8070  -32.3690   20.9160
  QMMM:    46       46      H      -33.8150  -34.0880   21.4480
  QMMM:    47       47      H      -30.1990  -33.9640   24.5680
  QMMM:    48       48      H      -32.5130  -35.7450   22.7470
  QMMM:    49       49      H      -31.7820  -35.5340   24.3480
  QMMM:    50       50      H      -30.0160  -29.3950   23.3260
  QMMM:    51       51      H      -30.5450  -29.4810   21.6270
  QMMM:    52       52      H      -28.9650  -30.1280   22.1320
  QMMM:    53       53      H      -32.2550  -35.0140   26.4320
  QMMM:    54       54      H      -33.2130  -33.8000   27.3080
  QMMM:    55       55      H      -32.1910  -33.3070   25.9540

--------------------------------------------------------------------------------
  RESULTS
--------------------------------------------------------------------------------

      iter         sqm energy              rms gradient
      ----    -------------------    -----------------------
xmin    10     -269.7778 kcal/mol        2.2361 kcal/(mol*A)
xmin    20     -281.0735 kcal/mol        0.6127 kcal/(mol*A)
xmin    30     -283.9716 kcal/mol        1.8063 kcal/(mol*A)
xmin    40     -288.0022 kcal/mol        1.5284 kcal/(mol*A)
xmin    50     -291.9734 kcal/mol        0.9152 kcal/(mol*A)
xmin    60     -294.4586 kcal/mol        0.9316 kcal/(mol*A)
xmin    70     -295.7023 kcal/mol        0.7814 kcal/(mol*A)
xmin    80     -296.4284 kcal/mol        0.4469 kcal/(mol*A)
xmin    90     -296.7690 kcal/mol        0.1536 kcal/(mol*A)
xmin   100     -296.8621 kcal/mol        0.0718 kcal/(mol*A)
xmin   110     -296.8900 kcal/mol        0.0108 kcal/(mol*A)
xmin   120     -296.8918 kcal/mol        0.0071 kcal/(mol*A)
xmin   130     -296.8920 kcal/mol        0.0021 kcal/(mol*A)
xmin   140     -296.8920 kcal/mol        0.0006 kcal/(mol*A)
  ... geometry converged !
 
 Final MO eigenvalues (eV):
 -31.7744  -29.8774  -29.2705  -26.9966  -26.7650  -26.1980  -25.3981  -24.5211
 -24.0405  -23.8811  -22.9481  -22.6597  -21.8129  -20.7971  -20.6961  -20.0977
 -19.4182  -19.1138  -18.9911  -18.1989  -18.0122  -17.4728  -17.4652  -15.7383
 -14.5442  -13.7417  -13.2905  -12.6165  -11.7324  -10.4074  -10.0508   -9.3999
  -8.9024   -8.5691   -8.0691   -7.4589   -7.2368   -6.7624   -6.3873   -6.2650
  -6.2093   -5.9198   -5.3199   -5.1127   -5.0143   -4.9178   -4.8751   -4.7097
  -4.6812   -4.5540   -4.3927   -4.2830   -4.1931   -4.1119   -3.8963   -3.8016
  -3.6574   -3.4627   -3.2779   -3.0547   -3.0062   -2.7440   -2.4594   -2.3412
  -2.1771   -2.0218   -1.8673   -1.3998   -1.2849   -1.1547   -0.9802   -0.7622
  -0.6876   -0.6513   -0.4788   -0.1457   -0.1191    0.2807    0.3271    0.5462
   0.8940    0.9271    0.9576    1.1179    1.1531    1.4726    1.5979    1.8986
   2.0529    2.4467    2.5387    2.7522    3.0948    3.1821    3.6537    4.4259
   4.4367    4.4882    4.5771    4.5793    8.8418    9.4482    9.9388   10.0185
  10.1660   10.8528   10.9933   12.4381   12.4721   12.5228   12.6813   12.7781
  13.0434   13.0823   13.2654   13.3042   13.4197   13.5584   13.5976   13.7112
  13.7646   13.8166   13.9246   13.9348   14.1429   14.2181   14.2856   14.3359
  14.3982   14.5014   14.6636   14.7479   14.7908   14.8570   14.8862   15.0411
  15.1160   15.2085   15.2347   15.3231   15.5113   15.5876   15.6094   15.6207
  16.0762   16.0936   16.2985   16.3374   16.4759   17.0401   17.3771   17.7561
  17.8541   18.5534   18.8454   19.1799   19.2966   20.2010   21.1128   22.0800
  22.6042   23.4978   23.5101

 Heat of formation   =       -296.89198426 kcal/mol  (      -12.87420252 eV)

 Total SCF energy    =    -174240.48051817 kcal/mol  (    -7555.63421006 eV)
 Electronic energy   =   -1353900.23385688 kcal/mol  (   -58709.51970239 eV)
 Core-core repulsion =    1179659.75333871 kcal/mol  (    51153.88549233 eV)
 
    Atomic Charges for Step       1 :
  Atom    Element       Mulliken Charge
     1      C                  0.356
     2      C                  0.040
     3      C                 -0.156
     4      C                 -0.200
     5      H                  0.088
     6      H                  0.093
     7      C                  0.322
     8      H                  0.091
     9      H                  0.072
    10      O                 -0.558
    11      O                 -0.638
    12      O                 -0.547
    13      O                 -0.292
    14      O                 -0.600
    15      S                  0.656
    16      C                 -0.235
    17      N                 -0.002
    18      C                 -0.058
    19      C                 -0.328
    20      C                 -0.174
    21      C                  0.101
    22      O                 -0.729
    23      P                  2.684
    24      P                  2.659
    25      N                 -0.365
    26      O                 -1.246
    27      O                 -1.283
    28      C                  0.046
    29      O                 -1.245
    30      O                 -1.283
    31      N                 -0.353
    32      O                 -1.274
    33      O                 -1.288
    34      C                  0.129
    35      N                 -0.383
    36      C                 -0.309
    37      C                 -0.004
    38      C                  0.034
    39      C                 -0.140
    40      C                 -0.164
    41      H                  0.118
    42      H                  0.114
    43      H                  0.007
    44      H                  0.072
    45      H                  0.099
    46      H                  0.204
    47      H                  0.110
    48      H                  0.186
    49      H                  0.085
    50      H                  0.064
    51      H                  0.060
    52      H                  0.049
    53      H                  0.069
    54      H                  0.140
    55      H                  0.110
 Total Mulliken Charge =      -5.000
 
                  X        Y        Z     TOTAL  
  QM DIPOLE   885.698  799.107 -634.838 1351.315
 
 Final Structure

  QMMM: QM Region Cartesian Coordinates (*=link atom) 
  QMMM: QM_NO.   MM_NO.  ATOM         X         Y         Z
  QMMM:     1        1      C      -34.6810  -37.6522   22.6797
  QMMM:     2        2      C      -35.2123  -36.2578   22.1308
  QMMM:     3        3      C      -36.5871  -36.3774   21.4522
  QMMM:     4        4      C      -36.5207  -37.2146   20.1928
  QMMM:     5        5      H      -36.9735  -35.3567   21.1906
  QMMM:     6        6      H      -37.2971  -36.8533   22.1784
  QMMM:     7        7      C      -37.7032  -37.0463   19.2376
  QMMM:     8        8      H      -36.4329  -38.2946   20.4783
  QMMM:     9        9      H      -35.5970  -36.9440   19.6156
  QMMM:    10       10      O      -33.4369  -37.7845   22.8203
  QMMM:    11       11      O      -37.9152  -37.9737   18.3895
  QMMM:    12       12      O      -35.5355  -38.5251   22.9777
  QMMM:    13       13      O      -34.2481  -35.8015   21.2032
  QMMM:    14       14      O      -38.4185  -36.0003   19.2609
  QMMM:    15       15      S      -36.7845  -35.0569   24.1126
  QMMM:    16       16      C      -35.3072  -35.3424   23.3389
  QMMM:    17       17      N      -34.2634  -34.7719   24.0006
  QMMM:    18       18      C      -34.6909  -34.1296   25.1847
  QMMM:    19       19      C      -36.0623  -34.2278   25.3942
  QMMM:    20       20      C      -36.8050  -33.8257   26.6015
  QMMM:    21       21      C      -36.8880  -32.3067   26.9034
  QMMM:    22       22      O      -36.9874  -32.0960   28.2559
  QMMM:    23       23      P      -38.5273  -31.5236   28.7908
  QMMM:    24       24      P      -38.3257  -30.7790   32.0363
  QMMM:    25       25      N      -29.9170  -32.6692   24.1758
  QMMM:    26       26      O      -39.3681  -32.7145   28.4771
  QMMM:    27       27      O      -37.3061  -29.6787   32.1603
  QMMM:    28       28      C      -30.1692  -31.7796   23.1489
  QMMM:    29       29      O      -38.7088  -30.3310   27.9142
  QMMM:    30       30      O      -37.9456  -32.0460   32.7545
  QMMM:    31       31      N      -31.2193  -31.7606   22.3223
  QMMM:    32       32      O      -38.3310  -31.2132   30.3062
  QMMM:    33       33      O      -39.7426  -30.3320   32.2876
  QMMM:    34       34      C      -32.2274  -32.7555   22.4920
  QMMM:    35       35      N      -33.3205  -32.8042   21.7664
  QMMM:    36       36      C      -31.9957  -33.7624   23.5435
  QMMM:    37       37      C      -30.8614  -33.6282   24.3286
  QMMM:    38       38      C      -32.8514  -34.9678   23.6715
  QMMM:    39       39      C      -29.1185  -30.7010   22.9590
  QMMM:    40       40      C      -33.7503  -33.4419   26.0961
  QMMM:    41       41      H      -37.8592  -34.2131   26.5560
  QMMM:    42       42      H      -36.3165  -34.3078   27.4945
  QMMM:    43       43      H      -35.9410  -31.8273   26.5157
  QMMM:    44       44      H      -37.7699  -31.8692   26.3575
  QMMM:    45       45      H      -33.3942  -32.0784   21.0850
  QMMM:    46       46      H      -34.5581  -34.9467   20.8745
  QMMM:    47       47      H      -30.6619  -34.3460   25.1461
  QMMM:    48       48      H      -32.8127  -35.5613   22.7035
  QMMM:    49       49      H      -32.4475  -35.6348   24.4926
  QMMM:    50       50      H      -29.0859  -30.0533   23.8682
  QMMM:    51       51      H      -29.3428  -30.0604   22.0729
  QMMM:    52       52      H      -28.1144  -31.1682   22.8149
  QMMM:    53       53      H      -32.8742  -34.0954   26.3357
  QMMM:    54       54      H      -34.2875  -33.1693   27.0424
  QMMM:    55       55      H      -33.3678  -32.5068   25.6133

           --------- Calculation Completed ----------

